 Service website  Building
#0 building with "default" instance using docker driver

#1 [website internal] load build definition from Dockerfile
#1 transferring dockerfile: 1.12kB done
#1 DONE 0.0s

#2 [website internal] load metadata for docker.io/library/ruby:2.6.6-buster
#2 DONE 0.0s

#3 [website internal] load .dockerignore
#3 transferring context: 2B done
#3 DONE 0.0s

#4 [website  1/13] FROM docker.io/library/ruby:2.6.6-buster
#4 DONE 0.0s

#5 [website internal] load build context
 Service website  Built
#5 transferring context: 324.49kB 0.1s done
#5 DONE 0.1s

#6 [website  3/13] RUN wget https://cloud.r-project.org/src/base/R-3/R-3.4.1.tar.gz &&     tar -xf R-3.4.1.tar.gz &&     cd R-3.4.1 &&     ./configure --enable-R-shlib &&     make && make install &&     cd .. && rm -rf R-3.4.1*
#6 CACHED

#7 [website 12/13] RUN bundle install
#7 CACHED

#8 [website  8/13] RUN touch /mimetypes
#8 CACHED

#9 [website  9/13] WORKDIR /opt/asap-old
#9 CACHED

#10 [website  6/13] RUN Rscript install_packages.R
#10 CACHED

#11 [website 10/13] COPY src/Gemfile .
#11 CACHED

#12 [website 11/13] RUN gem update --system 3.3.22
#12 CACHED

#13 [website  7/13] RUN R -e "installed.packages()[, 'Package']"
#13 CACHED

#14 [website  2/13] RUN apt-get update -qq && apt-get install -y --no-install-recommends  build-essential   libpq-dev   nodejs   npm   wget   ca-certificates   libcurl4-openssl-dev   libxml2-dev   libssl-dev   libjpeg-dev   libpng-dev   libbz2-dev   liblzma-dev   libpcre2-dev   gfortran   libreadline-dev   zlib1g-dev   python2.7-dev   && apt-get clean && rm -rf /var/lib/apt/lists/*
#14 CACHED

#15 [website  5/13] RUN mkdir log
#15 CACHED

#16 [website  4/13] COPY install_packages.R .
#16 CACHED

#17 [website 13/13] COPY src/. .
#17 CACHED

#18 [website] exporting to image
#18 exporting layers done
#18 writing image sha256:a521fd41c2ca9460fcf0ef5a1f462c1b484a2e9bd7a6cbba56fd398d1ef0fdcf done
#18 naming to docker.io/library/asap_old-website done
#18 DONE 0.0s

#19 [website] resolving provenance for metadata file
#19 DONE 0.0s
