#
# There is insufficient memory for the Java Runtime Environment to continue.
# Native memory allocation (mmap) failed to map 1056964608 bytes for committing reserved memory.
# Possible reasons:
#   The system is out of physical RAM or swap space
#   In 32 bit mode, the process size limit was hit
# Possible solutions:
#   Reduce memory load on the system
#   Increase physical memory or swap space
#   Check if swap backing store is full
#   Use 64 bit Java on a 64 bit OS
#   Decrease Java heap size (-Xmx/-Xms)
#   Decrease number of Java threads
#   Decrease Java thread stack sizes (-Xss)
#   Set larger code cache with -XX:ReservedCodeCacheSize=
# This output file may be truncated or incomplete.
#
#  Out of Memory Error (os_linux.cpp:2638), pid=15828, tid=0x00007f5304dcd700
#
# JRE version: OpenJDK Runtime Environment (8.0_111-b15) (build 1.8.0_111-b15)
# Java VM: OpenJDK 64-Bit Server VM (25.111-b15 mixed mode linux-amd64 compressed oops)
# Failed to write core dump. Core dumps have been disabled. To enable core dumping, try "ulimit -c unlimited" before starting Java again
#

---------------  T H R E A D  ---------------

Current thread (0x00007f536847e800):  VMThread [stack: 0x00007f5304ccd000,0x00007f5304dce000] [id=15858]

Stack: [0x00007f5304ccd000,0x00007f5304dce000],  sp=0x00007f5304dcc460,  free space=1021k
Native frames: (J=compiled Java code, j=interpreted, Vv=VM code, C=native code)
V  [libjvm.so+0xa12cdd]
V  [libjvm.so+0x4c705a]
V  [libjvm.so+0x873c50]
V  [libjvm.so+0x86e34e]
V  [libjvm.so+0x8e5c2b]
V  [libjvm.so+0x8e6900]
V  [libjvm.so+0x8e6c5b]
V  [libjvm.so+0x8e31cc]
V  [libjvm.so+0x8e39a8]
V  [libjvm.so+0x897713]
V  [libjvm.so+0xa14933]
V  [libjvm.so+0xa18ef7]
V  [libjvm.so+0xa178e8]
V  [libjvm.so+0xa17db9]
V  [libjvm.so+0xa18211]
V  [libjvm.so+0x871082]

VM_Operation (0x00007f537199d5d0): ParallelGCFailedAllocation, mode: safepoint, requested by thread 0x00007f5368009000


---------------  P R O C E S S  ---------------

Java Threads: ( => current thread )
  0x00007f53684f7800 JavaThread "Service Thread" daemon [_thread_blocked, id=15877, stack(0x00007f52ff8f9000,0x00007f52ff9fa000)]
  0x00007f53684ea800 JavaThread "C1 CompilerThread14" daemon [_thread_blocked, id=15876, stack(0x00007f52ff9fa000,0x00007f52ffafb000)]
  0x00007f53684e8800 JavaThread "C1 CompilerThread13" daemon [_thread_blocked, id=15875, stack(0x00007f52ffafb000,0x00007f52ffbfc000)]
  0x00007f53684e6000 JavaThread "C1 CompilerThread12" daemon [_thread_blocked, id=15874, stack(0x00007f52ffbfc000,0x00007f52ffcfd000)]
  0x00007f53684e4000 JavaThread "C1 CompilerThread11" daemon [_thread_blocked, id=15873, stack(0x00007f52ffcfd000,0x00007f52ffdfe000)]
  0x00007f53684e1800 JavaThread "C1 CompilerThread10" daemon [_thread_blocked, id=15872, stack(0x00007f52ffdfe000,0x00007f52ffeff000)]
  0x00007f53684df800 JavaThread "C2 CompilerThread9" daemon [_thread_blocked, id=15871, stack(0x00007f52ffeff000,0x00007f5300000000)]
  0x00007f53684dd800 JavaThread "C2 CompilerThread8" daemon [_thread_blocked, id=15870, stack(0x00007f53040c1000,0x00007f53041c2000)]
  0x00007f53684db000 JavaThread "C2 CompilerThread7" daemon [_thread_blocked, id=15869, stack(0x00007f53041c2000,0x00007f53042c3000)]
  0x00007f53684d9000 JavaThread "C2 CompilerThread6" daemon [_thread_blocked, id=15868, stack(0x00007f53042c3000,0x00007f53043c4000)]
  0x00007f53684d7000 JavaThread "C2 CompilerThread5" daemon [_thread_blocked, id=15867, stack(0x00007f53043c4000,0x00007f53044c5000)]
  0x00007f53684cc800 JavaThread "C2 CompilerThread4" daemon [_thread_blocked, id=15866, stack(0x00007f53044c5000,0x00007f53045c6000)]
  0x00007f53684ca800 JavaThread "C2 CompilerThread3" daemon [_thread_blocked, id=15865, stack(0x00007f53045c6000,0x00007f53046c7000)]
  0x00007f53684c8000 JavaThread "C2 CompilerThread2" daemon [_thread_blocked, id=15864, stack(0x00007f53046c7000,0x00007f53047c8000)]
  0x00007f53684c6800 JavaThread "C2 CompilerThread1" daemon [_thread_blocked, id=15863, stack(0x00007f53047c8000,0x00007f53048c9000)]
  0x00007f53684b9000 JavaThread "C2 CompilerThread0" daemon [_thread_blocked, id=15862, stack(0x00007f53048c9000,0x00007f53049ca000)]
  0x00007f53684b7000 JavaThread "Signal Dispatcher" daemon [_thread_blocked, id=15861, stack(0x00007f53049ca000,0x00007f5304acb000)]
  0x00007f536848d000 JavaThread "Finalizer" daemon [_thread_blocked, id=15860, stack(0x00007f5304acb000,0x00007f5304bcc000)]
  0x00007f5368488000 JavaThread "Reference Handler" daemon [_thread_blocked, id=15859, stack(0x00007f5304bcc000,0x00007f5304ccd000)]
  0x00007f5368009000 JavaThread "main" [_thread_blocked, id=15829, stack(0x00007f537189e000,0x00007f537199f000)]

Other Threads:
=>0x00007f536847e800 VMThread [stack: 0x00007f5304ccd000,0x00007f5304dce000] [id=15858]
  0x00007f53684fa000 WatcherThread [stack: 0x00007f52ff7f8000,0x00007f52ff8f9000] [id=15878]

VM state:at safepoint (normal execution)

VM Mutex/Monitor currently owned by a thread:  ([mutex/lock_event])
[0x00007f53680063c0] Threads_lock - owner thread: 0x00007f536847e800
[0x00007f53680068c0] Heap_lock - owner thread: 0x00007f5368009000

Heap:
 PSYoungGen      total 1081344K, used 452K [0x0000000719e00000, 0x000000075f200000, 0x00000007c0000000)
  eden space 1028096K, 0% used [0x0000000719e00000,0x0000000719e00000,0x0000000758a00000)
  from space 53248K, 0% used [0x0000000758a00000,0x0000000758a71290,0x000000075be00000)
  to   space 50688K, 0% used [0x000000075c080000,0x000000075c080000,0x000000075f200000)
 ParOldGen       total 341504K, used 56913K [0x00000005cda00000, 0x00000005e2780000, 0x0000000719e00000)
  object space 341504K, 16% used [0x00000005cda00000,0x00000005d11947a0,0x00000005e2780000)
 Metaspace       used 6019K, capacity 6128K, committed 6272K, reserved 1056768K
  class space    used 557K, capacity 592K, committed 640K, reserved 1048576K

Card table byte_map: [0x00007f536d6b4000,0x00007f536e648000] byte_map_base: 0x00007f536a847000

Marking Bits: (ParMarkBitMap*) 0x00007f5370b77320
 Begin Bits: [0x00007f52b06d0000, 0x00007f52b8368000)
 End Bits:   [0x00007f52b8368000, 0x00007f52c0000000)

Polling page: 0x00007f53719ba000

CodeCache: size=245760Kb used=4720Kb max_used=4732Kb free=241039Kb
 bounds [0x00007f5359000000, 0x00007f53594b0000, 0x00007f5368000000]
 total_blobs=698 nmethods=402 adapters=207
 compilation: enabled

Compilation events (10 events):
Event: 1.606 Thread 0x00007f53684ea800 nmethod 391 0x00007f5359497210 code [0x00007f5359497440, 0x00007f5359498108]
Event: 1.606 Thread 0x00007f53684e1800 nmethod 396 0x00007f5359499f50 code [0x00007f535949a140, 0x00007f535949a9f8]
Event: 1.606 Thread 0x00007f53684e4000 nmethod 398 0x00007f535949ae10 code [0x00007f535949afe0, 0x00007f535949b878]
Event: 1.610 Thread 0x00007f53684b9000 nmethod 388 0x00007f535949eb90 code [0x00007f535949ed00, 0x00007f535949f178]
Event: 1.658 Thread 0x00007f53684c8000  400       4       java.lang.StringBuilder::toString (17 bytes)
Event: 1.663 Thread 0x00007f53684c8000 nmethod 400 0x00007f535949f550 code [0x00007f535949f6c0, 0x00007f535949fa58]
Event: 1.758 Thread 0x00007f53684cc800  401       4       java.lang.StringBuilder::<init> (18 bytes)
Event: 1.758 Thread 0x00007f53684ca800  402       4       java.lang.String::valueOf (14 bytes)
Event: 1.759 Thread 0x00007f53684ca800 nmethod 402 0x00007f5359495ed0 code [0x00007f5359496020, 0x00007f5359496098]
Event: 1.766 Thread 0x00007f53684cc800 nmethod 401 0x00007f535949cc10 code [0x00007f535949cd80, 0x00007f535949d2c8]

GC Heap History (10 events):
Event: 1.652 GC heap after
Heap after GC invocations=2 (full 0):
 PSYoungGen      total 278016K, used 20987K [0x0000000719e00000, 0x000000072c200000, 0x00000007c0000000)
  eden space 257024K, 0% used [0x0000000719e00000,0x0000000719e00000,0x0000000729900000)
  from space 20992K, 99% used [0x000000072ad80000,0x000000072c1fec00,0x000000072c200000)
  to   space 20992K, 0% used [0x0000000729900000,0x0000000729900000,0x000000072ad80000)
 ParOldGen       total 341504K, used 35778K [0x00000005cda00000, 0x00000005e2780000, 0x0000000719e00000)
  object space 341504K, 10% used [0x00000005cda00000,0x00000005cfcf0bc0,0x00000005e2780000)
 Metaspace       used 6019K, capacity 6128K, committed 6272K, reserved 1056768K
  class space    used 557K, capacity 592K, committed 640K, reserved 1048576K
}
Event: 1.741 GC heap before
{Heap before GC invocations=3 (full 0):
 PSYoungGen      total 278016K, used 278011K [0x0000000719e00000, 0x000000072c200000, 0x00000007c0000000)
  eden space 257024K, 100% used [0x0000000719e00000,0x0000000729900000,0x0000000729900000)
  from space 20992K, 99% used [0x000000072ad80000,0x000000072c1fec00,0x000000072c200000)
  to   space 20992K, 0% used [0x0000000729900000,0x0000000729900000,0x000000072ad80000)
 ParOldGen       total 341504K, used 35778K [0x00000005cda00000, 0x00000005e2780000, 0x0000000719e00000)
  object space 341504K, 10% used [0x00000005cda00000,0x00000005cfcf0bc0,0x00000005e2780000)
 Metaspace       used 6019K, capacity 6128K, committed 6272K, reserved 1056768K
  class space    used 557K, capacity 592K, committed 640K, reserved 1048576K
Event: 1.755 GC heap after
Heap after GC invocations=3 (full 0):
 PSYoungGen      total 278016K, used 20985K [0x0000000719e00000, 0x000000073bd00000, 0x00000007c0000000)
  eden space 257024K, 0% used [0x0000000719e00000,0x0000000719e00000,0x0000000729900000)
  from space 20992K, 99% used [0x0000000729900000,0x000000072ad7e770,0x000000072ad80000)
  to   space 20992K, 0% used [0x000000073a880000,0x000000073a880000,0x000000073bd00000)
 ParOldGen       total 341504K, used 35866K [0x00000005cda00000, 0x00000005e2780000, 0x0000000719e00000)
  object space 341504K, 10% used [0x00000005cda00000,0x00000005cfd06bc0,0x00000005e2780000)
 Metaspace       used 6019K, capacity 6128K, committed 6272K, reserved 1056768K
  class space    used 557K, capacity 592K, committed 640K, reserved 1048576K
}
Event: 1.809 GC heap before
{Heap before GC invocations=4 (full 0):
 PSYoungGen      total 278016K, used 278009K [0x0000000719e00000, 0x000000073bd00000, 0x00000007c0000000)
  eden space 257024K, 100% used [0x0000000719e00000,0x0000000729900000,0x0000000729900000)
  from space 20992K, 99% used [0x0000000729900000,0x000000072ad7e770,0x000000072ad80000)
  to   space 20992K, 0% used [0x000000073a880000,0x000000073a880000,0x000000073bd00000)
 ParOldGen       total 341504K, used 35866K [0x00000005cda00000, 0x00000005e2780000, 0x0000000719e00000)
  object space 341504K, 10% used [0x00000005cda00000,0x00000005cfd06bc0,0x00000005e2780000)
 Metaspace       used 6019K, capacity 6128K, committed 6272K, reserved 1056768K
  class space    used 557K, capacity 592K, committed 640K, reserved 1048576K
Event: 1.821 GC heap after
Heap after GC invocations=4 (full 0):
 PSYoungGen      total 535040K, used 20979K [0x0000000719e00000, 0x000000073bd00000, 0x00000007c0000000)
  eden space 514048K, 0% used [0x0000000719e00000,0x0000000719e00000,0x0000000739400000)
  from space 20992K, 99% used [0x000000073a880000,0x000000073bcfcc30,0x000000073bd00000)
  to   space 20992K, 0% used [0x0000000739400000,0x0000000739400000,0x000000073a880000)
 ParOldGen       total 341504K, used 36018K [0x00000005cda00000, 0x00000005e2780000, 0x0000000719e00000)
  object space 341504K, 10% used [0x00000005cda00000,0x00000005cfd2cbc0,0x00000005e2780000)
 Metaspace       used 6019K, capacity 6128K, committed 6272K, reserved 1056768K
  class space    used 557K, capacity 592K, committed 640K, reserved 1048576K
}
Event: 2.004 GC heap before
{Heap before GC invocations=5 (full 0):
 PSYoungGen      total 535040K, used 535027K [0x0000000719e00000, 0x000000073bd00000, 0x00000007c0000000)
  eden space 514048K, 100% used [0x0000000719e00000,0x0000000739400000,0x0000000739400000)
  from space 20992K, 99% used [0x000000073a880000,0x000000073bcfcc30,0x000000073bd00000)
  to   space 20992K, 0% used [0x0000000739400000,0x0000000739400000,0x000000073a880000)
 ParOldGen       total 341504K, used 36018K [0x00000005cda00000, 0x00000005e2780000, 0x0000000719e00000)
  object space 341504K, 10% used [0x00000005cda00000,0x00000005cfd2cbc0,0x00000005e2780000)
 Metaspace       used 6019K, capacity 6128K, committed 6272K, reserved 1056768K
  class space    used 557K, capacity 592K, committed 640K, reserved 1048576K
Event: 2.018 GC heap after
Heap after GC invocations=5 (full 0):
 PSYoungGen      total 535040K, used 20973K [0x0000000719e00000, 0x000000075f700000, 0x00000007c0000000)
  eden space 514048K, 0% used [0x0000000719e00000,0x0000000719e00000,0x0000000739400000)
  from space 20992K, 99% used [0x0000000739400000,0x000000073a87b6f8,0x000000073a880000)
  to   space 55808K, 0% used [0x000000075c080000,0x000000075c080000,0x000000075f700000)
 ParOldGen       total 341504K, used 36114K [0x00000005cda00000, 0x00000005e2780000, 0x0000000719e00000)
  object space 341504K, 10% used [0x00000005cda00000,0x00000005cfd44bc0,0x00000005e2780000)
 Metaspace       used 6019K, capacity 6128K, committed 6272K, reserved 1056768K
  class space    used 557K, capacity 592K, committed 640K, reserved 1048576K
}
Event: 2.131 GC heap before
{Heap before GC invocations=6 (full 0):
 PSYoungGen      total 535040K, used 535021K [0x0000000719e00000, 0x000000075f700000, 0x00000007c0000000)
  eden space 514048K, 100% used [0x0000000719e00000,0x0000000739400000,0x0000000739400000)
  from space 20992K, 99% used [0x0000000739400000,0x000000073a87b6f8,0x000000073a880000)
  to   space 55808K, 0% used [0x000000075c080000,0x000000075c080000,0x000000075f700000)
 ParOldGen       total 341504K, used 36114K [0x00000005cda00000, 0x00000005e2780000, 0x0000000719e00000)
  object space 341504K, 10% used [0x00000005cda00000,0x00000005cfd44bc0,0x00000005e2780000)
 Metaspace       used 6019K, capacity 6128K, committed 6272K, reserved 1056768K
  class space    used 557K, capacity 592K, committed 640K, reserved 1048576K
Event: 2.143 GC heap after
Heap after GC invocations=6 (full 0):
 PSYoungGen      total 1078784K, used 21222K [0x0000000719e00000, 0x000000075f200000, 0x00000007c0000000)
  eden space 1028096K, 0% used [0x0000000719e00000,0x0000000719e00000,0x0000000758a00000)
  from space 50688K, 41% used [0x000000075c080000,0x000000075d539a50,0x000000075f200000)
  to   space 53248K, 0% used [0x0000000758a00000,0x0000000758a00000,0x000000075be00000)
 ParOldGen       total 341504K, used 36114K [0x00000005cda00000, 0x00000005e2780000, 0x0000000719e00000)
  object space 341504K, 10% used [0x00000005cda00000,0x00000005cfd44bc0,0x00000005e2780000)
 Metaspace       used 6019K, capacity 6128K, committed 6272K, reserved 1056768K
  class space    used 557K, capacity 592K, committed 640K, reserved 1048576K
}
Event: 2.605 GC heap before
{Heap before GC invocations=7 (full 0):
 PSYoungGen      total 1078784K, used 1049318K [0x0000000719e00000, 0x000000075f200000, 0x00000007c0000000)
  eden space 1028096K, 100% used [0x0000000719e00000,0x0000000758a00000,0x0000000758a00000)
  from space 50688K, 41% used [0x000000075c080000,0x000000075d539a50,0x000000075f200000)
  to   space 53248K, 0% used [0x0000000758a00000,0x0000000758a00000,0x000000075be00000)
 ParOldGen       total 341504K, used 36114K [0x00000005cda00000, 0x00000005e2780000, 0x0000000719e00000)
  object space 341504K, 10% used [0x00000005cda00000,0x00000005cfd44bc0,0x00000005e2780000)
 Metaspace       used 6019K, capacity 6128K, committed 6272K, reserved 1056768K
  class space    used 557K, capacity 592K, committed 640K, reserved 1048576K

Deoptimization events (7 events):
Event: 1.261 Thread 0x00007f5368009000 Uncommon trap: reason=unstable_if action=reinterpret pc=0x00007f535942f050 method=java.util.HashMap.getNode(ILjava/lang/Object;)Ljava/util/HashMap$Node; @ 62
Event: 1.265 Thread 0x00007f5368009000 Uncommon trap: reason=unstable_if action=reinterpret pc=0x00007f535942ba2c method=java.util.HashMap.getNode(ILjava/lang/Object;)Ljava/util/HashMap$Node; @ 62
Event: 1.430 Thread 0x00007f5368009000 Uncommon trap: reason=unstable_if action=reinterpret pc=0x00007f5359438cb4 method=org.postgresql.jdbc.PgResultSet.next()Z @ 46
Event: 1.481 Thread 0x00007f5368009000 Uncommon trap: reason=unstable_if action=reinterpret pc=0x00007f535947e2d4 method=java.util.regex.Pattern$Start.match(Ljava/util/regex/Matcher;ILjava/lang/CharSequence;)Z @ 34
Event: 1.518 Thread 0x00007f5368009000 Uncommon trap: reason=unstable_if action=reinterpret pc=0x00007f535946a4bc method=java.util.ArrayList$SubList$1.hasNext()Z @ 11
Event: 1.532 Thread 0x00007f5368009000 Uncommon trap: reason=unstable_if action=reinterpret pc=0x00007f535947b884 method=java.util.regex.Matcher.search(I)Z @ 30
Event: 1.544 Thread 0x00007f5368009000 Uncommon trap: reason=unstable_if action=reinterpret pc=0x00007f535947c6c0 method=java.util.regex.Pattern$Start.match(Ljava/util/regex/Matcher;ILjava/lang/CharSequence;)Z @ 34

Internal exceptions (8 events):
Event: 0.244 Thread 0x00007f5368009000 Exception <a 'java/lang/NoSuchMethodError': Method sun.misc.Unsafe.defineClass(Ljava/lang/String;[BII)Ljava/lang/Class; name or signature does not match> (0x0000000719e07c78) thrown at [/builddir/build/BUILD/java-1.8.0-openjdk-1.8.0.111-1.b15.el7_2.x86_64
Event: 0.244 Thread 0x00007f5368009000 Exception <a 'java/lang/NoSuchMethodError': Method sun.misc.Unsafe.prefetchRead(Ljava/lang/Object;J)V name or signature does not match> (0x0000000719e07f60) thrown at [/builddir/build/BUILD/java-1.8.0-openjdk-1.8.0.111-1.b15.el7_2.x86_64/openjdk/hotspot/s
Event: 0.697 Thread 0x00007f5368009000 Exception <a 'java/security/PrivilegedActionException'> (0x0000000719ef4fd0) thrown at [/builddir/build/BUILD/java-1.8.0-openjdk-1.8.0.111-1.b15.el7_2.x86_64/openjdk/hotspot/src/share/vm/prims/jvm.cpp, line 1396]
Event: 0.697 Thread 0x00007f5368009000 Exception <a 'java/security/PrivilegedActionException'> (0x0000000719ef53c8) thrown at [/builddir/build/BUILD/java-1.8.0-openjdk-1.8.0.111-1.b15.el7_2.x86_64/openjdk/hotspot/src/share/vm/prims/jvm.cpp, line 1396]
Event: 0.698 Thread 0x00007f5368009000 Exception <a 'java/security/PrivilegedActionException'> (0x0000000719ef8068) thrown at [/builddir/build/BUILD/java-1.8.0-openjdk-1.8.0.111-1.b15.el7_2.x86_64/openjdk/hotspot/src/share/vm/prims/jvm.cpp, line 1396]
Event: 0.698 Thread 0x00007f5368009000 Exception <a 'java/security/PrivilegedActionException'> (0x0000000719ef8460) thrown at [/builddir/build/BUILD/java-1.8.0-openjdk-1.8.0.111-1.b15.el7_2.x86_64/openjdk/hotspot/src/share/vm/prims/jvm.cpp, line 1396]
Event: 0.698 Thread 0x00007f5368009000 Exception <a 'java/security/PrivilegedActionException'> (0x0000000719ef9520) thrown at [/builddir/build/BUILD/java-1.8.0-openjdk-1.8.0.111-1.b15.el7_2.x86_64/openjdk/hotspot/src/share/vm/prims/jvm.cpp, line 1396]
Event: 0.698 Thread 0x00007f5368009000 Exception <a 'java/security/PrivilegedActionException'> (0x0000000719ef9918) thrown at [/builddir/build/BUILD/java-1.8.0-openjdk-1.8.0.111-1.b15.el7_2.x86_64/openjdk/hotspot/src/share/vm/prims/jvm.cpp, line 1396]

Events (10 events):
Event: 1.652 Executing VM operation: ParallelGCFailedAllocation done
Event: 1.741 Executing VM operation: ParallelGCFailedAllocation
Event: 1.755 Executing VM operation: ParallelGCFailedAllocation done
Event: 1.809 Executing VM operation: ParallelGCFailedAllocation
Event: 1.821 Executing VM operation: ParallelGCFailedAllocation done
Event: 2.004 Executing VM operation: ParallelGCFailedAllocation
Event: 2.018 Executing VM operation: ParallelGCFailedAllocation done
Event: 2.131 Executing VM operation: ParallelGCFailedAllocation
Event: 2.143 Executing VM operation: ParallelGCFailedAllocation done
Event: 2.590 Executing VM operation: ParallelGCFailedAllocation


Dynamic libraries:
00400000-00401000 r-xp 00000000 fd:00 6298216                            /usr/lib/jvm/java-1.8.0-openjdk-1.8.0.111-1.b15.el7_2.x86_64/jre/bin/java
00600000-00601000 r--p 00000000 fd:00 6298216                            /usr/lib/jvm/java-1.8.0-openjdk-1.8.0.111-1.b15.el7_2.x86_64/jre/bin/java
00601000-00602000 rw-p 00001000 fd:00 6298216                            /usr/lib/jvm/java-1.8.0-openjdk-1.8.0.111-1.b15.el7_2.x86_64/jre/bin/java
00d45000-00d66000 rw-p 00000000 00:00 0                                  [heap]
5cda00000-5e2780000 rw-p 00000000 00:00 0 
5e2780000-719e00000 ---p 00000000 00:00 0 
719e00000-75f200000 rw-p 00000000 00:00 0 
79e200000-7c0000000 ---p 00000000 00:00 0 
7c0000000-7c00a0000 rw-p 00000000 00:00 0 
7c00a0000-800000000 ---p 00000000 00:00 0 
7f5258000000-7f5258021000 rw-p 00000000 00:00 0 
7f5258021000-7f525c000000 ---p 00000000 00:00 0 
7f525c000000-7f525c021000 rw-p 00000000 00:00 0 
7f525c021000-7f5260000000 ---p 00000000 00:00 0 
7f5260000000-7f5260031000 rw-p 00000000 00:00 0 
7f5260031000-7f5264000000 ---p 00000000 00:00 0 
7f5264000000-7f5264092000 rw-p 00000000 00:00 0 
7f5264092000-7f5268000000 ---p 00000000 00:00 0 
7f5268000000-7f526850c000 rw-p 00000000 00:00 0 
7f526850c000-7f526c000000 ---p 00000000 00:00 0 
7f526c000000-7f526c080000 rw-p 00000000 00:00 0 
7f526c080000-7f5270000000 ---p 00000000 00:00 0 
7f5270000000-7f5270148000 rw-p 00000000 00:00 0 
7f5270148000-7f5274000000 ---p 00000000 00:00 0 
7f5274000000-7f527404e000 rw-p 00000000 00:00 0 
7f527404e000-7f5278000000 ---p 00000000 00:00 0 
7f5278000000-7f52780ec000 rw-p 00000000 00:00 0 
7f52780ec000-7f527c000000 ---p 00000000 00:00 0 
7f527c000000-7f527c11a000 rw-p 00000000 00:00 0 
7f527c11a000-7f5280000000 ---p 00000000 00:00 0 
7f5280000000-7f52800e0000 rw-p 00000000 00:00 0 
7f52800e0000-7f5284000000 ---p 00000000 00:00 0 
7f5284000000-7f528409e000 rw-p 00000000 00:00 0 
7f528409e000-7f5288000000 ---p 00000000 00:00 0 
7f5288000000-7f528819b000 rw-p 00000000 00:00 0 
7f528819b000-7f528c000000 ---p 00000000 00:00 0 
7f528c000000-7f528c095000 rw-p 00000000 00:00 0 
7f528c095000-7f5290000000 ---p 00000000 00:00 0 
7f5290000000-7f52900bd000 rw-p 00000000 00:00 0 
7f52900bd000-7f5294000000 ---p 00000000 00:00 0 
7f5294000000-7f52941d2000 rw-p 00000000 00:00 0 
7f52941d2000-7f5298000000 ---p 00000000 00:00 0 
7f5298000000-7f529813c000 rw-p 00000000 00:00 0 
7f529813c000-7f529c000000 ---p 00000000 00:00 0 
7f529dad9000-7f52a4000000 r--p 00000000 fd:00 4860742                    /usr/lib/locale/locale-archive
7f52a4000000-7f52a4021000 rw-p 00000000 00:00 0 
7f52a4021000-7f52a8000000 ---p 00000000 00:00 0 
7f52a8000000-7f52a8021000 rw-p 00000000 00:00 0 
7f52a8021000-7f52ac000000 ---p 00000000 00:00 0 
7f52ac000000-7f52ac021000 rw-p 00000000 00:00 0 
7f52ac021000-7f52b0000000 ---p 00000000 00:00 0 
7f52b06d0000-7f52c0000000 rw-p 00000000 00:00 0 
7f52c0000000-7f52c0021000 rw-p 00000000 00:00 0 
7f52c0021000-7f52c4000000 ---p 00000000 00:00 0 
7f52c4000000-7f52c4021000 rw-p 00000000 00:00 0 
7f52c4021000-7f52c8000000 ---p 00000000 00:00 0 
7f52c8000000-7f52c8021000 rw-p 00000000 00:00 0 
7f52c8021000-7f52cc000000 ---p 00000000 00:00 0 
7f52d0000000-7f52d0021000 rw-p 00000000 00:00 0 
7f52d0021000-7f52d4000000 ---p 00000000 00:00 0 
7f52d8000000-7f52d8021000 rw-p 00000000 00:00 0 
7f52d8021000-7f52dc000000 ---p 00000000 00:00 0 
7f52e0000000-7f52e0021000 rw-p 00000000 00:00 0 
7f52e0021000-7f52e4000000 ---p 00000000 00:00 0 
7f52e8000000-7f52e8021000 rw-p 00000000 00:00 0 
7f52e8021000-7f52ec000000 ---p 00000000 00:00 0 
7f52f0000000-7f52f0021000 rw-p 00000000 00:00 0 
7f52f0021000-7f52f4000000 ---p 00000000 00:00 0 
7f52f8000000-7f52f8021000 rw-p 00000000 00:00 0 
7f52f8021000-7f52fc000000 ---p 00000000 00:00 0 
7f52ff5e0000-7f52ff5f7000 r-xp 00000000 fd:00 6298294                    /usr/lib/jvm/java-1.8.0-openjdk-1.8.0.111-1.b15.el7_2.x86_64/jre/lib/amd64/libnet.so
7f52ff5f7000-7f52ff7f6000 ---p 00017000 fd:00 6298294                    /usr/lib/jvm/java-1.8.0-openjdk-1.8.0.111-1.b15.el7_2.x86_64/jre/lib/amd64/libnet.so
7f52ff7f6000-7f52ff7f7000 r--p 00016000 fd:00 6298294                    /usr/lib/jvm/java-1.8.0-openjdk-1.8.0.111-1.b15.el7_2.x86_64/jre/lib/amd64/libnet.so
7f52ff7f7000-7f52ff7f8000 rw-p 00017000 fd:00 6298294                    /usr/lib/jvm/java-1.8.0-openjdk-1.8.0.111-1.b15.el7_2.x86_64/jre/lib/amd64/libnet.so
7f52ff7f8000-7f52ff7f9000 ---p 00000000 00:00 0 
7f52ff7f9000-7f52ff8f9000 rw-p 00000000 00:00 0                          [stack:15878]
7f52ff8f9000-7f52ff8fc000 ---p 00000000 00:00 0 
7f52ff8fc000-7f52ff9fa000 rw-p 00000000 00:00 0                          [stack:15877]
7f52ff9fa000-7f52ff9fd000 ---p 00000000 00:00 0 
7f52ff9fd000-7f52ffafb000 rw-p 00000000 00:00 0                          [stack:15876]
7f52ffafb000-7f52ffafe000 ---p 00000000 00:00 0 
7f52ffafe000-7f52ffbfc000 rw-p 00000000 00:00 0                          [stack:15875]
7f52ffbfc000-7f52ffbff000 ---p 00000000 00:00 0 
7f52ffbff000-7f52ffcfd000 rw-p 00000000 00:00 0                          [stack:15874]
7f52ffcfd000-7f52ffd00000 ---p 00000000 00:00 0 
7f52ffd00000-7f52ffdfe000 rw-p 00000000 00:00 0                          [stack:15873]
7f52ffdfe000-7f52ffe01000 ---p 00000000 00:00 0 
7f52ffe01000-7f52ffeff000 rw-p 00000000 00:00 0                          [stack:15872]
7f52ffeff000-7f52fff02000 ---p 00000000 00:00 0 
7f52fff02000-7f5300000000 rw-p 00000000 00:00 0                          [stack:15871]
7f5300000000-7f5300021000 rw-p 00000000 00:00 0 
7f5300021000-7f5304000000 ---p 00000000 00:00 0 
7f53040c1000-7f53040c4000 ---p 00000000 00:00 0 
7f53040c4000-7f53041c2000 rw-p 00000000 00:00 0                          [stack:15870]
7f53041c2000-7f53041c5000 ---p 00000000 00:00 0 
7f53041c5000-7f53042c3000 rw-p 00000000 00:00 0                          [stack:15869]
7f53042c3000-7f53042c6000 ---p 00000000 00:00 0 
7f53042c6000-7f53043c4000 rw-p 00000000 00:00 0                          [stack:15868]
7f53043c4000-7f53043c7000 ---p 00000000 00:00 0 
7f53043c7000-7f53044c5000 rw-p 00000000 00:00 0                          [stack:15867]
7f53044c5000-7f53044c8000 ---p 00000000 00:00 0 
7f53044c8000-7f53045c6000 rw-p 00000000 00:00 0                          [stack:15866]
7f53045c6000-7f53045c9000 ---p 00000000 00:00 0 
7f53045c9000-7f53046c7000 rw-p 00000000 00:00 0                          [stack:15865]
7f53046c7000-7f53046ca000 ---p 00000000 00:00 0 
7f53046ca000-7f53047c8000 rw-p 00000000 00:00 0                          [stack:15864]
7f53047c8000-7f53047cb000 ---p 00000000 00:00 0 
7f53047cb000-7f53048c9000 rw-p 00000000 00:00 0                          [stack:15863]
7f53048c9000-7f53048cc000 ---p 00000000 00:00 0 
7f53048cc000-7f53049ca000 rw-p 00000000 00:00 0                          [stack:15862]
7f53049ca000-7f53049cd000 ---p 00000000 00:00 0 
7f53049cd000-7f5304acb000 rw-p 00000000 00:00 0                          [stack:15861]
7f5304acb000-7f5304ace000 ---p 00000000 00:00 0 
7f5304ace000-7f5304bcc000 rw-p 00000000 00:00 0                          [stack:15860]
7f5304bcc000-7f5304bcf000 ---p 00000000 00:00 0 
7f5304bcf000-7f5304ccd000 rw-p 00000000 00:00 0                          [stack:15859]
7f5304ccd000-7f5304cce000 ---p 00000000 00:00 0 
7f5304cce000-7f5308000000 rw-p 00000000 00:00 0                          [stack:15858]
7f5308000000-7f5308021000 rw-p 00000000 00:00 0 
7f5308021000-7f530c000000 ---p 00000000 00:00 0 
7f530c000000-7f530c021000 rw-p 00000000 00:00 0 
7f530c021000-7f5310000000 ---p 00000000 00:00 0 
7f5310000000-7f5310021000 rw-p 00000000 00:00 0 
7f5310021000-7f5314000000 ---p 00000000 00:00 0 
7f5314000000-7f5314021000 rw-p 00000000 00:00 0 
7f5314021000-7f5318000000 ---p 00000000 00:00 0 
7f5318000000-7f5318021000 rw-p 00000000 00:00 0 
7f5318021000-7f531c000000 ---p 00000000 00:00 0 
7f531c000000-7f531c021000 rw-p 00000000 00:00 0 
7f531c021000-7f5320000000 ---p 00000000 00:00 0 
7f5320000000-7f5320021000 rw-p 00000000 00:00 0 
7f5320021000-7f5324000000 ---p 00000000 00:00 0 
7f5324000000-7f5324021000 rw-p 00000000 00:00 0 
7f5324021000-7f5328000000 ---p 00000000 00:00 0 
7f5328000000-7f5328021000 rw-p 00000000 00:00 0 
7f5328021000-7f532c000000 ---p 00000000 00:00 0 
7f532c000000-7f532c021000 rw-p 00000000 00:00 0 
7f532c021000-7f5330000000 ---p 00000000 00:00 0 
7f5330000000-7f5330021000 rw-p 00000000 00:00 0 
7f5330021000-7f5334000000 ---p 00000000 00:00 0 
7f5334000000-7f5334021000 rw-p 00000000 00:00 0 
7f5334021000-7f5338000000 ---p 00000000 00:00 0 
7f5338000000-7f5338021000 rw-p 00000000 00:00 0 
7f5338021000-7f533c000000 ---p 00000000 00:00 0 
7f533c000000-7f533c021000 rw-p 00000000 00:00 0 
7f533c021000-7f5340000000 ---p 00000000 00:00 0 
7f5340000000-7f5340021000 rw-p 00000000 00:00 0 
7f5340021000-7f5344000000 ---p 00000000 00:00 0 
7f5344000000-7f5344021000 rw-p 00000000 00:00 0 
7f5344021000-7f5348000000 ---p 00000000 00:00 0 
7f5348000000-7f5348021000 rw-p 00000000 00:00 0 
7f5348021000-7f534c000000 ---p 00000000 00:00 0 
7f534c000000-7f534c021000 rw-p 00000000 00:00 0 
7f534c021000-7f5350000000 ---p 00000000 00:00 0 
7f5350000000-7f5350021000 rw-p 00000000 00:00 0 
7f5350021000-7f5354000000 ---p 00000000 00:00 0 
7f535404c000-7f53565be000 rw-p 00000000 00:00 0 
7f53565be000-7f535678c000 r--s 043c8000 fd:00 6037616                    /usr/lib/jvm/java-1.8.0-openjdk-1.8.0.111-1.b15.el7_2.x86_64/jre/lib/rt.jar
7f535678c000-7f5356ddd000 rw-p 00000000 00:00 0 
7f5356ddd000-7f535705d000 ---p 00000000 00:00 0 
7f535705d000-7f5357ff0000 rw-p 00000000 00:00 0 
7f5357ff0000-7f5357ff1000 ---p 00000000 00:00 0 
7f5357ff1000-7f53580f1000 rw-p 00000000 00:00 0                          [stack:15857]
7f53580f1000-7f53580f2000 ---p 00000000 00:00 0 
7f53580f2000-7f53581f2000 rw-p 00000000 00:00 0                          [stack:15856]
7f53581f2000-7f53581f3000 ---p 00000000 00:00 0 
7f53581f3000-7f53582f3000 rw-p 00000000 00:00 0                          [stack:15855]
7f53582f3000-7f53582f4000 ---p 00000000 00:00 0 
7f53582f4000-7f53583f4000 rw-p 00000000 00:00 0                          [stack:15854]
7f53583f4000-7f53583f5000 ---p 00000000 00:00 0 
7f53583f5000-7f53584f5000 rw-p 00000000 00:00 0                          [stack:15853]
7f53584f5000-7f53584f6000 ---p 00000000 00:00 0 
7f53584f6000-7f53585f6000 rw-p 00000000 00:00 0                          [stack:15852]
7f53585f6000-7f53585f7000 ---p 00000000 00:00 0 
7f53585f7000-7f53586f7000 rw-p 00000000 00:00 0                          [stack:15851]
7f53586f7000-7f53586f8000 ---p 00000000 00:00 0 
7f53586f8000-7f53587f8000 rw-p 00000000 00:00 0                          [stack:15850]
7f53587f8000-7f53587f9000 ---p 00000000 00:00 0 
7f53587f9000-7f53588f9000 rw-p 00000000 00:00 0                          [stack:15849]
7f53588f9000-7f53588fa000 ---p 00000000 00:00 0 
7f53588fa000-7f53589fa000 rw-p 00000000 00:00 0                          [stack:15848]
7f53589fa000-7f53589fb000 ---p 00000000 00:00 0 
7f53589fb000-7f5358afb000 rw-p 00000000 00:00 0                          [stack:15847]
7f5358afb000-7f5358afc000 ---p 00000000 00:00 0 
7f5358afc000-7f5358bfc000 rw-p 00000000 00:00 0                          [stack:15846]
7f5358bfc000-7f5358bfd000 ---p 00000000 00:00 0 
7f5358bfd000-7f5358cfd000 rw-p 00000000 00:00 0                          [stack:15845]
7f5358cfd000-7f5358cfe000 ---p 00000000 00:00 0 
7f5358cfe000-7f5358dfe000 rw-p 00000000 00:00 0                          [stack:15844]
7f5358dfe000-7f5358dff000 ---p 00000000 00:00 0 
7f5358dff000-7f5358eff000 rw-p 00000000 00:00 0                          [stack:15843]
7f5358eff000-7f5358f00000 ---p 00000000 00:00 0 
7f5358f00000-7f5359000000 rw-p 00000000 00:00 0                          [stack:15842]
7f5359000000-7f53594b0000 rwxp 00000000 00:00 0 
7f53594b0000-7f5368000000 ---p 00000000 00:00 0 
7f5368000000-7f536868c000 rw-p 00000000 00:00 0 
7f536868c000-7f536c000000 ---p 00000000 00:00 0 
7f536c046000-7f536c047000 ---p 00000000 00:00 0 
7f536c047000-7f536c147000 rw-p 00000000 00:00 0                          [stack:15841]
7f536c147000-7f536c148000 ---p 00000000 00:00 0 
7f536c148000-7f536c248000 rw-p 00000000 00:00 0                          [stack:15840]
7f536c248000-7f536c249000 ---p 00000000 00:00 0 
7f536c249000-7f536c349000 rw-p 00000000 00:00 0                          [stack:15839]
7f536c349000-7f536c34a000 ---p 00000000 00:00 0 
7f536c34a000-7f536c44a000 rw-p 00000000 00:00 0                          [stack:15838]
7f536c44a000-7f536c44b000 ---p 00000000 00:00 0 
7f536c44b000-7f536c54b000 rw-p 00000000 00:00 0                          [stack:15837]
7f536c54b000-7f536c54c000 ---p 00000000 00:00 0 
7f536c54c000-7f536c64c000 rw-p 00000000 00:00 0                          [stack:15836]
7f536c64c000-7f536c64d000 ---p 00000000 00:00 0 
7f536c64d000-7f536c74d000 rw-p 00000000 00:00 0                          [stack:15835]
7f536c74d000-7f536c74e000 ---p 00000000 00:00 0 
7f536c74e000-7f536c84e000 rw-p 00000000 00:00 0                          [stack:15834]
7f536c84e000-7f536c84f000 ---p 00000000 00:00 0 
7f536c84f000-7f536c94f000 rw-p 00000000 00:00 0                          [stack:15833]
7f536c94f000-7f536c950000 ---p 00000000 00:00 0 
7f536c950000-7f536ca50000 rw-p 00000000 00:00 0                          [stack:15832]
7f536ca50000-7f536ca51000 ---p 00000000 00:00 0 
7f536ca51000-7f536cb51000 rw-p 00000000 00:00 0                          [stack:15831]
7f536cb51000-7f536cb52000 ---p 00000000 00:00 0 
7f536cb52000-7f536ccf9000 rw-p 00000000 00:00 0                          [stack:15830]
7f536ccf9000-7f536d6b4000 ---p 00000000 00:00 0 
7f536d6b4000-7f536d75b000 rw-p 00000000 00:00 0 
7f536d75b000-7f536e116000 ---p 00000000 00:00 0 
7f536e116000-7f536e340000 rw-p 00000000 00:00 0 
7f536e340000-7f536e647000 ---p 00000000 00:00 0 
7f536e647000-7f536e65b000 rw-p 00000000 00:00 0 
7f536e65b000-7f536ea08000 ---p 00000000 00:00 0 
7f536ea08000-7f536ea10000 r-xp 00000000 fd:00 6298301                    /usr/lib/jvm/java-1.8.0-openjdk-1.8.0.111-1.b15.el7_2.x86_64/jre/lib/amd64/libzip.so
7f536ea10000-7f536ec0f000 ---p 00008000 fd:00 6298301                    /usr/lib/jvm/java-1.8.0-openjdk-1.8.0.111-1.b15.el7_2.x86_64/jre/lib/amd64/libzip.so
7f536ec0f000-7f536ec10000 r--p 00007000 fd:00 6298301                    /usr/lib/jvm/java-1.8.0-openjdk-1.8.0.111-1.b15.el7_2.x86_64/jre/lib/amd64/libzip.so
7f536ec10000-7f536ec11000 rw-p 00008000 fd:00 6298301                    /usr/lib/jvm/java-1.8.0-openjdk-1.8.0.111-1.b15.el7_2.x86_64/jre/lib/amd64/libzip.so
7f536ec11000-7f536ec1d000 r-xp 00000000 fd:00 4598496                    /usr/lib64/libnss_files-2.17.so
7f536ec1d000-7f536ee1c000 ---p 0000c000 fd:00 4598496                    /usr/lib64/libnss_files-2.17.so
7f536ee1c000-7f536ee1d000 r--p 0000b000 fd:00 4598496                    /usr/lib64/libnss_files-2.17.so
7f536ee1d000-7f536ee1e000 rw-p 0000c000 fd:00 4598496                    /usr/lib64/libnss_files-2.17.so
7f536ee1e000-7f536ee24000 rw-p 00000000 00:00 0 
7f536ee24000-7f536ee51000 r-xp 00000000 fd:00 6298242                    /usr/lib/jvm/java-1.8.0-openjdk-1.8.0.111-1.b15.el7_2.x86_64/jre/lib/amd64/libjava.so
7f536ee51000-7f536f051000 ---p 0002d000 fd:00 6298242                    /usr/lib/jvm/java-1.8.0-openjdk-1.8.0.111-1.b15.el7_2.x86_64/jre/lib/amd64/libjava.so
7f536f051000-7f536f052000 r--p 0002d000 fd:00 6298242                    /usr/lib/jvm/java-1.8.0-openjdk-1.8.0.111-1.b15.el7_2.x86_64/jre/lib/amd64/libjava.so
7f536f052000-7f536f054000 rw-p 0002e000 fd:00 6298242                    /usr/lib/jvm/java-1.8.0-openjdk-1.8.0.111-1.b15.el7_2.x86_64/jre/lib/amd64/libjava.so
7f536f054000-7f536f061000 r-xp 00000000 fd:00 6298300                    /usr/lib/jvm/java-1.8.0-openjdk-1.8.0.111-1.b15.el7_2.x86_64/jre/lib/amd64/libverify.so
7f536f061000-7f536f260000 ---p 0000d000 fd:00 6298300                    /usr/lib/jvm/java-1.8.0-openjdk-1.8.0.111-1.b15.el7_2.x86_64/jre/lib/amd64/libverify.so
7f536f260000-7f536f262000 r--p 0000c000 fd:00 6298300                    /usr/lib/jvm/java-1.8.0-openjdk-1.8.0.111-1.b15.el7_2.x86_64/jre/lib/amd64/libverify.so
7f536f262000-7f536f263000 rw-p 0000e000 fd:00 6298300                    /usr/lib/jvm/java-1.8.0-openjdk-1.8.0.111-1.b15.el7_2.x86_64/jre/lib/amd64/libverify.so
7f536f263000-7f536f26a000 r-xp 00000000 fd:00 4598499                    /usr/lib64/librt-2.17.so
7f536f26a000-7f536f469000 ---p 00007000 fd:00 4598499                    /usr/lib64/librt-2.17.so
7f536f469000-7f536f46a000 r--p 00006000 fd:00 4598499                    /usr/lib64/librt-2.17.so
7f536f46a000-7f536f46b000 rw-p 00007000 fd:00 4598499                    /usr/lib64/librt-2.17.so
7f536f46b000-7f536f480000 r-xp 00000000 fd:00 4597670                    /usr/lib64/libgcc_s-4.8.5-20150702.so.1
7f536f480000-7f536f67f000 ---p 00015000 fd:00 4597670                    /usr/lib64/libgcc_s-4.8.5-20150702.so.1
7f536f67f000-7f536f680000 r--p 00014000 fd:00 4597670                    /usr/lib64/libgcc_s-4.8.5-20150702.so.1
7f536f680000-7f536f681000 rw-p 00015000 fd:00 4597670                    /usr/lib64/libgcc_s-4.8.5-20150702.so.1
7f536f681000-7f536f782000 r-xp 00000000 fd:00 4598493                    /usr/lib64/libm-2.17.so
7f536f782000-7f536f981000 ---p 00101000 fd:00 4598493                    /usr/lib64/libm-2.17.so
7f536f981000-7f536f982000 r--p 00100000 fd:00 4598493                    /usr/lib64/libm-2.17.so
7f536f982000-7f536f983000 rw-p 00101000 fd:00 4598493                    /usr/lib64/libm-2.17.so
7f536f983000-7f536fa6c000 r-xp 00000000 fd:00 4597158                    /usr/lib64/libstdc++.so.6.0.19
7f536fa6c000-7f536fc6c000 ---p 000e9000 fd:00 4597158                    /usr/lib64/libstdc++.so.6.0.19
7f536fc6c000-7f536fc74000 r--p 000e9000 fd:00 4597158                    /usr/lib64/libstdc++.so.6.0.19
7f536fc74000-7f536fc76000 rw-p 000f1000 fd:00 4597158                    /usr/lib64/libstdc++.so.6.0.19
7f536fc76000-7f536fc8b000 rw-p 00000000 00:00 0 
7f536fc8b000-7f537089b000 r-xp 00000000 fd:00 6298305                    /usr/lib/jvm/java-1.8.0-openjdk-1.8.0.111-1.b15.el7_2.x86_64/jre/lib/amd64/server/libjvm.so
7f537089b000-7f5370a9a000 ---p 00c10000 fd:00 6298305                    /usr/lib/jvm/java-1.8.0-openjdk-1.8.0.111-1.b15.el7_2.x86_64/jre/lib/amd64/server/libjvm.so
7f5370a9a000-7f5370b39000 r--p 00c0f000 fd:00 6298305                    /usr/lib/jvm/java-1.8.0-openjdk-1.8.0.111-1.b15.el7_2.x86_64/jre/lib/amd64/server/libjvm.so
7f5370b39000-7f5370b62000 rw-p 00cae000 fd:00 6298305                    /usr/lib/jvm/java-1.8.0-openjdk-1.8.0.111-1.b15.el7_2.x86_64/jre/lib/amd64/server/libjvm.so
7f5370b62000-7f5370b94000 rw-p 00000000 00:00 0 
7f5370b94000-7f5370d4b000 r-xp 00000000 fd:00 4588119                    /usr/lib64/libc-2.17.so
7f5370d4b000-7f5370f4b000 ---p 001b7000 fd:00 4588119                    /usr/lib64/libc-2.17.so
7f5370f4b000-7f5370f4f000 r--p 001b7000 fd:00 4588119                    /usr/lib64/libc-2.17.so
7f5370f4f000-7f5370f51000 rw-p 001bb000 fd:00 4588119                    /usr/lib64/libc-2.17.so
7f5370f51000-7f5370f56000 rw-p 00000000 00:00 0 
7f5370f56000-7f5370f59000 r-xp 00000000 fd:00 4598492                    /usr/lib64/libdl-2.17.so
7f5370f59000-7f5371158000 ---p 00003000 fd:00 4598492                    /usr/lib64/libdl-2.17.so
7f5371158000-7f5371159000 r--p 00002000 fd:00 4598492                    /usr/lib64/libdl-2.17.so
7f5371159000-7f537115a000 rw-p 00003000 fd:00 4598492                    /usr/lib64/libdl-2.17.so
7f537115a000-7f5371168000 r-xp 00000000 fd:00 6298229                    /usr/lib/jvm/java-1.8.0-openjdk-1.8.0.111-1.b15.el7_2.x86_64/jre/lib/amd64/jli/libjli.so
7f5371168000-7f5371367000 ---p 0000e000 fd:00 6298229                    /usr/lib/jvm/java-1.8.0-openjdk-1.8.0.111-1.b15.el7_2.x86_64/jre/lib/amd64/jli/libjli.so
7f5371367000-7f5371368000 r--p 0000d000 fd:00 6298229                    /usr/lib/jvm/java-1.8.0-openjdk-1.8.0.111-1.b15.el7_2.x86_64/jre/lib/amd64/jli/libjli.so
7f5371368000-7f5371369000 rw-p 0000e000 fd:00 6298229                    /usr/lib/jvm/java-1.8.0-openjdk-1.8.0.111-1.b15.el7_2.x86_64/jre/lib/amd64/jli/libjli.so
7f5371369000-7f537137e000 r-xp 00000000 fd:00 4588555                    /usr/lib64/libz.so.1.2.7
7f537137e000-7f537157d000 ---p 00015000 fd:00 4588555                    /usr/lib64/libz.so.1.2.7
7f537157d000-7f537157e000 r--p 00014000 fd:00 4588555                    /usr/lib64/libz.so.1.2.7
7f537157e000-7f537157f000 rw-p 00015000 fd:00 4588555                    /usr/lib64/libz.so.1.2.7
7f537157f000-7f5371595000 r-xp 00000000 fd:00 4588145                    /usr/lib64/libpthread-2.17.so
7f5371595000-7f5371795000 ---p 00016000 fd:00 4588145                    /usr/lib64/libpthread-2.17.so
7f5371795000-7f5371796000 r--p 00016000 fd:00 4588145                    /usr/lib64/libpthread-2.17.so
7f5371796000-7f5371797000 rw-p 00017000 fd:00 4588145                    /usr/lib64/libpthread-2.17.so
7f5371797000-7f537179b000 rw-p 00000000 00:00 0 
7f537179b000-7f53717bc000 r-xp 00000000 fd:00 4588112                    /usr/lib64/ld-2.17.so
7f53717c4000-7f5371802000 r--s 0039c000 fd:01 338428342                  /local/srv/asap/lib/ASAP.jar
7f5371802000-7f537189e000 rw-p 00000000 00:00 0 
7f537189e000-7f53718a1000 ---p 00000000 00:00 0 
7f53718a1000-7f53719a4000 rw-p 00000000 00:00 0                          [stack:15829]
7f53719af000-7f53719b0000 rw-p 00000000 00:00 0 
7f53719b0000-7f53719b1000 r--s 00007000 fd:00 5905738                    /usr/lib64/java-atk-wrapper/java-atk-wrapper.jar
7f53719b1000-7f53719b9000 rw-s 00000000 fd:00 6160464                    /tmp/hsperfdata_rvmuser/15828
7f53719b9000-7f53719ba000 rw-p 00000000 00:00 0 
7f53719ba000-7f53719bb000 ---p 00000000 00:00 0 
7f53719bb000-7f53719bc000 rw-p 00000000 00:00 0 
7f53719bc000-7f53719bd000 r--p 00021000 fd:00 4588112                    /usr/lib64/ld-2.17.so
7f53719bd000-7f53719be000 rw-p 00022000 fd:00 4588112                    /usr/lib64/ld-2.17.so
7f53719be000-7f53719bf000 rw-p 00000000 00:00 0 
7ffe7a52e000-7ffe7a54f000 rw-p 00000000 00:00 0                          [stack]
7ffe7a5ce000-7ffe7a5d0000 r-xp 00000000 00:00 0                          [vdso]
ffffffffff600000-ffffffffff601000 r-xp 00000000 00:00 0                  [vsyscall]

VM Arguments:
java_command: /local/srv/asap/lib/ASAP.jar -T Parsing -organism 1 -o /data/asap/users/1/kxm81r/parsing -f /data/asap/users/1/kxm81r/input.txt -col first -d \t -header true -skip 0
java_class_path (initial): /local/srv/asap/lib/ASAP.jar
Launcher Type: SUN_STANDARD

Environment Variables:
PATH=/home/rvmuser/.rvm/gems/ruby-2.3.0/bin:/home/rvmuser/.rvm/gems/ruby-2.3.0@global/bin:/home/rvmuser/.rvm/rubies/ruby-2.3.0/bin:/usr/local/bin:/usr/bin:/usr/local/sbin:/usr/sbin:/opt/dell/srvadmin/bin:/home/rvmuser/.rvm/bin:/home/rvmuser/.local/bin:/home/rvmuser/bin
SHELL=/bin/bash

Signal Handlers:
SIGSEGV: [libjvm.so+0xa137f0], sa_mask[0]=11111111011111111101111111111110, sa_flags=SA_RESTART|SA_SIGINFO
SIGBUS: [libjvm.so+0xa137f0], sa_mask[0]=11111111011111111101111111111110, sa_flags=SA_RESTART|SA_SIGINFO
SIGFPE: [libjvm.so+0x86f510], sa_mask[0]=11111111011111111101111111111110, sa_flags=SA_RESTART|SA_SIGINFO
SIGPIPE: [libjvm.so+0x86f510], sa_mask[0]=11111111011111111101111111111110, sa_flags=SA_RESTART|SA_SIGINFO
SIGXFSZ: [libjvm.so+0x86f510], sa_mask[0]=11111111011111111101111111111110, sa_flags=SA_RESTART|SA_SIGINFO
SIGILL: [libjvm.so+0x86f510], sa_mask[0]=11111111011111111101111111111110, sa_flags=SA_RESTART|SA_SIGINFO
SIGUSR1: SIG_DFL, sa_mask[0]=00000000000000000000000000000000, sa_flags=none
SIGUSR2: [libjvm.so+0x86f3c0], sa_mask[0]=00000000000000000000000000000000, sa_flags=SA_RESTART|SA_SIGINFO
SIGHUP: SIG_IGN, sa_mask[0]=00000000000000000000000000000000, sa_flags=none
SIGINT: [libjvm.so+0x86f5d0], sa_mask[0]=11111111011111111101111111111110, sa_flags=SA_RESTART|SA_SIGINFO
SIGTERM: [libjvm.so+0x86f5d0], sa_mask[0]=11111111011111111101111111111110, sa_flags=SA_RESTART|SA_SIGINFO
SIGQUIT: [libjvm.so+0x86f5d0], sa_mask[0]=11111111011111111101111111111110, sa_flags=SA_RESTART|SA_SIGINFO


---------------  S Y S T E M  ---------------

OS:CentOS Linux release 7.2.1511 (Core) 

uname:Linux 3.10.0-327.36.3.el7.x86_64 #1 SMP Mon Oct 24 16:09:20 UTC 2016 x86_64
libc:glibc 2.17 NPTL 2.17 
rlimit: STACK 8192k, CORE 0k, NPROC 16384, NOFILE 4096, AS infinity
load average:3.75 4.00 4.11

/proc/meminfo:
MemTotal:       32659268 kB
MemFree:          219668 kB
MemAvailable:     751132 kB
Buffers:           32744 kB
Cached:           119112 kB
SwapCached:       153652 kB
Active:         29797072 kB
Inactive:        1394324 kB
Active(anon):   29752568 kB
Inactive(anon):  1348692 kB
Active(file):      44504 kB
Inactive(file):    45632 kB
Unevictable:           0 kB
Mlocked:               0 kB
SwapTotal:       2559996 kB
SwapFree:              0 kB
Dirty:                40 kB
Writeback:           376 kB
AnonPages:      30901348 kB
Mapped:            73400 kB
Shmem:             60960 kB
Slab:             856888 kB
SReclaimable:     711644 kB
SUnreclaim:       145244 kB
KernelStack:       23056 kB
PageTables:        99912 kB
NFS_Unstable:          0 kB
Bounce:                0 kB
WritebackTmp:          0 kB
CommitLimit:    18889628 kB
Committed_AS:   26974176 kB
VmallocTotal:   34359738367 kB
VmallocUsed:      378292 kB
VmallocChunk:   34342605308 kB
HardwareCorrupted:     0 kB
AnonHugePages:  12877824 kB
HugePages_Total:       0
HugePages_Free:        0
HugePages_Rsvd:        0
HugePages_Surp:        0
Hugepagesize:       2048 kB
DirectMap4k:      142060 kB
DirectMap2M:     3954688 kB
DirectMap1G:    31457280 kB


CPU:total 40 (10 cores per cpu, 2 threads per core) family 6 model 63 stepping 2, cmov, cx8, fxsr, mmx, sse, sse2, sse3, ssse3, sse4.1, sse4.2, popcnt, avx, avx2, aes, clmul, erms, lzcnt, ht, tsc, tscinvbit, bmi1, bmi2

/proc/cpuinfo:
processor	: 0
vendor_id	: GenuineIntel
cpu family	: 6
model		: 63
model name	: Intel(R) Xeon(R) CPU E5-2650 v3 @ 2.30GHz
stepping	: 2
microcode	: 0x38
cpu MHz		: 1399.496
cache size	: 25600 KB
physical id	: 0
siblings	: 20
core id		: 0
cpu cores	: 10
apicid		: 0
initial apicid	: 0
fpu		: yes
fpu_exception	: yes
cpuid level	: 15
wp		: yes
flags		: fpu vme de pse tsc msr pae mce cx8 apic sep mtrr pge mca cmov pat pse36 clflush dts acpi mmx fxsr sse sse2 ss ht tm pbe syscall nx pdpe1gb rdtscp lm constant_tsc arch_perfmon pebs bts rep_good nopl xtopology nonstop_tsc aperfmperf eagerfpu pni pclmulqdq dtes64 monitor ds_cpl vmx smx est tm2 ssse3 fma cx16 xtpr pdcm pcid dca sse4_1 sse4_2 x2apic movbe popcnt tsc_deadline_timer aes xsave avx f16c rdrand lahf_lm abm ida arat epb pln pts dtherm tpr_shadow vnmi flexpriority ept vpid fsgsbase tsc_adjust bmi1 avx2 smep bmi2 erms invpcid cqm xsaveopt cqm_llc cqm_occup_llc
bogomips	: 4594.72
clflush size	: 64
cache_alignment	: 64
address sizes	: 46 bits physical, 48 bits virtual
power management:

processor	: 1
vendor_id	: GenuineIntel
cpu family	: 6
model		: 63
model name	: Intel(R) Xeon(R) CPU E5-2650 v3 @ 2.30GHz
stepping	: 2
microcode	: 0x38
cpu MHz		: 2668.718
cache size	: 25600 KB
physical id	: 1
siblings	: 20
core id		: 0
cpu cores	: 10
apicid		: 32
initial apicid	: 32
fpu		: yes
fpu_exception	: yes
cpuid level	: 15
wp		: yes
flags		: fpu vme de pse tsc msr pae mce cx8 apic sep mtrr pge mca cmov pat pse36 clflush dts acpi mmx fxsr sse sse2 ss ht tm pbe syscall nx pdpe1gb rdtscp lm constant_tsc arch_perfmon pebs bts rep_good nopl xtopology nonstop_tsc aperfmperf eagerfpu pni pclmulqdq dtes64 monitor ds_cpl vmx smx est tm2 ssse3 fma cx16 xtpr pdcm pcid dca sse4_1 sse4_2 x2apic movbe popcnt tsc_deadline_timer aes xsave avx f16c rdrand lahf_lm abm ida arat epb pln pts dtherm tpr_shadow vnmi flexpriority ept vpid fsgsbase tsc_adjust bmi1 avx2 smep bmi2 erms invpcid cqm xsaveopt cqm_llc cqm_occup_llc
bogomips	: 4598.36
clflush size	: 64
cache_alignment	: 64
address sizes	: 46 bits physical, 48 bits virtual
power management:

processor	: 2
vendor_id	: GenuineIntel
cpu family	: 6
model		: 63
model name	: Intel(R) Xeon(R) CPU E5-2650 v3 @ 2.30GHz
stepping	: 2
microcode	: 0x38
cpu MHz		: 1508.476
cache size	: 25600 KB
physical id	: 0
siblings	: 20
core id		: 1
cpu cores	: 10
apicid		: 2
initial apicid	: 2
fpu		: yes
fpu_exception	: yes
cpuid level	: 15
wp		: yes
flags		: fpu vme de pse tsc msr pae mce cx8 apic sep mtrr pge mca cmov pat pse36 clflush dts acpi mmx fxsr sse sse2 ss ht tm pbe syscall nx pdpe1gb rdtscp lm constant_tsc arch_perfmon pebs bts rep_good nopl xtopology nonstop_tsc aperfmperf eagerfpu pni pclmulqdq dtes64 monitor ds_cpl vmx smx est tm2 ssse3 fma cx16 xtpr pdcm pcid dca sse4_1 sse4_2 x2apic movbe popcnt tsc_deadline_timer aes xsave avx f16c rdrand lahf_lm abm ida arat epb pln pts dtherm tpr_shadow vnmi flexpriority ept vpid fsgsbase tsc_adjust bmi1 avx2 smep bmi2 erms invpcid cqm xsaveopt cqm_llc cqm_occup_llc
bogomips	: 4594.72
clflush size	: 64
cache_alignment	: 64
address sizes	: 46 bits physical, 48 bits virtual
power management:

processor	: 3
vendor_id	: GenuineIntel
cpu family	: 6
model		: 63
model name	: Intel(R) Xeon(R) CPU E5-2650 v3 @ 2.30GHz
stepping	: 2
microcode	: 0x38
cpu MHz		: 1575.589
cache size	: 25600 KB
physical id	: 1
siblings	: 20
core id		: 1
cpu cores	: 10
apicid		: 34
initial apicid	: 34
fpu		: yes
fpu_exception	: yes
cpuid level	: 15
wp		: yes
flags		: fpu vme de pse tsc msr pae mce cx8 apic sep mtrr pge mca cmov pat pse36 clflush dts acpi mmx fxsr sse sse2 ss ht tm pbe syscall nx pdpe1gb rdtscp lm constant_tsc arch_perfmon pebs bts rep_good nopl xtopology nonstop_tsc aperfmperf eagerfpu pni pclmulqdq dtes64 monitor ds_cpl vmx smx est tm2 ssse3 fma cx16 xtpr pdcm pcid dca sse4_1 sse4_2 x2apic movbe popcnt tsc_deadline_timer aes xsave avx f16c rdrand lahf_lm abm ida arat epb pln pts dtherm tpr_shadow vnmi flexpriority ept vpid fsgsbase tsc_adjust bmi1 avx2 smep bmi2 erms invpcid cqm xsaveopt cqm_llc cqm_occup_llc
bogomips	: 4598.36
clflush size	: 64
cache_alignment	: 64
address sizes	: 46 bits physical, 48 bits virtual
power management:

processor	: 4
vendor_id	: GenuineIntel
cpu family	: 6
model		: 63
model name	: Intel(R) Xeon(R) CPU E5-2650 v3 @ 2.30GHz
stepping	: 2
microcode	: 0x38
cpu MHz		: 1788.878
cache size	: 25600 KB
physical id	: 0
siblings	: 20
core id		: 2
cpu cores	: 10
apicid		: 4
initial apicid	: 4
fpu		: yes
fpu_exception	: yes
cpuid level	: 15
wp		: yes
flags		: fpu vme de pse tsc msr pae mce cx8 apic sep mtrr pge mca cmov pat pse36 clflush dts acpi mmx fxsr sse sse2 ss ht tm pbe syscall nx pdpe1gb rdtscp lm constant_tsc arch_perfmon pebs bts rep_good nopl xtopology nonstop_tsc aperfmperf eagerfpu pni pclmulqdq dtes64 monitor ds_cpl vmx smx est tm2 ssse3 fma cx16 xtpr pdcm pcid dca sse4_1 sse4_2 x2apic movbe popcnt tsc_deadline_timer aes xsave avx f16c rdrand lahf_lm abm ida arat epb pln pts dtherm tpr_shadow vnmi flexpriority ept vpid fsgsbase tsc_adjust bmi1 avx2 smep bmi2 erms invpcid cqm xsaveopt cqm_llc cqm_occup_llc
bogomips	: 4594.72
clflush size	: 64
cache_alignment	: 64
address sizes	: 46 bits physical, 48 bits virtual
power management:

processor	: 5
vendor_id	: GenuineIntel
cpu family	: 6
model		: 63
model name	: Intel(R) Xeon(R) CPU E5-2650 v3 @ 2.30GHz
stepping	: 2
microcode	: 0x38
cpu MHz		: 1499.132
cache size	: 25600 KB
physical id	: 1
siblings	: 20
core id		: 2
cpu cores	: 10
apicid		: 36
initial apicid	: 36
fpu		: yes
fpu_exception	: yes
cpuid level	: 15
wp		: yes
flags		: fpu vme de pse tsc msr pae mce cx8 apic sep mtrr pge mca cmov pat pse36 clflush dts acpi mmx fxsr sse sse2 ss ht tm pbe syscall nx pdpe1gb rdtscp lm constant_tsc arch_perfmon pebs bts rep_good nopl xtopology nonstop_tsc aperfmperf eagerfpu pni pclmulqdq dtes64 monitor ds_cpl vmx smx est tm2 ssse3 fma cx16 xtpr pdcm pcid dca sse4_1 sse4_2 x2apic movbe popcnt tsc_deadline_timer aes xsave avx f16c rdrand lahf_lm abm ida arat epb pln pts dtherm tpr_shadow vnmi flexpriority ept vpid fsgsbase tsc_adjust bmi1 avx2 smep bmi2 erms invpcid cqm xsaveopt cqm_llc cqm_occup_llc
bogomips	: 4598.36
clflush size	: 64
cache_alignment	: 64
address sizes	: 46 bits physical, 48 bits virtual
power management:

processor	: 6
vendor_id	: GenuineIntel
cpu family	: 6
model		: 63
model name	: Intel(R) Xeon(R) CPU E5-2650 v3 @ 2.30GHz
stepping	: 2
microcode	: 0x38
cpu MHz		: 1399.496
cache size	: 25600 KB
physical id	: 0
siblings	: 20
core id		: 3
cpu cores	: 10
apicid		: 6
initial apicid	: 6
fpu		: yes
fpu_exception	: yes
cpuid level	: 15
wp		: yes
flags		: fpu vme de pse tsc msr pae mce cx8 apic sep mtrr pge mca cmov pat pse36 clflush dts acpi mmx fxsr sse sse2 ss ht tm pbe syscall nx pdpe1gb rdtscp lm constant_tsc arch_perfmon pebs bts rep_good nopl xtopology nonstop_tsc aperfmperf eagerfpu pni pclmulqdq dtes64 monitor ds_cpl vmx smx est tm2 ssse3 fma cx16 xtpr pdcm pcid dca sse4_1 sse4_2 x2apic movbe popcnt tsc_deadline_timer aes xsave avx f16c rdrand lahf_lm abm ida arat epb pln pts dtherm tpr_shadow vnmi flexpriority ept vpid fsgsbase tsc_adjust bmi1 avx2 smep bmi2 erms invpcid cqm xsaveopt cqm_llc cqm_occup_llc
bogomips	: 4594.72
clflush size	: 64
cache_alignment	: 64
address sizes	: 46 bits physical, 48 bits virtual
power management:

processor	: 7
vendor_id	: GenuineIntel
cpu family	: 6
model		: 63
model name	: Intel(R) Xeon(R) CPU E5-2650 v3 @ 2.30GHz
stepping	: 2
microcode	: 0x38
cpu MHz		: 2688.394
cache size	: 25600 KB
physical id	: 1
siblings	: 20
core id		: 3
cpu cores	: 10
apicid		: 38
initial apicid	: 38
fpu		: yes
fpu_exception	: yes
cpuid level	: 15
wp		: yes
flags		: fpu vme de pse tsc msr pae mce cx8 apic sep mtrr pge mca cmov pat pse36 clflush dts acpi mmx fxsr sse sse2 ss ht tm pbe syscall nx pdpe1gb rdtscp lm constant_tsc arch_perfmon pebs bts rep_good nopl xtopology nonstop_tsc aperfmperf eagerfpu pni pclmulqdq dtes64 monitor ds_cpl vmx smx est tm2 ssse3 fma cx16 xtpr pdcm pcid dca sse4_1 sse4_2 x2apic movbe popcnt tsc_deadline_timer aes xsave avx f16c rdrand lahf_lm abm ida arat epb pln pts dtherm tpr_shadow vnmi flexpriority ept vpid fsgsbase tsc_adjust bmi1 avx2 smep bmi2 erms invpcid cqm xsaveopt cqm_llc cqm_occup_llc
bogomips	: 4598.36
clflush size	: 64
cache_alignment	: 64
address sizes	: 46 bits physical, 48 bits virtual
power management:

processor	: 8
vendor_id	: GenuineIntel
cpu family	: 6
model		: 63
model name	: Intel(R) Xeon(R) CPU E5-2650 v3 @ 2.30GHz
stepping	: 2
microcode	: 0x38
cpu MHz		: 2928.636
cache size	: 25600 KB
physical id	: 0
siblings	: 20
core id		: 4
cpu cores	: 10
apicid		: 8
initial apicid	: 8
fpu		: yes
fpu_exception	: yes
cpuid level	: 15
wp		: yes
flags		: fpu vme de pse tsc msr pae mce cx8 apic sep mtrr pge mca cmov pat pse36 clflush dts acpi mmx fxsr sse sse2 ss ht tm pbe syscall nx pdpe1gb rdtscp lm constant_tsc arch_perfmon pebs bts rep_good nopl xtopology nonstop_tsc aperfmperf eagerfpu pni pclmulqdq dtes64 monitor ds_cpl vmx smx est tm2 ssse3 fma cx16 xtpr pdcm pcid dca sse4_1 sse4_2 x2apic movbe popcnt tsc_deadline_timer aes xsave avx f16c rdrand lahf_lm abm ida arat epb pln pts dtherm tpr_shadow vnmi flexpriority ept vpid fsgsbase tsc_adjust bmi1 avx2 smep bmi2 erms invpcid cqm xsaveopt cqm_llc cqm_occup_llc
bogomips	: 4594.72
clflush size	: 64
cache_alignment	: 64
address sizes	: 46 bits physical, 48 bits virtual
power management:

processor	: 9
vendor_id	: GenuineIntel
cpu family	: 6
model		: 63
model name	: Intel(R) Xeon(R) CPU E5-2650 v3 @ 2.30GHz
stepping	: 2
microcode	: 0x38
cpu MHz		: 2659.734
cache size	: 25600 KB
physical id	: 1
siblings	: 20
core id		: 4
cpu cores	: 10
apicid		: 40
initial apicid	: 40
fpu		: yes
fpu_exception	: yes
cpuid level	: 15
wp		: yes
flags		: fpu vme de pse tsc msr pae mce cx8 apic sep mtrr pge mca cmov pat pse36 clflush dts acpi mmx fxsr sse sse2 ss ht tm pbe syscall nx pdpe1gb rdtscp lm constant_tsc arch_perfmon pebs bts rep_good nopl xtopology nonstop_tsc aperfmperf eagerfpu pni pclmulqdq dtes64 monitor ds_cpl vmx smx est tm2 ssse3 fma cx16 xtpr pdcm pcid dca sse4_1 sse4_2 x2apic movbe popcnt tsc_deadline_timer aes xsave avx f16c rdrand lahf_lm abm ida arat epb pln pts dtherm tpr_shadow vnmi flexpriority ept vpid fsgsbase tsc_adjust bmi1 avx2 smep bmi2 erms invpcid cqm xsaveopt cqm_llc cqm_occup_llc
bogomips	: 4598.36
clflush size	: 64
cache_alignment	: 64
address sizes	: 46 bits physical, 48 bits virtual
power management:

processor	: 10
vendor_id	: GenuineIntel
cpu family	: 6
model		: 63
model name	: Intel(R) Xeon(R) CPU E5-2650 v3 @ 2.30GHz
stepping	: 2
microcode	: 0x38
cpu MHz		: 1656.898
cache size	: 25600 KB
physical id	: 0
siblings	: 20
core id		: 8
cpu cores	: 10
apicid		: 16
initial apicid	: 16
fpu		: yes
fpu_exception	: yes
cpuid level	: 15
wp		: yes
flags		: fpu vme de pse tsc msr pae mce cx8 apic sep mtrr pge mca cmov pat pse36 clflush dts acpi mmx fxsr sse sse2 ss ht tm pbe syscall nx pdpe1gb rdtscp lm constant_tsc arch_perfmon pebs bts rep_good nopl xtopology nonstop_tsc aperfmperf eagerfpu pni pclmulqdq dtes64 monitor ds_cpl vmx smx est tm2 ssse3 fma cx16 xtpr pdcm pcid dca sse4_1 sse4_2 x2apic movbe popcnt tsc_deadline_timer aes xsave avx f16c rdrand lahf_lm abm ida arat epb pln pts dtherm tpr_shadow vnmi flexpriority ept vpid fsgsbase tsc_adjust bmi1 avx2 smep bmi2 erms invpcid cqm xsaveopt cqm_llc cqm_occup_llc
bogomips	: 4594.72
clflush size	: 64
cache_alignment	: 64
address sizes	: 46 bits physical, 48 bits virtual
power management:

processor	: 11
vendor_id	: GenuineIntel
cpu family	: 6
model		: 63
model name	: Intel(R) Xeon(R) CPU E5-2650 v3 @ 2.30GHz
stepping	: 2
microcode	: 0x38
cpu MHz		: 1499.132
cache size	: 25600 KB
physical id	: 1
siblings	: 20
core id		: 8
cpu cores	: 10
apicid		: 48
initial apicid	: 48
fpu		: yes
fpu_exception	: yes
cpuid level	: 15
wp		: yes
flags		: fpu vme de pse tsc msr pae mce cx8 apic sep mtrr pge mca cmov pat pse36 clflush dts acpi mmx fxsr sse sse2 ss ht tm pbe syscall nx pdpe1gb rdtscp lm constant_tsc arch_perfmon pebs bts rep_good nopl xtopology nonstop_tsc aperfmperf eagerfpu pni pclmulqdq dtes64 monitor ds_cpl vmx smx est tm2 ssse3 fma cx16 xtpr pdcm pcid dca sse4_1 sse4_2 x2apic movbe popcnt tsc_deadline_timer aes xsave avx f16c rdrand lahf_lm abm ida arat epb pln pts dtherm tpr_shadow vnmi flexpriority ept vpid fsgsbase tsc_adjust bmi1 avx2 smep bmi2 erms invpcid cqm xsaveopt cqm_llc cqm_occup_llc
bogomips	: 4598.36
clflush size	: 64
cache_alignment	: 64
address sizes	: 46 bits physical, 48 bits virtual
power management:

processor	: 12
vendor_id	: GenuineIntel
cpu family	: 6
model		: 63
model name	: Intel(R) Xeon(R) CPU E5-2650 v3 @ 2.30GHz
stepping	: 2
microcode	: 0x38
cpu MHz		: 1399.496
cache size	: 25600 KB
physical id	: 0
siblings	: 20
core id		: 9
cpu cores	: 10
apicid		: 18
initial apicid	: 18
fpu		: yes
fpu_exception	: yes
cpuid level	: 15
wp		: yes
flags		: fpu vme de pse tsc msr pae mce cx8 apic sep mtrr pge mca cmov pat pse36 clflush dts acpi mmx fxsr sse sse2 ss ht tm pbe syscall nx pdpe1gb rdtscp lm constant_tsc arch_perfmon pebs bts rep_good nopl xtopology nonstop_tsc aperfmperf eagerfpu pni pclmulqdq dtes64 monitor ds_cpl vmx smx est tm2 ssse3 fma cx16 xtpr pdcm pcid dca sse4_1 sse4_2 x2apic movbe popcnt tsc_deadline_timer aes xsave avx f16c rdrand lahf_lm abm ida arat epb pln pts dtherm tpr_shadow vnmi flexpriority ept vpid fsgsbase tsc_adjust bmi1 avx2 smep bmi2 erms invpcid cqm xsaveopt cqm_llc cqm_occup_llc
bogomips	: 4594.72
clflush size	: 64
cache_alignment	: 64
address sizes	: 46 bits physical, 48 bits virtual
power management:

processor	: 13
vendor_id	: GenuineIntel
cpu family	: 6
model		: 63
model name	: Intel(R) Xeon(R) CPU E5-2650 v3 @ 2.30GHz
stepping	: 2
microcode	: 0x38
cpu MHz		: 1499.132
cache size	: 25600 KB
physical id	: 1
siblings	: 20
core id		: 9
cpu cores	: 10
apicid		: 50
initial apicid	: 50
fpu		: yes
fpu_exception	: yes
cpuid level	: 15
wp		: yes
flags		: fpu vme de pse tsc msr pae mce cx8 apic sep mtrr pge mca cmov pat pse36 clflush dts acpi mmx fxsr sse sse2 ss ht tm pbe syscall nx pdpe1gb rdtscp lm constant_tsc arch_perfmon pebs bts rep_good nopl xtopology nonstop_tsc aperfmperf eagerfpu pni pclmulqdq dtes64 monitor ds_cpl vmx smx est tm2 ssse3 fma cx16 xtpr pdcm pcid dca sse4_1 sse4_2 x2apic movbe popcnt tsc_deadline_timer aes xsave avx f16c rdrand lahf_lm abm ida arat epb pln pts dtherm tpr_shadow vnmi flexpriority ept vpid fsgsbase tsc_adjust bmi1 avx2 smep bmi2 erms invpcid cqm xsaveopt cqm_llc cqm_occup_llc
bogomips	: 4598.36
clflush size	: 64
cache_alignment	: 64
address sizes	: 46 bits physical, 48 bits virtual
power management:

processor	: 14
vendor_id	: GenuineIntel
cpu family	: 6
model		: 63
model name	: Intel(R) Xeon(R) CPU E5-2650 v3 @ 2.30GHz
stepping	: 2
microcode	: 0x38
cpu MHz		: 1399.496
cache size	: 25600 KB
physical id	: 0
siblings	: 20
core id		: 10
cpu cores	: 10
apicid		: 20
initial apicid	: 20
fpu		: yes
fpu_exception	: yes
cpuid level	: 15
wp		: yes
flags		: fpu vme de pse tsc msr pae mce cx8 apic sep mtrr pge mca cmov pat pse36 clflush dts acpi mmx fxsr sse sse2 ss ht tm pbe syscall nx pdpe1gb rdtscp lm constant_tsc arch_perfmon pebs bts rep_good nopl xtopology nonstop_tsc aperfmperf eagerfpu pni pclmulqdq dtes64 monitor ds_cpl vmx smx est tm2 ssse3 fma cx16 xtpr pdcm pcid dca sse4_1 sse4_2 x2apic movbe popcnt tsc_deadline_timer aes xsave avx f16c rdrand lahf_lm abm ida arat epb pln pts dtherm tpr_shadow vnmi flexpriority ept vpid fsgsbase tsc_adjust bmi1 avx2 smep bmi2 erms invpcid cqm xsaveopt cqm_llc cqm_occup_llc
bogomips	: 4594.72
clflush size	: 64
cache_alignment	: 64
address sizes	: 46 bits physical, 48 bits virtual
power management:

processor	: 15
vendor_id	: GenuineIntel
cpu family	: 6
model		: 63
model name	: Intel(R) Xeon(R) CPU E5-2650 v3 @ 2.30GHz
stepping	: 2
microcode	: 0x38
cpu MHz		: 2599.988
cache size	: 25600 KB
physical id	: 1
siblings	: 20
core id		: 10
cpu cores	: 10
apicid		: 52
initial apicid	: 52
fpu		: yes
fpu_exception	: yes
cpuid level	: 15
wp		: yes
flags		: fpu vme de pse tsc msr pae mce cx8 apic sep mtrr pge mca cmov pat pse36 clflush dts acpi mmx fxsr sse sse2 ss ht tm pbe syscall nx pdpe1gb rdtscp lm constant_tsc arch_perfmon pebs bts rep_good nopl xtopology nonstop_tsc aperfmperf eagerfpu pni pclmulqdq dtes64 monitor ds_cpl vmx smx est tm2 ssse3 fma cx16 xtpr pdcm pcid dca sse4_1 sse4_2 x2apic movbe popcnt tsc_deadline_timer aes xsave avx f16c rdrand lahf_lm abm ida arat epb pln pts dtherm tpr_shadow vnmi flexpriority ept vpid fsgsbase tsc_adjust bmi1 avx2 smep bmi2 erms invpcid cqm xsaveopt cqm_llc cqm_occup_llc
bogomips	: 4598.36
clflush size	: 64
cache_alignment	: 64
address sizes	: 46 bits physical, 48 bits virtual
power management:

processor	: 16
vendor_id	: GenuineIntel
cpu family	: 6
model		: 63
model name	: Intel(R) Xeon(R) CPU E5-2650 v3 @ 2.30GHz
stepping	: 2
microcode	: 0x38
cpu MHz		: 1489.070
cache size	: 25600 KB
physical id	: 0
siblings	: 20
core id		: 11
cpu cores	: 10
apicid		: 22
initial apicid	: 22
fpu		: yes
fpu_exception	: yes
cpuid level	: 15
wp		: yes
flags		: fpu vme de pse tsc msr pae mce cx8 apic sep mtrr pge mca cmov pat pse36 clflush dts acpi mmx fxsr sse sse2 ss ht tm pbe syscall nx pdpe1gb rdtscp lm constant_tsc arch_perfmon pebs bts rep_good nopl xtopology nonstop_tsc aperfmperf eagerfpu pni pclmulqdq dtes64 monitor ds_cpl vmx smx est tm2 ssse3 fma cx16 xtpr pdcm pcid dca sse4_1 sse4_2 x2apic movbe popcnt tsc_deadline_timer aes xsave avx f16c rdrand lahf_lm abm ida arat epb pln pts dtherm tpr_shadow vnmi flexpriority ept vpid fsgsbase tsc_adjust bmi1 avx2 smep bmi2 erms invpcid cqm xsaveopt cqm_llc cqm_occup_llc
bogomips	: 4594.72
clflush size	: 64
cache_alignment	: 64
address sizes	: 46 bits physical, 48 bits virtual
power management:

processor	: 17
vendor_id	: GenuineIntel
cpu family	: 6
model		: 63
model name	: Intel(R) Xeon(R) CPU E5-2650 v3 @ 2.30GHz
stepping	: 2
microcode	: 0x38
cpu MHz		: 1789.417
cache size	: 25600 KB
physical id	: 1
siblings	: 20
core id		: 11
cpu cores	: 10
apicid		: 54
initial apicid	: 54
fpu		: yes
fpu_exception	: yes
cpuid level	: 15
wp		: yes
flags		: fpu vme de pse tsc msr pae mce cx8 apic sep mtrr pge mca cmov pat pse36 clflush dts acpi mmx fxsr sse sse2 ss ht tm pbe syscall nx pdpe1gb rdtscp lm constant_tsc arch_perfmon pebs bts rep_good nopl xtopology nonstop_tsc aperfmperf eagerfpu pni pclmulqdq dtes64 monitor ds_cpl vmx smx est tm2 ssse3 fma cx16 xtpr pdcm pcid dca sse4_1 sse4_2 x2apic movbe popcnt tsc_deadline_timer aes xsave avx f16c rdrand lahf_lm abm ida arat epb pln pts dtherm tpr_shadow vnmi flexpriority ept vpid fsgsbase tsc_adjust bmi1 avx2 smep bmi2 erms invpcid cqm xsaveopt cqm_llc cqm_occup_llc
bogomips	: 4598.36
clflush size	: 64
cache_alignment	: 64
address sizes	: 46 bits physical, 48 bits virtual
power management:

processor	: 18
vendor_id	: GenuineIntel
cpu family	: 6
model		: 63
model name	: Intel(R) Xeon(R) CPU E5-2650 v3 @ 2.30GHz
stepping	: 2
microcode	: 0x38
cpu MHz		: 1599.578
cache size	: 25600 KB
physical id	: 0
siblings	: 20
core id		: 12
cpu cores	: 10
apicid		: 24
initial apicid	: 24
fpu		: yes
fpu_exception	: yes
cpuid level	: 15
wp		: yes
flags		: fpu vme de pse tsc msr pae mce cx8 apic sep mtrr pge mca cmov pat pse36 clflush dts acpi mmx fxsr sse sse2 ss ht tm pbe syscall nx pdpe1gb rdtscp lm constant_tsc arch_perfmon pebs bts rep_good nopl xtopology nonstop_tsc aperfmperf eagerfpu pni pclmulqdq dtes64 monitor ds_cpl vmx smx est tm2 ssse3 fma cx16 xtpr pdcm pcid dca sse4_1 sse4_2 x2apic movbe popcnt tsc_deadline_timer aes xsave avx f16c rdrand lahf_lm abm ida arat epb pln pts dtherm tpr_shadow vnmi flexpriority ept vpid fsgsbase tsc_adjust bmi1 avx2 smep bmi2 erms invpcid cqm xsaveopt cqm_llc cqm_occup_llc
bogomips	: 4594.72
clflush size	: 64
cache_alignment	: 64
address sizes	: 46 bits physical, 48 bits virtual
power management:

processor	: 19
vendor_id	: GenuineIntel
cpu family	: 6
model		: 63
model name	: Intel(R) Xeon(R) CPU E5-2650 v3 @ 2.30GHz
stepping	: 2
microcode	: 0x38
cpu MHz		: 1999.292
cache size	: 25600 KB
physical id	: 1
siblings	: 20
core id		: 12
cpu cores	: 10
apicid		: 56
initial apicid	: 56
fpu		: yes
fpu_exception	: yes
cpuid level	: 15
wp		: yes
flags		: fpu vme de pse tsc msr pae mce cx8 apic sep mtrr pge mca cmov pat pse36 clflush dts acpi mmx fxsr sse sse2 ss ht tm pbe syscall nx pdpe1gb rdtscp lm constant_tsc arch_perfmon pebs bts rep_good nopl xtopology nonstop_tsc aperfmperf eagerfpu pni pclmulqdq dtes64 monitor ds_cpl vmx smx est tm2 ssse3 fma cx16 xtpr pdcm pcid dca sse4_1 sse4_2 x2apic movbe popcnt tsc_deadline_timer aes xsave avx f16c rdrand lahf_lm abm ida arat epb pln pts dtherm tpr_shadow vnmi flexpriority ept vpid fsgsbase tsc_adjust bmi1 avx2 smep bmi2 erms invpcid cqm xsaveopt cqm_llc cqm_occup_llc
bogomips	: 4598.36
clflush size	: 64
cache_alignment	: 64
address sizes	: 46 bits physical, 48 bits virtual
power management:

processor	: 20
vendor_id	: GenuineIntel
cpu family	: 6
model		: 63
model name	: Intel(R) Xeon(R) CPU E5-2650 v3 @ 2.30GHz
stepping	: 2
microcode	: 0x38
cpu MHz		: 1399.496
cache size	: 25600 KB
physical id	: 0
siblings	: 20
core id		: 0
cpu cores	: 10
apicid		: 1
initial apicid	: 1
fpu		: yes
fpu_exception	: yes
cpuid level	: 15
wp		: yes
flags		: fpu vme de pse tsc msr pae mce cx8 apic sep mtrr pge mca cmov pat pse36 clflush dts acpi mmx fxsr sse sse2 ss ht tm pbe syscall nx pdpe1gb rdtscp lm constant_tsc arch_perfmon pebs bts rep_good nopl xtopology nonstop_tsc aperfmperf eagerfpu pni pclmulqdq dtes64 monitor ds_cpl vmx smx est tm2 ssse3 fma cx16 xtpr pdcm pcid dca sse4_1 sse4_2 x2apic movbe popcnt tsc_deadline_timer aes xsave avx f16c rdrand lahf_lm abm ida arat epb pln pts dtherm tpr_shadow vnmi flexpriority ept vpid fsgsbase tsc_adjust bmi1 avx2 smep bmi2 erms invpcid cqm xsaveopt cqm_llc cqm_occup_llc
bogomips	: 4594.72
clflush size	: 64
cache_alignment	: 64
address sizes	: 46 bits physical, 48 bits virtual
power management:

processor	: 21
vendor_id	: GenuineIntel
cpu family	: 6
model		: 63
model name	: Intel(R) Xeon(R) CPU E5-2650 v3 @ 2.30GHz
stepping	: 2
microcode	: 0x38
cpu MHz		: 2599.988
cache size	: 25600 KB
physical id	: 1
siblings	: 20
core id		: 0
cpu cores	: 10
apicid		: 33
initial apicid	: 33
fpu		: yes
fpu_exception	: yes
cpuid level	: 15
wp		: yes
flags		: fpu vme de pse tsc msr pae mce cx8 apic sep mtrr pge mca cmov pat pse36 clflush dts acpi mmx fxsr sse sse2 ss ht tm pbe syscall nx pdpe1gb rdtscp lm constant_tsc arch_perfmon pebs bts rep_good nopl xtopology nonstop_tsc aperfmperf eagerfpu pni pclmulqdq dtes64 monitor ds_cpl vmx smx est tm2 ssse3 fma cx16 xtpr pdcm pcid dca sse4_1 sse4_2 x2apic movbe popcnt tsc_deadline_timer aes xsave avx f16c rdrand lahf_lm abm ida arat epb pln pts dtherm tpr_shadow vnmi flexpriority ept vpid fsgsbase tsc_adjust bmi1 avx2 smep bmi2 erms invpcid cqm xsaveopt cqm_llc cqm_occup_llc
bogomips	: 4598.36
clflush size	: 64
cache_alignment	: 64
address sizes	: 46 bits physical, 48 bits virtual
power management:

processor	: 22
vendor_id	: GenuineIntel
cpu family	: 6
model		: 63
model name	: Intel(R) Xeon(R) CPU E5-2650 v3 @ 2.30GHz
stepping	: 2
microcode	: 0x38
cpu MHz		: 1580.261
cache size	: 25600 KB
physical id	: 0
siblings	: 20
core id		: 1
cpu cores	: 10
apicid		: 3
initial apicid	: 3
fpu		: yes
fpu_exception	: yes
cpuid level	: 15
wp		: yes
flags		: fpu vme de pse tsc msr pae mce cx8 apic sep mtrr pge mca cmov pat pse36 clflush dts acpi mmx fxsr sse sse2 ss ht tm pbe syscall nx pdpe1gb rdtscp lm constant_tsc arch_perfmon pebs bts rep_good nopl xtopology nonstop_tsc aperfmperf eagerfpu pni pclmulqdq dtes64 monitor ds_cpl vmx smx est tm2 ssse3 fma cx16 xtpr pdcm pcid dca sse4_1 sse4_2 x2apic movbe popcnt tsc_deadline_timer aes xsave avx f16c rdrand lahf_lm abm ida arat epb pln pts dtherm tpr_shadow vnmi flexpriority ept vpid fsgsbase tsc_adjust bmi1 avx2 smep bmi2 erms invpcid cqm xsaveopt cqm_llc cqm_occup_llc
bogomips	: 4594.72
clflush size	: 64
cache_alignment	: 64
address sizes	: 46 bits physical, 48 bits virtual
power management:

processor	: 23
vendor_id	: GenuineIntel
cpu family	: 6
model		: 63
model name	: Intel(R) Xeon(R) CPU E5-2650 v3 @ 2.30GHz
stepping	: 2
microcode	: 0x38
cpu MHz		: 1499.132
cache size	: 25600 KB
physical id	: 1
siblings	: 20
core id		: 1
cpu cores	: 10
apicid		: 35
initial apicid	: 35
fpu		: yes
fpu_exception	: yes
cpuid level	: 15
wp		: yes
flags		: fpu vme de pse tsc msr pae mce cx8 apic sep mtrr pge mca cmov pat pse36 clflush dts acpi mmx fxsr sse sse2 ss ht tm pbe syscall nx pdpe1gb rdtscp lm constant_tsc arch_perfmon pebs bts rep_good nopl xtopology nonstop_tsc aperfmperf eagerfpu pni pclmulqdq dtes64 monitor ds_cpl vmx smx est tm2 ssse3 fma cx16 xtpr pdcm pcid dca sse4_1 sse4_2 x2apic movbe popcnt tsc_deadline_timer aes xsave avx f16c rdrand lahf_lm abm ida arat epb pln pts dtherm tpr_shadow vnmi flexpriority ept vpid fsgsbase tsc_adjust bmi1 avx2 smep bmi2 erms invpcid cqm xsaveopt cqm_llc cqm_occup_llc
bogomips	: 4598.36
clflush size	: 64
cache_alignment	: 64
address sizes	: 46 bits physical, 48 bits virtual
power management:

processor	: 24
vendor_id	: GenuineIntel
cpu family	: 6
model		: 63
model name	: Intel(R) Xeon(R) CPU E5-2650 v3 @ 2.30GHz
stepping	: 2
microcode	: 0x38
cpu MHz		: 1199.953
cache size	: 25600 KB
physical id	: 0
siblings	: 20
core id		: 2
cpu cores	: 10
apicid		: 5
initial apicid	: 5
fpu		: yes
fpu_exception	: yes
cpuid level	: 15
wp		: yes
flags		: fpu vme de pse tsc msr pae mce cx8 apic sep mtrr pge mca cmov pat pse36 clflush dts acpi mmx fxsr sse sse2 ss ht tm pbe syscall nx pdpe1gb rdtscp lm constant_tsc arch_perfmon pebs bts rep_good nopl xtopology nonstop_tsc aperfmperf eagerfpu pni pclmulqdq dtes64 monitor ds_cpl vmx smx est tm2 ssse3 fma cx16 xtpr pdcm pcid dca sse4_1 sse4_2 x2apic movbe popcnt tsc_deadline_timer aes xsave avx f16c rdrand lahf_lm abm ida arat epb pln pts dtherm tpr_shadow vnmi flexpriority ept vpid fsgsbase tsc_adjust bmi1 avx2 smep bmi2 erms invpcid cqm xsaveopt cqm_llc cqm_occup_llc
bogomips	: 4594.72
clflush size	: 64
cache_alignment	: 64
address sizes	: 46 bits physical, 48 bits virtual
power management:

processor	: 25
vendor_id	: GenuineIntel
cpu family	: 6
model		: 63
model name	: Intel(R) Xeon(R) CPU E5-2650 v3 @ 2.30GHz
stepping	: 2
microcode	: 0x38
cpu MHz		: 1499.132
cache size	: 25600 KB
physical id	: 1
siblings	: 20
core id		: 2
cpu cores	: 10
apicid		: 37
initial apicid	: 37
fpu		: yes
fpu_exception	: yes
cpuid level	: 15
wp		: yes
flags		: fpu vme de pse tsc msr pae mce cx8 apic sep mtrr pge mca cmov pat pse36 clflush dts acpi mmx fxsr sse sse2 ss ht tm pbe syscall nx pdpe1gb rdtscp lm constant_tsc arch_perfmon pebs bts rep_good nopl xtopology nonstop_tsc aperfmperf eagerfpu pni pclmulqdq dtes64 monitor ds_cpl vmx smx est tm2 ssse3 fma cx16 xtpr pdcm pcid dca sse4_1 sse4_2 x2apic movbe popcnt tsc_deadline_timer aes xsave avx f16c rdrand lahf_lm abm ida arat epb pln pts dtherm tpr_shadow vnmi flexpriority ept vpid fsgsbase tsc_adjust bmi1 avx2 smep bmi2 erms invpcid cqm xsaveopt cqm_llc cqm_occup_llc
bogomips	: 4598.36
clflush size	: 64
cache_alignment	: 64
address sizes	: 46 bits physical, 48 bits virtual
power management:

processor	: 26
vendor_id	: GenuineIntel
cpu family	: 6
model		: 63
model name	: Intel(R) Xeon(R) CPU E5-2650 v3 @ 2.30GHz
stepping	: 2
microcode	: 0x38
cpu MHz		: 1399.496
cache size	: 25600 KB
physical id	: 0
siblings	: 20
core id		: 3
cpu cores	: 10
apicid		: 7
initial apicid	: 7
fpu		: yes
fpu_exception	: yes
cpuid level	: 15
wp		: yes
flags		: fpu vme de pse tsc msr pae mce cx8 apic sep mtrr pge mca cmov pat pse36 clflush dts acpi mmx fxsr sse sse2 ss ht tm pbe syscall nx pdpe1gb rdtscp lm constant_tsc arch_perfmon pebs bts rep_good nopl xtopology nonstop_tsc aperfmperf eagerfpu pni pclmulqdq dtes64 monitor ds_cpl vmx smx est tm2 ssse3 fma cx16 xtpr pdcm pcid dca sse4_1 sse4_2 x2apic movbe popcnt tsc_deadline_timer aes xsave avx f16c rdrand lahf_lm abm ida arat epb pln pts dtherm tpr_shadow vnmi flexpriority ept vpid fsgsbase tsc_adjust bmi1 avx2 smep bmi2 erms invpcid cqm xsaveopt cqm_llc cqm_occup_llc
bogomips	: 4594.72
clflush size	: 64
cache_alignment	: 64
address sizes	: 46 bits physical, 48 bits virtual
power management:

processor	: 27
vendor_id	: GenuineIntel
cpu family	: 6
model		: 63
model name	: Intel(R) Xeon(R) CPU E5-2650 v3 @ 2.30GHz
stepping	: 2
microcode	: 0x38
cpu MHz		: 1208.128
cache size	: 25600 KB
physical id	: 1
siblings	: 20
core id		: 3
cpu cores	: 10
apicid		: 39
initial apicid	: 39
fpu		: yes
fpu_exception	: yes
cpuid level	: 15
wp		: yes
flags		: fpu vme de pse tsc msr pae mce cx8 apic sep mtrr pge mca cmov pat pse36 clflush dts acpi mmx fxsr sse sse2 ss ht tm pbe syscall nx pdpe1gb rdtscp lm constant_tsc arch_perfmon pebs bts rep_good nopl xtopology nonstop_tsc aperfmperf eagerfpu pni pclmulqdq dtes64 monitor ds_cpl vmx smx est tm2 ssse3 fma cx16 xtpr pdcm pcid dca sse4_1 sse4_2 x2apic movbe popcnt tsc_deadline_timer aes xsave avx f16c rdrand lahf_lm abm ida arat epb pln pts dtherm tpr_shadow vnmi flexpriority ept vpid fsgsbase tsc_adjust bmi1 avx2 smep bmi2 erms invpcid cqm xsaveopt cqm_llc cqm_occup_llc
bogomips	: 4598.36
clflush size	: 64
cache_alignment	: 64
address sizes	: 46 bits physical, 48 bits virtual
power management:

processor	: 28
vendor_id	: GenuineIntel
cpu family	: 6
model		: 63
model name	: Intel(R) Xeon(R) CPU E5-2650 v3 @ 2.30GHz
stepping	: 2
microcode	: 0x38
cpu MHz		: 2599.988
cache size	: 25600 KB
physical id	: 0
siblings	: 20
core id		: 4
cpu cores	: 10
apicid		: 9
initial apicid	: 9
fpu		: yes
fpu_exception	: yes
cpuid level	: 15
wp		: yes
flags		: fpu vme de pse tsc msr pae mce cx8 apic sep mtrr pge mca cmov pat pse36 clflush dts acpi mmx fxsr sse sse2 ss ht tm pbe syscall nx pdpe1gb rdtscp lm constant_tsc arch_perfmon pebs bts rep_good nopl xtopology nonstop_tsc aperfmperf eagerfpu pni pclmulqdq dtes64 monitor ds_cpl vmx smx est tm2 ssse3 fma cx16 xtpr pdcm pcid dca sse4_1 sse4_2 x2apic movbe popcnt tsc_deadline_timer aes xsave avx f16c rdrand lahf_lm abm ida arat epb pln pts dtherm tpr_shadow vnmi flexpriority ept vpid fsgsbase tsc_adjust bmi1 avx2 smep bmi2 erms invpcid cqm xsaveopt cqm_llc cqm_occup_llc
bogomips	: 4594.72
clflush size	: 64
cache_alignment	: 64
address sizes	: 46 bits physical, 48 bits virtual
power management:

processor	: 29
vendor_id	: GenuineIntel
cpu family	: 6
model		: 63
model name	: Intel(R) Xeon(R) CPU E5-2650 v3 @ 2.30GHz
stepping	: 2
microcode	: 0x38
cpu MHz		: 2599.988
cache size	: 25600 KB
physical id	: 1
siblings	: 20
core id		: 4
cpu cores	: 10
apicid		: 41
initial apicid	: 41
fpu		: yes
fpu_exception	: yes
cpuid level	: 15
wp		: yes
flags		: fpu vme de pse tsc msr pae mce cx8 apic sep mtrr pge mca cmov pat pse36 clflush dts acpi mmx fxsr sse sse2 ss ht tm pbe syscall nx pdpe1gb rdtscp lm constant_tsc arch_perfmon pebs bts rep_good nopl xtopology nonstop_tsc aperfmperf eagerfpu pni pclmulqdq dtes64 monitor ds_cpl vmx smx est tm2 ssse3 fma cx16 xtpr pdcm pcid dca sse4_1 sse4_2 x2apic movbe popcnt tsc_deadline_timer aes xsave avx f16c rdrand lahf_lm abm ida arat epb pln pts dtherm tpr_shadow vnmi flexpriority ept vpid fsgsbase tsc_adjust bmi1 avx2 smep bmi2 erms invpcid cqm xsaveopt cqm_llc cqm_occup_llc
bogomips	: 4598.36
clflush size	: 64
cache_alignment	: 64
address sizes	: 46 bits physical, 48 bits virtual
power management:

processor	: 30
vendor_id	: GenuineIntel
cpu family	: 6
model		: 63
model name	: Intel(R) Xeon(R) CPU E5-2650 v3 @ 2.30GHz
stepping	: 2
microcode	: 0x38
cpu MHz		: 1499.492
cache size	: 25600 KB
physical id	: 0
siblings	: 20
core id		: 8
cpu cores	: 10
apicid		: 17
initial apicid	: 17
fpu		: yes
fpu_exception	: yes
cpuid level	: 15
wp		: yes
flags		: fpu vme de pse tsc msr pae mce cx8 apic sep mtrr pge mca cmov pat pse36 clflush dts acpi mmx fxsr sse sse2 ss ht tm pbe syscall nx pdpe1gb rdtscp lm constant_tsc arch_perfmon pebs bts rep_good nopl xtopology nonstop_tsc aperfmperf eagerfpu pni pclmulqdq dtes64 monitor ds_cpl vmx smx est tm2 ssse3 fma cx16 xtpr pdcm pcid dca sse4_1 sse4_2 x2apic movbe popcnt tsc_deadline_timer aes xsave avx f16c rdrand lahf_lm abm ida arat epb pln pts dtherm tpr_shadow vnmi flexpriority ept vpid fsgsbase tsc_adjust bmi1 avx2 smep bmi2 erms invpcid cqm xsaveopt cqm_llc cqm_occup_llc
bogomips	: 4594.72
clflush size	: 64
cache_alignment	: 64
address sizes	: 46 bits physical, 48 bits virtual
power management:

processor	: 31
vendor_id	: GenuineIntel
cpu family	: 6
model		: 63
model name	: Intel(R) Xeon(R) CPU E5-2650 v3 @ 2.30GHz
stepping	: 2
microcode	: 0x38
cpu MHz		: 1499.132
cache size	: 25600 KB
physical id	: 1
siblings	: 20
core id		: 8
cpu cores	: 10
apicid		: 49
initial apicid	: 49
fpu		: yes
fpu_exception	: yes
cpuid level	: 15
wp		: yes
flags		: fpu vme de pse tsc msr pae mce cx8 apic sep mtrr pge mca cmov pat pse36 clflush dts acpi mmx fxsr sse sse2 ss ht tm pbe syscall nx pdpe1gb rdtscp lm constant_tsc arch_perfmon pebs bts rep_good nopl xtopology nonstop_tsc aperfmperf eagerfpu pni pclmulqdq dtes64 monitor ds_cpl vmx smx est tm2 ssse3 fma cx16 xtpr pdcm pcid dca sse4_1 sse4_2 x2apic movbe popcnt tsc_deadline_timer aes xsave avx f16c rdrand lahf_lm abm ida arat epb pln pts dtherm tpr_shadow vnmi flexpriority ept vpid fsgsbase tsc_adjust bmi1 avx2 smep bmi2 erms invpcid cqm xsaveopt cqm_llc cqm_occup_llc
bogomips	: 4598.36
clflush size	: 64
cache_alignment	: 64
address sizes	: 46 bits physical, 48 bits virtual
power management:

processor	: 32
vendor_id	: GenuineIntel
cpu family	: 6
model		: 63
model name	: Intel(R) Xeon(R) CPU E5-2650 v3 @ 2.30GHz
stepping	: 2
microcode	: 0x38
cpu MHz		: 1399.496
cache size	: 25600 KB
physical id	: 0
siblings	: 20
core id		: 9
cpu cores	: 10
apicid		: 19
initial apicid	: 19
fpu		: yes
fpu_exception	: yes
cpuid level	: 15
wp		: yes
flags		: fpu vme de pse tsc msr pae mce cx8 apic sep mtrr pge mca cmov pat pse36 clflush dts acpi mmx fxsr sse sse2 ss ht tm pbe syscall nx pdpe1gb rdtscp lm constant_tsc arch_perfmon pebs bts rep_good nopl xtopology nonstop_tsc aperfmperf eagerfpu pni pclmulqdq dtes64 monitor ds_cpl vmx smx est tm2 ssse3 fma cx16 xtpr pdcm pcid dca sse4_1 sse4_2 x2apic movbe popcnt tsc_deadline_timer aes xsave avx f16c rdrand lahf_lm abm ida arat epb pln pts dtherm tpr_shadow vnmi flexpriority ept vpid fsgsbase tsc_adjust bmi1 avx2 smep bmi2 erms invpcid cqm xsaveopt cqm_llc cqm_occup_llc
bogomips	: 4594.72
clflush size	: 64
cache_alignment	: 64
address sizes	: 46 bits physical, 48 bits virtual
power management:

processor	: 33
vendor_id	: GenuineIntel
cpu family	: 6
model		: 63
model name	: Intel(R) Xeon(R) CPU E5-2650 v3 @ 2.30GHz
stepping	: 2
microcode	: 0x38
cpu MHz		: 2213.480
cache size	: 25600 KB
physical id	: 1
siblings	: 20
core id		: 9
cpu cores	: 10
apicid		: 51
initial apicid	: 51
fpu		: yes
fpu_exception	: yes
cpuid level	: 15
wp		: yes
flags		: fpu vme de pse tsc msr pae mce cx8 apic sep mtrr pge mca cmov pat pse36 clflush dts acpi mmx fxsr sse sse2 ss ht tm pbe syscall nx pdpe1gb rdtscp lm constant_tsc arch_perfmon pebs bts rep_good nopl xtopology nonstop_tsc aperfmperf eagerfpu pni pclmulqdq dtes64 monitor ds_cpl vmx smx est tm2 ssse3 fma cx16 xtpr pdcm pcid dca sse4_1 sse4_2 x2apic movbe popcnt tsc_deadline_timer aes xsave avx f16c rdrand lahf_lm abm ida arat epb pln pts dtherm tpr_shadow vnmi flexpriority ept vpid fsgsbase tsc_adjust bmi1 avx2 smep bmi2 erms invpcid cqm xsaveopt cqm_llc cqm_occup_llc
bogomips	: 4598.36
clflush size	: 64
cache_alignment	: 64
address sizes	: 46 bits physical, 48 bits virtual
power management:

processor	: 34
vendor_id	: GenuineIntel
cpu family	: 6
model		: 63
model name	: Intel(R) Xeon(R) CPU E5-2650 v3 @ 2.30GHz
stepping	: 2
microcode	: 0x38
cpu MHz		: 1295.816
cache size	: 25600 KB
physical id	: 0
siblings	: 20
core id		: 10
cpu cores	: 10
apicid		: 21
initial apicid	: 21
fpu		: yes
fpu_exception	: yes
cpuid level	: 15
wp		: yes
flags		: fpu vme de pse tsc msr pae mce cx8 apic sep mtrr pge mca cmov pat pse36 clflush dts acpi mmx fxsr sse sse2 ss ht tm pbe syscall nx pdpe1gb rdtscp lm constant_tsc arch_perfmon pebs bts rep_good nopl xtopology nonstop_tsc aperfmperf eagerfpu pni pclmulqdq dtes64 monitor ds_cpl vmx smx est tm2 ssse3 fma cx16 xtpr pdcm pcid dca sse4_1 sse4_2 x2apic movbe popcnt tsc_deadline_timer aes xsave avx f16c rdrand lahf_lm abm ida arat epb pln pts dtherm tpr_shadow vnmi flexpriority ept vpid fsgsbase tsc_adjust bmi1 avx2 smep bmi2 erms invpcid cqm xsaveopt cqm_llc cqm_occup_llc
bogomips	: 4594.72
clflush size	: 64
cache_alignment	: 64
address sizes	: 46 bits physical, 48 bits virtual
power management:

processor	: 35
vendor_id	: GenuineIntel
cpu family	: 6
model		: 63
model name	: Intel(R) Xeon(R) CPU E5-2650 v3 @ 2.30GHz
stepping	: 2
microcode	: 0x38
cpu MHz		: 2439.617
cache size	: 25600 KB
physical id	: 1
siblings	: 20
core id		: 10
cpu cores	: 10
apicid		: 53
initial apicid	: 53
fpu		: yes
fpu_exception	: yes
cpuid level	: 15
wp		: yes
flags		: fpu vme de pse tsc msr pae mce cx8 apic sep mtrr pge mca cmov pat pse36 clflush dts acpi mmx fxsr sse sse2 ss ht tm pbe syscall nx pdpe1gb rdtscp lm constant_tsc arch_perfmon pebs bts rep_good nopl xtopology nonstop_tsc aperfmperf eagerfpu pni pclmulqdq dtes64 monitor ds_cpl vmx smx est tm2 ssse3 fma cx16 xtpr pdcm pcid dca sse4_1 sse4_2 x2apic movbe popcnt tsc_deadline_timer aes xsave avx f16c rdrand lahf_lm abm ida arat epb pln pts dtherm tpr_shadow vnmi flexpriority ept vpid fsgsbase tsc_adjust bmi1 avx2 smep bmi2 erms invpcid cqm xsaveopt cqm_llc cqm_occup_llc
bogomips	: 4598.36
clflush size	: 64
cache_alignment	: 64
address sizes	: 46 bits physical, 48 bits virtual
power management:

processor	: 36
vendor_id	: GenuineIntel
cpu family	: 6
model		: 63
model name	: Intel(R) Xeon(R) CPU E5-2650 v3 @ 2.30GHz
stepping	: 2
microcode	: 0x38
cpu MHz		: 1399.496
cache size	: 25600 KB
physical id	: 0
siblings	: 20
core id		: 11
cpu cores	: 10
apicid		: 23
initial apicid	: 23
fpu		: yes
fpu_exception	: yes
cpuid level	: 15
wp		: yes
flags		: fpu vme de pse tsc msr pae mce cx8 apic sep mtrr pge mca cmov pat pse36 clflush dts acpi mmx fxsr sse sse2 ss ht tm pbe syscall nx pdpe1gb rdtscp lm constant_tsc arch_perfmon pebs bts rep_good nopl xtopology nonstop_tsc aperfmperf eagerfpu pni pclmulqdq dtes64 monitor ds_cpl vmx smx est tm2 ssse3 fma cx16 xtpr pdcm pcid dca sse4_1 sse4_2 x2apic movbe popcnt tsc_deadline_timer aes xsave avx f16c rdrand lahf_lm abm ida arat epb pln pts dtherm tpr_shadow vnmi flexpriority ept vpid fsgsbase tsc_adjust bmi1 avx2 smep bmi2 erms invpcid cqm xsaveopt cqm_llc cqm_occup_llc
bogomips	: 4594.72
clflush size	: 64
cache_alignment	: 64
address sizes	: 46 bits physical, 48 bits virtual
power management:

processor	: 37
vendor_id	: GenuineIntel
cpu family	: 6
model		: 63
model name	: Intel(R) Xeon(R) CPU E5-2650 v3 @ 2.30GHz
stepping	: 2
microcode	: 0x38
cpu MHz		: 1499.132
cache size	: 25600 KB
physical id	: 1
siblings	: 20
core id		: 11
cpu cores	: 10
apicid		: 55
initial apicid	: 55
fpu		: yes
fpu_exception	: yes
cpuid level	: 15
wp		: yes
flags		: fpu vme de pse tsc msr pae mce cx8 apic sep mtrr pge mca cmov pat pse36 clflush dts acpi mmx fxsr sse sse2 ss ht tm pbe syscall nx pdpe1gb rdtscp lm constant_tsc arch_perfmon pebs bts rep_good nopl xtopology nonstop_tsc aperfmperf eagerfpu pni pclmulqdq dtes64 monitor ds_cpl vmx smx est tm2 ssse3 fma cx16 xtpr pdcm pcid dca sse4_1 sse4_2 x2apic movbe popcnt tsc_deadline_timer aes xsave avx f16c rdrand lahf_lm abm ida arat epb pln pts dtherm tpr_shadow vnmi flexpriority ept vpid fsgsbase tsc_adjust bmi1 avx2 smep bmi2 erms invpcid cqm xsaveopt cqm_llc cqm_occup_llc
bogomips	: 4598.36
clflush size	: 64
cache_alignment	: 64
address sizes	: 46 bits physical, 48 bits virtual
power management:

processor	: 38
vendor_id	: GenuineIntel
cpu family	: 6
model		: 63
model name	: Intel(R) Xeon(R) CPU E5-2650 v3 @ 2.30GHz
stepping	: 2
microcode	: 0x38
cpu MHz		: 2198.386
cache size	: 25600 KB
physical id	: 0
siblings	: 20
core id		: 12
cpu cores	: 10
apicid		: 25
initial apicid	: 25
fpu		: yes
fpu_exception	: yes
cpuid level	: 15
wp		: yes
flags		: fpu vme de pse tsc msr pae mce cx8 apic sep mtrr pge mca cmov pat pse36 clflush dts acpi mmx fxsr sse sse2 ss ht tm pbe syscall nx pdpe1gb rdtscp lm constant_tsc arch_perfmon pebs bts rep_good nopl xtopology nonstop_tsc aperfmperf eagerfpu pni pclmulqdq dtes64 monitor ds_cpl vmx smx est tm2 ssse3 fma cx16 xtpr pdcm pcid dca sse4_1 sse4_2 x2apic movbe popcnt tsc_deadline_timer aes xsave avx f16c rdrand lahf_lm abm ida arat epb pln pts dtherm tpr_shadow vnmi flexpriority ept vpid fsgsbase tsc_adjust bmi1 avx2 smep bmi2 erms invpcid cqm xsaveopt cqm_llc cqm_occup_llc
bogomips	: 4594.72
clflush size	: 64
cache_alignment	: 64
address sizes	: 46 bits physical, 48 bits virtual
power management:

processor	: 39
vendor_id	: GenuineIntel
cpu family	: 6
model		: 63
model name	: Intel(R) Xeon(R) CPU E5-2650 v3 @ 2.30GHz
stepping	: 2
microcode	: 0x38
cpu MHz		: 1528.781
cache size	: 25600 KB
physical id	: 1
siblings	: 20
core id		: 12
cpu cores	: 10
apicid		: 57
initial apicid	: 57
fpu		: yes
fpu_exception	: yes
cpuid level	: 15
wp		: yes
flags		: fpu vme de pse tsc msr pae mce cx8 apic sep mtrr pge mca cmov pat pse36 clflush dts acpi mmx fxsr sse sse2 ss ht tm pbe syscall nx pdpe1gb rdtscp lm constant_tsc arch_perfmon pebs bts rep_good nopl xtopology nonstop_tsc aperfmperf eagerfpu pni pclmulqdq dtes64 monitor ds_cpl vmx smx est tm2 ssse3 fma cx16 xtpr pdcm pcid dca sse4_1 sse4_2 x2apic movbe popcnt tsc_deadline_timer aes xsave avx f16c rdrand lahf_lm abm ida arat epb pln pts dtherm tpr_shadow vnmi flexpriority ept vpid fsgsbase tsc_adjust bmi1 avx2 smep bmi2 erms invpcid cqm xsaveopt cqm_llc cqm_occup_llc
bogomips	: 4598.36
clflush size	: 64
cache_alignment	: 64
address sizes	: 46 bits physical, 48 bits virtual
power management:



Memory: 4k page, physical 32659268k(219668k free), swap 2559996k(0k free)

vm_info: OpenJDK 64-Bit Server VM (25.111-b15) for linux-amd64 JRE (1.8.0_111-b15), built on Oct 19 2016 15:38:36 by "mockbuild" with gcc 4.8.5 20150623 (Red Hat 4.8.5-4)

time: Thu Jun 22 10:24:53 2017
elapsed time: 2 seconds (0d 0h 0m 2s)

