#
# There is insufficient memory for the Java Runtime Environment to continue.
# Native memory allocation (mmap) failed to map 1058013184 bytes for committing reserved memory.
# Possible reasons:
#   The system is out of physical RAM or swap space
#   In 32 bit mode, the process size limit was hit
# Possible solutions:
#   Reduce memory load on the system
#   Increase physical memory or swap space
#   Check if swap backing store is full
#   Use 64 bit Java on a 64 bit OS
#   Decrease Java heap size (-Xmx/-Xms)
#   Decrease number of Java threads
#   Decrease Java thread stack sizes (-Xss)
#   Set larger code cache with -XX:ReservedCodeCacheSize=
# This output file may be truncated or incomplete.
#
#  Out of Memory Error (os_linux.cpp:2638), pid=96443, tid=0x00007faf540c9700
#
# JRE version: OpenJDK Runtime Environment (8.0_111-b15) (build 1.8.0_111-b15)
# Java VM: OpenJDK 64-Bit Server VM (25.111-b15 mixed mode linux-amd64 compressed oops)
# Failed to write core dump. Core dumps have been disabled. To enable core dumping, try "ulimit -c unlimited" before starting Java again
#

---------------  T H R E A D  ---------------

Current thread (0x00007fafec47e800):  VMThread [stack: 0x00007faf53fc9000,0x00007faf540ca000] [id=96473]

Stack: [0x00007faf53fc9000,0x00007faf540ca000],  sp=0x00007faf540c8460,  free space=1021k
Native frames: (J=compiled Java code, j=interpreted, Vv=VM code, C=native code)
V  [libjvm.so+0xa12cdd]
V  [libjvm.so+0x4c705a]
V  [libjvm.so+0x873c50]
V  [libjvm.so+0x86e34e]
V  [libjvm.so+0x8e5c2b]
V  [libjvm.so+0x8e6900]
V  [libjvm.so+0x8e6c5b]
V  [libjvm.so+0x8e31cc]
V  [libjvm.so+0x8e39a8]
V  [libjvm.so+0x897713]
V  [libjvm.so+0xa14933]
V  [libjvm.so+0xa18ef7]
V  [libjvm.so+0xa178e8]
V  [libjvm.so+0xa17db9]
V  [libjvm.so+0xa18211]
V  [libjvm.so+0x871082]

VM_Operation (0x00007faff46fc3e0): ParallelGCFailedAllocation, mode: safepoint, requested by thread 0x00007fafec009000


---------------  P R O C E S S  ---------------

Java Threads: ( => current thread )
  0x00007fafec4ef800 JavaThread "Service Thread" daemon [_thread_blocked, id=96492, stack(0x00007faf52cb6000,0x00007faf52db7000)]
  0x00007fafec4ea800 JavaThread "C1 CompilerThread14" daemon [_thread_blocked, id=96491, stack(0x00007faf52db7000,0x00007faf52eb8000)]
  0x00007fafec4e8800 JavaThread "C1 CompilerThread13" daemon [_thread_blocked, id=96490, stack(0x00007faf52eb8000,0x00007faf52fb9000)]
  0x00007fafec4e6800 JavaThread "C1 CompilerThread12" daemon [_thread_blocked, id=96489, stack(0x00007faf52fb9000,0x00007faf530ba000)]
  0x00007fafec4e4000 JavaThread "C1 CompilerThread11" daemon [_thread_blocked, id=96488, stack(0x00007faf530ba000,0x00007faf531bb000)]
  0x00007fafec4e2000 JavaThread "C1 CompilerThread10" daemon [_thread_blocked, id=96487, stack(0x00007faf531bb000,0x00007faf532bc000)]
  0x00007fafec4df800 JavaThread "C2 CompilerThread9" daemon [_thread_blocked, id=96486, stack(0x00007faf532bc000,0x00007faf533bd000)]
  0x00007fafec4dd800 JavaThread "C2 CompilerThread8" daemon [_thread_blocked, id=96485, stack(0x00007faf533bd000,0x00007faf534be000)]
  0x00007fafec4db800 JavaThread "C2 CompilerThread7" daemon [_thread_blocked, id=96484, stack(0x00007faf534be000,0x00007faf535bf000)]
  0x00007fafec4d9000 JavaThread "C2 CompilerThread6" daemon [_thread_blocked, id=96483, stack(0x00007faf535bf000,0x00007faf536c0000)]
  0x00007fafec4d7000 JavaThread "C2 CompilerThread5" daemon [_thread_blocked, id=96482, stack(0x00007faf536c0000,0x00007faf537c1000)]
  0x00007fafec4cc800 JavaThread "C2 CompilerThread4" daemon [_thread_blocked, id=96481, stack(0x00007faf537c1000,0x00007faf538c2000)]
  0x00007fafec4ca800 JavaThread "C2 CompilerThread3" daemon [_thread_blocked, id=96480, stack(0x00007faf538c2000,0x00007faf539c3000)]
  0x00007fafec4c8000 JavaThread "C2 CompilerThread2" daemon [_thread_blocked, id=96479, stack(0x00007faf539c3000,0x00007faf53ac4000)]
  0x00007fafec4c6800 JavaThread "C2 CompilerThread1" daemon [_thread_blocked, id=96478, stack(0x00007faf53ac4000,0x00007faf53bc5000)]
  0x00007fafec4b9000 JavaThread "C2 CompilerThread0" daemon [_thread_blocked, id=96477, stack(0x00007faf53bc5000,0x00007faf53cc6000)]
  0x00007fafec4b7000 JavaThread "Signal Dispatcher" daemon [_thread_blocked, id=96476, stack(0x00007faf53cc6000,0x00007faf53dc7000)]
  0x00007fafec48d000 JavaThread "Finalizer" daemon [_thread_blocked, id=96475, stack(0x00007faf53dc7000,0x00007faf53ec8000)]
  0x00007fafec488000 JavaThread "Reference Handler" daemon [_thread_blocked, id=96474, stack(0x00007faf53ec8000,0x00007faf53fc9000)]
  0x00007fafec009000 JavaThread "main" [_thread_blocked, id=96444, stack(0x00007faff45fd000,0x00007faff46fe000)]

Other Threads:
=>0x00007fafec47e800 VMThread [stack: 0x00007faf53fc9000,0x00007faf540ca000] [id=96473]
  0x00007fafec4f2000 WatcherThread [stack: 0x00007faf52bb5000,0x00007faf52cb6000] [id=96493]

VM state:at safepoint (normal execution)

VM Mutex/Monitor currently owned by a thread:  ([mutex/lock_event])
[0x00007fafec0063c0] Threads_lock - owner thread: 0x00007fafec47e800
[0x00007fafec0068c0] Heap_lock - owner thread: 0x00007fafec009000

Heap:
 PSYoungGen      total 1079296K, used 315K [0x0000000719e00000, 0x000000075ee00000, 0x00000007c0000000)
  eden space 1028096K, 0% used [0x0000000719e00000,0x0000000719e00000,0x0000000758a00000)
  from space 51200K, 0% used [0x0000000758a00000,0x0000000758a4ec48,0x000000075bc00000)
  to   space 48640K, 0% used [0x000000075be80000,0x000000075be80000,0x000000075ee00000)
 ParOldGen       total 341504K, used 54537K [0x00000005cda00000, 0x00000005e2780000, 0x0000000719e00000)
  object space 341504K, 15% used [0x00000005cda00000,0x00000005d0f427b8,0x00000005e2780000)
 Metaspace       used 6019K, capacity 6128K, committed 6272K, reserved 1056768K
  class space    used 557K, capacity 592K, committed 640K, reserved 1048576K

Card table byte_map: [0x00007faff0413000,0x00007faff13a7000] byte_map_base: 0x00007fafed5a6000

Marking Bits: (ParMarkBitMap*) 0x00007faff38d6320
 Begin Bits: [0x00007faf546d0000, 0x00007faf5c368000)
 End Bits:   [0x00007faf5c368000, 0x00007faf64000000)

Polling page: 0x00007faff4719000

CodeCache: size=245760Kb used=4708Kb max_used=4720Kb free=241051Kb
 bounds [0x00007fafdd000000, 0x00007fafdd4a0000, 0x00007fafec000000]
 total_blobs=693 nmethods=397 adapters=207
 compilation: enabled

Compilation events (10 events):
Event: 2.559 Thread 0x00007fafec4e6800 nmethod 390 0x00007fafdd498050 code [0x00007fafdd498240, 0x00007fafdd498af8]
Event: 2.559 Thread 0x00007fafec4e2000 nmethod 392 0x00007fafdd497350 code [0x00007fafdd497520, 0x00007fafdd497db8]
Event: 2.564 Thread 0x00007fafec4c6800  394       4       java.lang.String::getChars (62 bytes)
Event: 2.564 Thread 0x00007fafec4df800  395       4       java.lang.AbstractStringBuilder::append (50 bytes)
Event: 2.568 Thread 0x00007fafec4c6800 nmethod 394 0x00007fafdd496f10 code [0x00007fafdd497060, 0x00007fafdd4971d8]
Event: 2.570 Thread 0x00007fafec4b9000  396       4       java.lang.StringBuilder::append (8 bytes)
Event: 2.570 Thread 0x00007fafec4df800 nmethod 395 0x00007fafdd4965d0 code [0x00007fafdd496740, 0x00007fafdd496ba8]
Event: 2.579 Thread 0x00007fafec4b9000 nmethod 396 0x00007fafdd49a890 code [0x00007fafdd49aa00, 0x00007fafdd49ae88]
Event: 3.129 Thread 0x00007fafec4dd800  397       4       java.lang.StringBuilder::toString (17 bytes)
Event: 3.134 Thread 0x00007fafec4dd800 nmethod 397 0x00007fafdd49a110 code [0x00007fafdd49a280, 0x00007fafdd49a618]

GC Heap History (10 events):
Event: 2.606 GC heap after
Heap after GC invocations=2 (full 0):
 PSYoungGen      total 278016K, used 20971K [0x0000000719e00000, 0x000000072c200000, 0x00000007c0000000)
  eden space 257024K, 0% used [0x0000000719e00000,0x0000000719e00000,0x0000000729900000)
  from space 20992K, 99% used [0x000000072ad80000,0x000000072c1faf30,0x000000072c200000)
  to   space 20992K, 0% used [0x0000000729900000,0x0000000729900000,0x000000072ad80000)
 ParOldGen       total 341504K, used 33770K [0x00000005cda00000, 0x00000005e2780000, 0x0000000719e00000)
  object space 341504K, 9% used [0x00000005cda00000,0x00000005cfafaba8,0x00000005e2780000)
 Metaspace       used 6019K, capacity 6128K, committed 6272K, reserved 1056768K
  class space    used 557K, capacity 592K, committed 640K, reserved 1048576K
}
Event: 2.798 GC heap before
{Heap before GC invocations=3 (full 0):
 PSYoungGen      total 278016K, used 277977K [0x0000000719e00000, 0x000000072c200000, 0x00000007c0000000)
  eden space 257024K, 99% used [0x0000000719e00000,0x00000007298fb7a8,0x0000000729900000)
  from space 20992K, 99% used [0x000000072ad80000,0x000000072c1faf30,0x000000072c200000)
  to   space 20992K, 0% used [0x0000000729900000,0x0000000729900000,0x000000072ad80000)
 ParOldGen       total 341504K, used 33770K [0x00000005cda00000, 0x00000005e2780000, 0x0000000719e00000)
  object space 341504K, 9% used [0x00000005cda00000,0x00000005cfafaba8,0x00000005e2780000)
 Metaspace       used 6019K, capacity 6128K, committed 6272K, reserved 1056768K
  class space    used 557K, capacity 592K, committed 640K, reserved 1048576K
Event: 2.810 GC heap after
Heap after GC invocations=3 (full 0):
 PSYoungGen      total 278016K, used 20973K [0x0000000719e00000, 0x000000073bd00000, 0x00000007c0000000)
  eden space 257024K, 0% used [0x0000000719e00000,0x0000000719e00000,0x0000000729900000)
  from space 20992K, 99% used [0x0000000729900000,0x000000072ad7b400,0x000000072ad80000)
  to   space 20992K, 0% used [0x000000073a880000,0x000000073a880000,0x000000073bd00000)
 ParOldGen       total 341504K, used 33810K [0x00000005cda00000, 0x00000005e2780000, 0x0000000719e00000)
  object space 341504K, 9% used [0x00000005cda00000,0x00000005cfb04ba8,0x00000005e2780000)
 Metaspace       used 6019K, capacity 6128K, committed 6272K, reserved 1056768K
  class space    used 557K, capacity 592K, committed 640K, reserved 1048576K
}
Event: 2.854 GC heap before
{Heap before GC invocations=4 (full 0):
 PSYoungGen      total 278016K, used 277992K [0x0000000719e00000, 0x000000073bd00000, 0x00000007c0000000)
  eden space 257024K, 99% used [0x0000000719e00000,0x00000007298fece0,0x0000000729900000)
  from space 20992K, 99% used [0x0000000729900000,0x000000072ad7b400,0x000000072ad80000)
  to   space 20992K, 0% used [0x000000073a880000,0x000000073a880000,0x000000073bd00000)
 ParOldGen       total 341504K, used 33810K [0x00000005cda00000, 0x00000005e2780000, 0x0000000719e00000)
  object space 341504K, 9% used [0x00000005cda00000,0x00000005cfb04ba8,0x00000005e2780000)
 Metaspace       used 6019K, capacity 6128K, committed 6272K, reserved 1056768K
  class space    used 557K, capacity 592K, committed 640K, reserved 1048576K
Event: 2.885 GC heap after
Heap after GC invocations=4 (full 0):
 PSYoungGen      total 535040K, used 20980K [0x0000000719e00000, 0x000000073bd00000, 0x00000007c0000000)
  eden space 514048K, 0% used [0x0000000719e00000,0x0000000719e00000,0x0000000739400000)
  from space 20992K, 99% used [0x000000073a880000,0x000000073bcfd2f0,0x000000073bd00000)
  to   space 20992K, 0% used [0x0000000739400000,0x0000000739400000,0x000000073a880000)
 ParOldGen       total 341504K, used 34266K [0x00000005cda00000, 0x00000005e2780000, 0x0000000719e00000)
  object space 341504K, 10% used [0x00000005cda00000,0x00000005cfb76ba8,0x00000005e2780000)
 Metaspace       used 6019K, capacity 6128K, committed 6272K, reserved 1056768K
  class space    used 557K, capacity 592K, committed 640K, reserved 1048576K
}
Event: 3.056 GC heap before
{Heap before GC invocations=5 (full 0):
 PSYoungGen      total 535040K, used 534996K [0x0000000719e00000, 0x000000073bd00000, 0x00000007c0000000)
  eden space 514048K, 99% used [0x0000000719e00000,0x00000007393f7e28,0x0000000739400000)
  from space 20992K, 99% used [0x000000073a880000,0x000000073bcfd2f0,0x000000073bd00000)
  to   space 20992K, 0% used [0x0000000739400000,0x0000000739400000,0x000000073a880000)
 ParOldGen       total 341504K, used 34266K [0x00000005cda00000, 0x00000005e2780000, 0x0000000719e00000)
  object space 341504K, 10% used [0x00000005cda00000,0x00000005cfb76ba8,0x00000005e2780000)
 Metaspace       used 6019K, capacity 6128K, committed 6272K, reserved 1056768K
  class space    used 557K, capacity 592K, committed 640K, reserved 1048576K
Event: 3.088 GC heap after
Heap after GC invocations=5 (full 0):
 PSYoungGen      total 535040K, used 20838K [0x0000000719e00000, 0x000000075f300000, 0x00000007c0000000)
  eden space 514048K, 0% used [0x0000000719e00000,0x0000000719e00000,0x0000000739400000)
  from space 20992K, 99% used [0x0000000739400000,0x000000073a859a58,0x000000073a880000)
  to   space 53760K, 0% used [0x000000075be80000,0x000000075be80000,0x000000075f300000)
 ParOldGen       total 341504K, used 34274K [0x00000005cda00000, 0x00000005e2780000, 0x0000000719e00000)
  object space 341504K, 10% used [0x00000005cda00000,0x00000005cfb78ba8,0x00000005e2780000)
 Metaspace       used 6019K, capacity 6128K, committed 6272K, reserved 1056768K
  class space    used 557K, capacity 592K, committed 640K, reserved 1048576K
}
Event: 3.196 GC heap before
{Heap before GC invocations=6 (full 0):
 PSYoungGen      total 535040K, used 534815K [0x0000000719e00000, 0x000000075f300000, 0x00000007c0000000)
  eden space 514048K, 99% used [0x0000000719e00000,0x00000007393ee1f0,0x0000000739400000)
  from space 20992K, 99% used [0x0000000739400000,0x000000073a859a58,0x000000073a880000)
  to   space 53760K, 0% used [0x000000075be80000,0x000000075be80000,0x000000075f300000)
 ParOldGen       total 341504K, used 34274K [0x00000005cda00000, 0x00000005e2780000, 0x0000000719e00000)
  object space 341504K, 10% used [0x00000005cda00000,0x00000005cfb78ba8,0x00000005e2780000)
 Metaspace       used 6019K, capacity 6128K, committed 6272K, reserved 1056768K
  class space    used 557K, capacity 592K, committed 640K, reserved 1048576K
Event: 3.209 GC heap after
Heap after GC invocations=6 (full 0):
 PSYoungGen      total 1076736K, used 21364K [0x0000000719e00000, 0x000000075ee00000, 0x00000007c0000000)
  eden space 1028096K, 0% used [0x0000000719e00000,0x0000000719e00000,0x0000000758a00000)
  from space 48640K, 43% used [0x000000075be80000,0x000000075d35d128,0x000000075ee00000)
  to   space 51200K, 0% used [0x0000000758a00000,0x0000000758a00000,0x000000075bc00000)
 ParOldGen       total 341504K, used 34274K [0x00000005cda00000, 0x00000005e2780000, 0x0000000719e00000)
  object space 341504K, 10% used [0x00000005cda00000,0x00000005cfb78ba8,0x00000005e2780000)
 Metaspace       used 6019K, capacity 6128K, committed 6272K, reserved 1056768K
  class space    used 557K, capacity 592K, committed 640K, reserved 1048576K
}
Event: 3.659 GC heap before
{Heap before GC invocations=7 (full 0):
 PSYoungGen      total 1076736K, used 1049460K [0x0000000719e00000, 0x000000075ee00000, 0x00000007c0000000)
  eden space 1028096K, 100% used [0x0000000719e00000,0x0000000758a00000,0x0000000758a00000)
  from space 48640K, 43% used [0x000000075be80000,0x000000075d35d128,0x000000075ee00000)
  to   space 51200K, 0% used [0x0000000758a00000,0x0000000758a00000,0x000000075bc00000)
 ParOldGen       total 341504K, used 34274K [0x00000005cda00000, 0x00000005e2780000, 0x0000000719e00000)
  object space 341504K, 10% used [0x00000005cda00000,0x00000005cfb78ba8,0x00000005e2780000)
 Metaspace       used 6019K, capacity 6128K, committed 6272K, reserved 1056768K
  class space    used 557K, capacity 592K, committed 640K, reserved 1048576K

Deoptimization events (5 events):
Event: 2.253 Thread 0x00007fafec009000 Uncommon trap: reason=unstable_if action=reinterpret pc=0x00007fafdd42cc04 method=java.util.HashMap.getNode(ILjava/lang/Object;)Ljava/util/HashMap$Node; @ 62
Event: 2.260 Thread 0x00007fafec009000 Uncommon trap: reason=unstable_if action=reinterpret pc=0x00007fafdd42fd2c method=java.util.HashMap.getNode(ILjava/lang/Object;)Ljava/util/HashMap$Node; @ 62
Event: 2.431 Thread 0x00007fafec009000 Uncommon trap: reason=unstable_if action=reinterpret pc=0x00007fafdd446534 method=org.postgresql.jdbc.PgResultSet.next()Z @ 46
Event: 2.508 Thread 0x00007fafec009000 Uncommon trap: reason=unstable_if action=reinterpret pc=0x00007fafdd46fe10 method=java.util.regex.Matcher.search(I)Z @ 30
Event: 2.511 Thread 0x00007fafec009000 Uncommon trap: reason=unstable_if action=reinterpret pc=0x00007fafdd46dc4c method=java.util.regex.Pattern$Start.match(Ljava/util/regex/Matcher;ILjava/lang/CharSequence;)Z @ 34

Internal exceptions (8 events):
Event: 0.549 Thread 0x00007fafec009000 Exception <a 'java/lang/NoSuchMethodError': Method sun.misc.Unsafe.defineClass(Ljava/lang/String;[BII)Ljava/lang/Class; name or signature does not match> (0x0000000719e07c78) thrown at [/builddir/build/BUILD/java-1.8.0-openjdk-1.8.0.111-1.b15.el7_2.x86_64
Event: 0.549 Thread 0x00007fafec009000 Exception <a 'java/lang/NoSuchMethodError': Method sun.misc.Unsafe.prefetchRead(Ljava/lang/Object;J)V name or signature does not match> (0x0000000719e07f60) thrown at [/builddir/build/BUILD/java-1.8.0-openjdk-1.8.0.111-1.b15.el7_2.x86_64/openjdk/hotspot/s
Event: 1.432 Thread 0x00007fafec009000 Exception <a 'java/security/PrivilegedActionException'> (0x0000000719ef4fd0) thrown at [/builddir/build/BUILD/java-1.8.0-openjdk-1.8.0.111-1.b15.el7_2.x86_64/openjdk/hotspot/src/share/vm/prims/jvm.cpp, line 1396]
Event: 1.432 Thread 0x00007fafec009000 Exception <a 'java/security/PrivilegedActionException'> (0x0000000719ef53c8) thrown at [/builddir/build/BUILD/java-1.8.0-openjdk-1.8.0.111-1.b15.el7_2.x86_64/openjdk/hotspot/src/share/vm/prims/jvm.cpp, line 1396]
Event: 1.432 Thread 0x00007fafec009000 Exception <a 'java/security/PrivilegedActionException'> (0x0000000719ef8068) thrown at [/builddir/build/BUILD/java-1.8.0-openjdk-1.8.0.111-1.b15.el7_2.x86_64/openjdk/hotspot/src/share/vm/prims/jvm.cpp, line 1396]
Event: 1.432 Thread 0x00007fafec009000 Exception <a 'java/security/PrivilegedActionException'> (0x0000000719ef8460) thrown at [/builddir/build/BUILD/java-1.8.0-openjdk-1.8.0.111-1.b15.el7_2.x86_64/openjdk/hotspot/src/share/vm/prims/jvm.cpp, line 1396]
Event: 1.432 Thread 0x00007fafec009000 Exception <a 'java/security/PrivilegedActionException'> (0x0000000719ef9520) thrown at [/builddir/build/BUILD/java-1.8.0-openjdk-1.8.0.111-1.b15.el7_2.x86_64/openjdk/hotspot/src/share/vm/prims/jvm.cpp, line 1396]
Event: 1.432 Thread 0x00007fafec009000 Exception <a 'java/security/PrivilegedActionException'> (0x0000000719ef9918) thrown at [/builddir/build/BUILD/java-1.8.0-openjdk-1.8.0.111-1.b15.el7_2.x86_64/openjdk/hotspot/src/share/vm/prims/jvm.cpp, line 1396]

Events (10 events):
Event: 2.606 Executing VM operation: ParallelGCFailedAllocation done
Event: 2.798 Executing VM operation: ParallelGCFailedAllocation
Event: 2.810 Executing VM operation: ParallelGCFailedAllocation done
Event: 2.854 Executing VM operation: ParallelGCFailedAllocation
Event: 2.885 Executing VM operation: ParallelGCFailedAllocation done
Event: 3.056 Executing VM operation: ParallelGCFailedAllocation
Event: 3.088 Executing VM operation: ParallelGCFailedAllocation done
Event: 3.196 Executing VM operation: ParallelGCFailedAllocation
Event: 3.209 Executing VM operation: ParallelGCFailedAllocation done
Event: 3.659 Executing VM operation: ParallelGCFailedAllocation


Dynamic libraries:
00400000-00401000 r-xp 00000000 fd:00 6298216                            /usr/lib/jvm/java-1.8.0-openjdk-1.8.0.111-1.b15.el7_2.x86_64/jre/bin/java
00600000-00601000 r--p 00000000 fd:00 6298216                            /usr/lib/jvm/java-1.8.0-openjdk-1.8.0.111-1.b15.el7_2.x86_64/jre/bin/java
00601000-00602000 rw-p 00001000 fd:00 6298216                            /usr/lib/jvm/java-1.8.0-openjdk-1.8.0.111-1.b15.el7_2.x86_64/jre/bin/java
013a4000-013c5000 rw-p 00000000 00:00 0                                  [heap]
5cda00000-5e2780000 rw-p 00000000 00:00 0 
5e2780000-719e00000 ---p 00000000 00:00 0 
719e00000-75ee00000 rw-p 00000000 00:00 0 
79df00000-7c0000000 ---p 00000000 00:00 0 
7c0000000-7c00a0000 rw-p 00000000 00:00 0 
7c00a0000-800000000 ---p 00000000 00:00 0 
7faef0000000-7faef0021000 rw-p 00000000 00:00 0 
7faef0021000-7faef4000000 ---p 00000000 00:00 0 
7faef8000000-7faef8502000 rw-p 00000000 00:00 0 
7faef8502000-7faefc000000 ---p 00000000 00:00 0 
7faefc000000-7faefc021000 rw-p 00000000 00:00 0 
7faefc021000-7faf00000000 ---p 00000000 00:00 0 
7faf00000000-7faf00021000 rw-p 00000000 00:00 0 
7faf00021000-7faf04000000 ---p 00000000 00:00 0 
7faf04000000-7faf0403f000 rw-p 00000000 00:00 0 
7faf0403f000-7faf08000000 ---p 00000000 00:00 0 
7faf08000000-7faf080e7000 rw-p 00000000 00:00 0 
7faf080e7000-7faf0c000000 ---p 00000000 00:00 0 
7faf0c000000-7faf0c038000 rw-p 00000000 00:00 0 
7faf0c038000-7faf10000000 ---p 00000000 00:00 0 
7faf10000000-7faf100df000 rw-p 00000000 00:00 0 
7faf100df000-7faf14000000 ---p 00000000 00:00 0 
7faf14000000-7faf14193000 rw-p 00000000 00:00 0 
7faf14193000-7faf18000000 ---p 00000000 00:00 0 
7faf18000000-7faf181d5000 rw-p 00000000 00:00 0 
7faf181d5000-7faf1c000000 ---p 00000000 00:00 0 
7faf1c000000-7faf1c0fd000 rw-p 00000000 00:00 0 
7faf1c0fd000-7faf20000000 ---p 00000000 00:00 0 
7faf20000000-7faf20152000 rw-p 00000000 00:00 0 
7faf20152000-7faf24000000 ---p 00000000 00:00 0 
7faf24000000-7faf2411f000 rw-p 00000000 00:00 0 
7faf2411f000-7faf28000000 ---p 00000000 00:00 0 
7faf28000000-7faf281ee000 rw-p 00000000 00:00 0 
7faf281ee000-7faf2c000000 ---p 00000000 00:00 0 
7faf2c000000-7faf2c08a000 rw-p 00000000 00:00 0 
7faf2c08a000-7faf30000000 ---p 00000000 00:00 0 
7faf30000000-7faf300d2000 rw-p 00000000 00:00 0 
7faf300d2000-7faf34000000 ---p 00000000 00:00 0 
7faf34000000-7faf34137000 rw-p 00000000 00:00 0 
7faf34137000-7faf38000000 ---p 00000000 00:00 0 
7faf38000000-7faf38021000 rw-p 00000000 00:00 0 
7faf38021000-7faf3c000000 ---p 00000000 00:00 0 
7faf3dad9000-7faf44000000 r--p 00000000 fd:00 4860742                    /usr/lib/locale/locale-archive
7faf44000000-7faf44021000 rw-p 00000000 00:00 0 
7faf44021000-7faf48000000 ---p 00000000 00:00 0 
7faf48000000-7faf48021000 rw-p 00000000 00:00 0 
7faf48021000-7faf4c000000 ---p 00000000 00:00 0 
7faf4c000000-7faf4c021000 rw-p 00000000 00:00 0 
7faf4c021000-7faf50000000 ---p 00000000 00:00 0 
7faf5299d000-7faf529b4000 r-xp 00000000 fd:00 6298294                    /usr/lib/jvm/java-1.8.0-openjdk-1.8.0.111-1.b15.el7_2.x86_64/jre/lib/amd64/libnet.so
7faf529b4000-7faf52bb3000 ---p 00017000 fd:00 6298294                    /usr/lib/jvm/java-1.8.0-openjdk-1.8.0.111-1.b15.el7_2.x86_64/jre/lib/amd64/libnet.so
7faf52bb3000-7faf52bb4000 r--p 00016000 fd:00 6298294                    /usr/lib/jvm/java-1.8.0-openjdk-1.8.0.111-1.b15.el7_2.x86_64/jre/lib/amd64/libnet.so
7faf52bb4000-7faf52bb5000 rw-p 00017000 fd:00 6298294                    /usr/lib/jvm/java-1.8.0-openjdk-1.8.0.111-1.b15.el7_2.x86_64/jre/lib/amd64/libnet.so
7faf52bb5000-7faf52bb6000 ---p 00000000 00:00 0 
7faf52bb6000-7faf52cb6000 rw-p 00000000 00:00 0                          [stack:96493]
7faf52cb6000-7faf52cb9000 ---p 00000000 00:00 0 
7faf52cb9000-7faf52db7000 rw-p 00000000 00:00 0                          [stack:96492]
7faf52db7000-7faf52dba000 ---p 00000000 00:00 0 
7faf52dba000-7faf52eb8000 rw-p 00000000 00:00 0                          [stack:96491]
7faf52eb8000-7faf52ebb000 ---p 00000000 00:00 0 
7faf52ebb000-7faf52fb9000 rw-p 00000000 00:00 0                          [stack:96490]
7faf52fb9000-7faf52fbc000 ---p 00000000 00:00 0 
7faf52fbc000-7faf530ba000 rw-p 00000000 00:00 0                          [stack:96489]
7faf530ba000-7faf530bd000 ---p 00000000 00:00 0 
7faf530bd000-7faf531bb000 rw-p 00000000 00:00 0                          [stack:96488]
7faf531bb000-7faf531be000 ---p 00000000 00:00 0 
7faf531be000-7faf532bc000 rw-p 00000000 00:00 0                          [stack:96487]
7faf532bc000-7faf532bf000 ---p 00000000 00:00 0 
7faf532bf000-7faf533bd000 rw-p 00000000 00:00 0                          [stack:96486]
7faf533bd000-7faf533c0000 ---p 00000000 00:00 0 
7faf533c0000-7faf534be000 rw-p 00000000 00:00 0                          [stack:96485]
7faf534be000-7faf534c1000 ---p 00000000 00:00 0 
7faf534c1000-7faf535bf000 rw-p 00000000 00:00 0                          [stack:96484]
7faf535bf000-7faf535c2000 ---p 00000000 00:00 0 
7faf535c2000-7faf536c0000 rw-p 00000000 00:00 0                          [stack:96483]
7faf536c0000-7faf536c3000 ---p 00000000 00:00 0 
7faf536c3000-7faf537c1000 rw-p 00000000 00:00 0                          [stack:96482]
7faf537c1000-7faf537c4000 ---p 00000000 00:00 0 
7faf537c4000-7faf538c2000 rw-p 00000000 00:00 0                          [stack:96481]
7faf538c2000-7faf538c5000 ---p 00000000 00:00 0 
7faf538c5000-7faf539c3000 rw-p 00000000 00:00 0                          [stack:96480]
7faf539c3000-7faf539c6000 ---p 00000000 00:00 0 
7faf539c6000-7faf53ac4000 rw-p 00000000 00:00 0                          [stack:96479]
7faf53ac4000-7faf53ac7000 ---p 00000000 00:00 0 
7faf53ac7000-7faf53bc5000 rw-p 00000000 00:00 0                          [stack:96478]
7faf53bc5000-7faf53bc8000 ---p 00000000 00:00 0 
7faf53bc8000-7faf53cc6000 rw-p 00000000 00:00 0                          [stack:96477]
7faf53cc6000-7faf53cc9000 ---p 00000000 00:00 0 
7faf53cc9000-7faf53dc7000 rw-p 00000000 00:00 0                          [stack:96476]
7faf53dc7000-7faf53dca000 ---p 00000000 00:00 0 
7faf53dca000-7faf53ec8000 rw-p 00000000 00:00 0                          [stack:96475]
7faf53ec8000-7faf53ecb000 ---p 00000000 00:00 0 
7faf53ecb000-7faf53fc9000 rw-p 00000000 00:00 0                          [stack:96474]
7faf53fc9000-7faf53fca000 ---p 00000000 00:00 0 
7faf53fca000-7faf64000000 rw-p 00000000 00:00 0                          [stack:96473]
7faf64000000-7faf64021000 rw-p 00000000 00:00 0 
7faf64021000-7faf68000000 ---p 00000000 00:00 0 
7faf68000000-7faf68021000 rw-p 00000000 00:00 0 
7faf68021000-7faf6c000000 ---p 00000000 00:00 0 
7faf6c000000-7faf6c021000 rw-p 00000000 00:00 0 
7faf6c021000-7faf70000000 ---p 00000000 00:00 0 
7faf70000000-7faf70021000 rw-p 00000000 00:00 0 
7faf70021000-7faf74000000 ---p 00000000 00:00 0 
7faf74000000-7faf74021000 rw-p 00000000 00:00 0 
7faf74021000-7faf78000000 ---p 00000000 00:00 0 
7faf78000000-7faf78021000 rw-p 00000000 00:00 0 
7faf78021000-7faf7c000000 ---p 00000000 00:00 0 
7faf7c000000-7faf7c021000 rw-p 00000000 00:00 0 
7faf7c021000-7faf80000000 ---p 00000000 00:00 0 
7faf80000000-7faf80021000 rw-p 00000000 00:00 0 
7faf80021000-7faf84000000 ---p 00000000 00:00 0 
7faf84000000-7faf84021000 rw-p 00000000 00:00 0 
7faf84021000-7faf88000000 ---p 00000000 00:00 0 
7faf88000000-7faf88021000 rw-p 00000000 00:00 0 
7faf88021000-7faf8c000000 ---p 00000000 00:00 0 
7faf8c0c1000-7faf90000000 rw-p 00000000 00:00 0 
7faf90000000-7faf90021000 rw-p 00000000 00:00 0 
7faf90021000-7faf94000000 ---p 00000000 00:00 0 
7faf94000000-7faf94021000 rw-p 00000000 00:00 0 
7faf94021000-7faf98000000 ---p 00000000 00:00 0 
7faf98000000-7faf98021000 rw-p 00000000 00:00 0 
7faf98021000-7faf9c000000 ---p 00000000 00:00 0 
7faf9c000000-7faf9c021000 rw-p 00000000 00:00 0 
7faf9c021000-7fafa0000000 ---p 00000000 00:00 0 
7fafa0000000-7fafa0021000 rw-p 00000000 00:00 0 
7fafa0021000-7fafa4000000 ---p 00000000 00:00 0 
7fafa4000000-7fafa4021000 rw-p 00000000 00:00 0 
7fafa4021000-7fafa8000000 ---p 00000000 00:00 0 
7fafa8000000-7fafa8021000 rw-p 00000000 00:00 0 
7fafa8021000-7fafac000000 ---p 00000000 00:00 0 
7fafac000000-7fafac021000 rw-p 00000000 00:00 0 
7fafac021000-7fafb0000000 ---p 00000000 00:00 0 
7fafb0000000-7fafb0021000 rw-p 00000000 00:00 0 
7fafb0021000-7fafb4000000 ---p 00000000 00:00 0 
7fafb4000000-7fafb4021000 rw-p 00000000 00:00 0 
7fafb4021000-7fafb8000000 ---p 00000000 00:00 0 
7fafb8000000-7fafb8021000 rw-p 00000000 00:00 0 
7fafb8021000-7fafbc000000 ---p 00000000 00:00 0 
7fafbc000000-7fafbc021000 rw-p 00000000 00:00 0 
7fafbc021000-7fafc0000000 ---p 00000000 00:00 0 
7fafc0000000-7fafc0021000 rw-p 00000000 00:00 0 
7fafc0021000-7fafc4000000 ---p 00000000 00:00 0 
7fafc4000000-7fafc4021000 rw-p 00000000 00:00 0 
7fafc4021000-7fafc8000000 ---p 00000000 00:00 0 
7fafc8000000-7fafc8021000 rw-p 00000000 00:00 0 
7fafc8021000-7fafcc000000 ---p 00000000 00:00 0 
7fafcc000000-7fafcc021000 rw-p 00000000 00:00 0 
7fafcc021000-7fafd0000000 ---p 00000000 00:00 0 
7fafd0000000-7fafd0021000 rw-p 00000000 00:00 0 
7fafd0021000-7fafd4000000 ---p 00000000 00:00 0 
7fafd4000000-7fafd4021000 rw-p 00000000 00:00 0 
7fafd4021000-7fafd8000000 ---p 00000000 00:00 0 
7fafd80f5000-7fafd9354000 rw-p 00000000 00:00 0 
7fafd9354000-7fafd9522000 r--s 043c8000 fd:00 6037616                    /usr/lib/jvm/java-1.8.0-openjdk-1.8.0.111-1.b15.el7_2.x86_64/jre/lib/rt.jar
7fafd9522000-7fafd9b73000 rw-p 00000000 00:00 0 
7fafd9b73000-7fafd9df3000 ---p 00000000 00:00 0 
7fafd9df3000-7fafdad86000 rw-p 00000000 00:00 0 
7fafdad86000-7fafdad87000 ---p 00000000 00:00 0 
7fafdad87000-7fafdae87000 rw-p 00000000 00:00 0                          [stack:96472]
7fafdae87000-7fafdae88000 ---p 00000000 00:00 0 
7fafdae88000-7fafdaf88000 rw-p 00000000 00:00 0                          [stack:96471]
7fafdaf88000-7fafdaf89000 ---p 00000000 00:00 0 
7fafdaf89000-7fafdb089000 rw-p 00000000 00:00 0                          [stack:96470]
7fafdb089000-7fafdb08a000 ---p 00000000 00:00 0 
7fafdb08a000-7fafdb18a000 rw-p 00000000 00:00 0                          [stack:96469]
7fafdb18a000-7fafdb18b000 ---p 00000000 00:00 0 
7fafdb18b000-7fafdb28b000 rw-p 00000000 00:00 0                          [stack:96468]
7fafdb28b000-7fafdb28c000 ---p 00000000 00:00 0 
7fafdb28c000-7fafdb38c000 rw-p 00000000 00:00 0                          [stack:96467]
7fafdb38c000-7fafdb38d000 ---p 00000000 00:00 0 
7fafdb38d000-7fafdb48d000 rw-p 00000000 00:00 0                          [stack:96466]
7fafdb48d000-7fafdb48e000 ---p 00000000 00:00 0 
7fafdb48e000-7fafdb58e000 rw-p 00000000 00:00 0                          [stack:96465]
7fafdb58e000-7fafdb58f000 ---p 00000000 00:00 0 
7fafdb58f000-7fafdb68f000 rw-p 00000000 00:00 0                          [stack:96464]
7fafdb68f000-7fafdb690000 ---p 00000000 00:00 0 
7fafdb690000-7fafdb790000 rw-p 00000000 00:00 0                          [stack:96463]
7fafdb790000-7fafdb791000 ---p 00000000 00:00 0 
7fafdb791000-7fafdb891000 rw-p 00000000 00:00 0                          [stack:96462]
7fafdb891000-7fafdb892000 ---p 00000000 00:00 0 
7fafdb892000-7fafdb992000 rw-p 00000000 00:00 0                          [stack:96461]
7fafdb992000-7fafdb993000 ---p 00000000 00:00 0 
7fafdb993000-7fafdba93000 rw-p 00000000 00:00 0                          [stack:96460]
7fafdba93000-7fafdba94000 ---p 00000000 00:00 0 
7fafdba94000-7fafdbb94000 rw-p 00000000 00:00 0                          [stack:96459]
7fafdbb94000-7fafdbb95000 ---p 00000000 00:00 0 
7fafdbb95000-7fafdbc95000 rw-p 00000000 00:00 0                          [stack:96458]
7fafdbc95000-7fafdbc96000 ---p 00000000 00:00 0 
7fafdbc96000-7fafdbd96000 rw-p 00000000 00:00 0                          [stack:96457]
7fafdbd96000-7fafdbd97000 ---p 00000000 00:00 0 
7fafdbd97000-7fafdbe97000 rw-p 00000000 00:00 0                          [stack:96456]
7fafdbe97000-7fafdbe98000 ---p 00000000 00:00 0 
7fafdbe98000-7fafdbf98000 rw-p 00000000 00:00 0                          [stack:96455]
7fafdbf98000-7fafdbf99000 ---p 00000000 00:00 0 
7fafdbf99000-7fafdc099000 rw-p 00000000 00:00 0                          [stack:96454]
7fafdc099000-7fafdc09a000 ---p 00000000 00:00 0 
7fafdc09a000-7fafdc19a000 rw-p 00000000 00:00 0                          [stack:96453]
7fafdc19a000-7fafdc19b000 ---p 00000000 00:00 0 
7fafdc19b000-7fafdc29b000 rw-p 00000000 00:00 0                          [stack:96452]
7fafdc29b000-7fafdc29c000 ---p 00000000 00:00 0 
7fafdc29c000-7fafdc39c000 rw-p 00000000 00:00 0                          [stack:96451]
7fafdc39c000-7fafdc39d000 ---p 00000000 00:00 0 
7fafdc39d000-7fafdc49d000 rw-p 00000000 00:00 0                          [stack:96450]
7fafdc49d000-7fafdc49e000 ---p 00000000 00:00 0 
7fafdc49e000-7fafdc645000 rw-p 00000000 00:00 0                          [stack:96449]
7fafdc645000-7fafdd000000 ---p 00000000 00:00 0 
7fafdd000000-7fafdd4a0000 rwxp 00000000 00:00 0 
7fafdd4a0000-7fafec000000 ---p 00000000 00:00 0 
7fafec000000-7fafec654000 rw-p 00000000 00:00 0 
7fafec654000-7faff0000000 ---p 00000000 00:00 0 
7faff000f000-7faff0010000 ---p 00000000 00:00 0 
7faff0010000-7faff0110000 rw-p 00000000 00:00 0                          [stack:96448]
7faff0110000-7faff0111000 ---p 00000000 00:00 0 
7faff0111000-7faff0211000 rw-p 00000000 00:00 0                          [stack:96447]
7faff0211000-7faff0212000 ---p 00000000 00:00 0 
7faff0212000-7faff0312000 rw-p 00000000 00:00 0                          [stack:96446]
7faff0312000-7faff0313000 ---p 00000000 00:00 0 
7faff0313000-7faff04ba000 rw-p 00000000 00:00 0                          [stack:96445]
7faff04ba000-7faff0e75000 ---p 00000000 00:00 0 
7faff0e75000-7faff109d000 rw-p 00000000 00:00 0 
7faff109d000-7faff13a6000 ---p 00000000 00:00 0 
7faff13a6000-7faff13ba000 rw-p 00000000 00:00 0 
7faff13ba000-7faff1767000 ---p 00000000 00:00 0 
7faff1767000-7faff176f000 r-xp 00000000 fd:00 6298301                    /usr/lib/jvm/java-1.8.0-openjdk-1.8.0.111-1.b15.el7_2.x86_64/jre/lib/amd64/libzip.so
7faff176f000-7faff196e000 ---p 00008000 fd:00 6298301                    /usr/lib/jvm/java-1.8.0-openjdk-1.8.0.111-1.b15.el7_2.x86_64/jre/lib/amd64/libzip.so
7faff196e000-7faff196f000 r--p 00007000 fd:00 6298301                    /usr/lib/jvm/java-1.8.0-openjdk-1.8.0.111-1.b15.el7_2.x86_64/jre/lib/amd64/libzip.so
7faff196f000-7faff1970000 rw-p 00008000 fd:00 6298301                    /usr/lib/jvm/java-1.8.0-openjdk-1.8.0.111-1.b15.el7_2.x86_64/jre/lib/amd64/libzip.so
7faff1970000-7faff197c000 r-xp 00000000 fd:00 4598496                    /usr/lib64/libnss_files-2.17.so
7faff197c000-7faff1b7b000 ---p 0000c000 fd:00 4598496                    /usr/lib64/libnss_files-2.17.so
7faff1b7b000-7faff1b7c000 r--p 0000b000 fd:00 4598496                    /usr/lib64/libnss_files-2.17.so
7faff1b7c000-7faff1b7d000 rw-p 0000c000 fd:00 4598496                    /usr/lib64/libnss_files-2.17.so
7faff1b7d000-7faff1b83000 rw-p 00000000 00:00 0 
7faff1b83000-7faff1bb0000 r-xp 00000000 fd:00 6298242                    /usr/lib/jvm/java-1.8.0-openjdk-1.8.0.111-1.b15.el7_2.x86_64/jre/lib/amd64/libjava.so
7faff1bb0000-7faff1db0000 ---p 0002d000 fd:00 6298242                    /usr/lib/jvm/java-1.8.0-openjdk-1.8.0.111-1.b15.el7_2.x86_64/jre/lib/amd64/libjava.so
7faff1db0000-7faff1db1000 r--p 0002d000 fd:00 6298242                    /usr/lib/jvm/java-1.8.0-openjdk-1.8.0.111-1.b15.el7_2.x86_64/jre/lib/amd64/libjava.so
7faff1db1000-7faff1db3000 rw-p 0002e000 fd:00 6298242                    /usr/lib/jvm/java-1.8.0-openjdk-1.8.0.111-1.b15.el7_2.x86_64/jre/lib/amd64/libjava.so
7faff1db3000-7faff1dc0000 r-xp 00000000 fd:00 6298300                    /usr/lib/jvm/java-1.8.0-openjdk-1.8.0.111-1.b15.el7_2.x86_64/jre/lib/amd64/libverify.so
7faff1dc0000-7faff1fbf000 ---p 0000d000 fd:00 6298300                    /usr/lib/jvm/java-1.8.0-openjdk-1.8.0.111-1.b15.el7_2.x86_64/jre/lib/amd64/libverify.so
7faff1fbf000-7faff1fc1000 r--p 0000c000 fd:00 6298300                    /usr/lib/jvm/java-1.8.0-openjdk-1.8.0.111-1.b15.el7_2.x86_64/jre/lib/amd64/libverify.so
7faff1fc1000-7faff1fc2000 rw-p 0000e000 fd:00 6298300                    /usr/lib/jvm/java-1.8.0-openjdk-1.8.0.111-1.b15.el7_2.x86_64/jre/lib/amd64/libverify.so
7faff1fc2000-7faff1fc9000 r-xp 00000000 fd:00 4598499                    /usr/lib64/librt-2.17.so
7faff1fc9000-7faff21c8000 ---p 00007000 fd:00 4598499                    /usr/lib64/librt-2.17.so
7faff21c8000-7faff21c9000 r--p 00006000 fd:00 4598499                    /usr/lib64/librt-2.17.so
7faff21c9000-7faff21ca000 rw-p 00007000 fd:00 4598499                    /usr/lib64/librt-2.17.so
7faff21ca000-7faff21df000 r-xp 00000000 fd:00 4597670                    /usr/lib64/libgcc_s-4.8.5-20150702.so.1
7faff21df000-7faff23de000 ---p 00015000 fd:00 4597670                    /usr/lib64/libgcc_s-4.8.5-20150702.so.1
7faff23de000-7faff23df000 r--p 00014000 fd:00 4597670                    /usr/lib64/libgcc_s-4.8.5-20150702.so.1
7faff23df000-7faff23e0000 rw-p 00015000 fd:00 4597670                    /usr/lib64/libgcc_s-4.8.5-20150702.so.1
7faff23e0000-7faff24e1000 r-xp 00000000 fd:00 4598493                    /usr/lib64/libm-2.17.so
7faff24e1000-7faff26e0000 ---p 00101000 fd:00 4598493                    /usr/lib64/libm-2.17.so
7faff26e0000-7faff26e1000 r--p 00100000 fd:00 4598493                    /usr/lib64/libm-2.17.so
7faff26e1000-7faff26e2000 rw-p 00101000 fd:00 4598493                    /usr/lib64/libm-2.17.so
7faff26e2000-7faff27cb000 r-xp 00000000 fd:00 4597158                    /usr/lib64/libstdc++.so.6.0.19
7faff27cb000-7faff29cb000 ---p 000e9000 fd:00 4597158                    /usr/lib64/libstdc++.so.6.0.19
7faff29cb000-7faff29d3000 r--p 000e9000 fd:00 4597158                    /usr/lib64/libstdc++.so.6.0.19
7faff29d3000-7faff29d5000 rw-p 000f1000 fd:00 4597158                    /usr/lib64/libstdc++.so.6.0.19
7faff29d5000-7faff29ea000 rw-p 00000000 00:00 0 
7faff29ea000-7faff35fa000 r-xp 00000000 fd:00 6298305                    /usr/lib/jvm/java-1.8.0-openjdk-1.8.0.111-1.b15.el7_2.x86_64/jre/lib/amd64/server/libjvm.so
7faff35fa000-7faff37f9000 ---p 00c10000 fd:00 6298305                    /usr/lib/jvm/java-1.8.0-openjdk-1.8.0.111-1.b15.el7_2.x86_64/jre/lib/amd64/server/libjvm.so
7faff37f9000-7faff3898000 r--p 00c0f000 fd:00 6298305                    /usr/lib/jvm/java-1.8.0-openjdk-1.8.0.111-1.b15.el7_2.x86_64/jre/lib/amd64/server/libjvm.so
7faff3898000-7faff38c1000 rw-p 00cae000 fd:00 6298305                    /usr/lib/jvm/java-1.8.0-openjdk-1.8.0.111-1.b15.el7_2.x86_64/jre/lib/amd64/server/libjvm.so
7faff38c1000-7faff38f3000 rw-p 00000000 00:00 0 
7faff38f3000-7faff3aaa000 r-xp 00000000 fd:00 4588119                    /usr/lib64/libc-2.17.so
7faff3aaa000-7faff3caa000 ---p 001b7000 fd:00 4588119                    /usr/lib64/libc-2.17.so
7faff3caa000-7faff3cae000 r--p 001b7000 fd:00 4588119                    /usr/lib64/libc-2.17.so
7faff3cae000-7faff3cb0000 rw-p 001bb000 fd:00 4588119                    /usr/lib64/libc-2.17.so
7faff3cb0000-7faff3cb5000 rw-p 00000000 00:00 0 
7faff3cb5000-7faff3cb8000 r-xp 00000000 fd:00 4598492                    /usr/lib64/libdl-2.17.so
7faff3cb8000-7faff3eb7000 ---p 00003000 fd:00 4598492                    /usr/lib64/libdl-2.17.so
7faff3eb7000-7faff3eb8000 r--p 00002000 fd:00 4598492                    /usr/lib64/libdl-2.17.so
7faff3eb8000-7faff3eb9000 rw-p 00003000 fd:00 4598492                    /usr/lib64/libdl-2.17.so
7faff3eb9000-7faff3ec7000 r-xp 00000000 fd:00 6298229                    /usr/lib/jvm/java-1.8.0-openjdk-1.8.0.111-1.b15.el7_2.x86_64/jre/lib/amd64/jli/libjli.so
7faff3ec7000-7faff40c6000 ---p 0000e000 fd:00 6298229                    /usr/lib/jvm/java-1.8.0-openjdk-1.8.0.111-1.b15.el7_2.x86_64/jre/lib/amd64/jli/libjli.so
7faff40c6000-7faff40c7000 r--p 0000d000 fd:00 6298229                    /usr/lib/jvm/java-1.8.0-openjdk-1.8.0.111-1.b15.el7_2.x86_64/jre/lib/amd64/jli/libjli.so
7faff40c7000-7faff40c8000 rw-p 0000e000 fd:00 6298229                    /usr/lib/jvm/java-1.8.0-openjdk-1.8.0.111-1.b15.el7_2.x86_64/jre/lib/amd64/jli/libjli.so
7faff40c8000-7faff40dd000 r-xp 00000000 fd:00 4588555                    /usr/lib64/libz.so.1.2.7
7faff40dd000-7faff42dc000 ---p 00015000 fd:00 4588555                    /usr/lib64/libz.so.1.2.7
7faff42dc000-7faff42dd000 r--p 00014000 fd:00 4588555                    /usr/lib64/libz.so.1.2.7
7faff42dd000-7faff42de000 rw-p 00015000 fd:00 4588555                    /usr/lib64/libz.so.1.2.7
7faff42de000-7faff42f4000 r-xp 00000000 fd:00 4588145                    /usr/lib64/libpthread-2.17.so
7faff42f4000-7faff44f4000 ---p 00016000 fd:00 4588145                    /usr/lib64/libpthread-2.17.so
7faff44f4000-7faff44f5000 r--p 00016000 fd:00 4588145                    /usr/lib64/libpthread-2.17.so
7faff44f5000-7faff44f6000 rw-p 00017000 fd:00 4588145                    /usr/lib64/libpthread-2.17.so
7faff44f6000-7faff44fa000 rw-p 00000000 00:00 0 
7faff44fa000-7faff451b000 r-xp 00000000 fd:00 4588112                    /usr/lib64/ld-2.17.so
7faff4523000-7faff4561000 r--s 0039c000 fd:01 338428342                  /local/srv/asap/lib/ASAP.jar
7faff4561000-7faff45fd000 rw-p 00000000 00:00 0 
7faff45fd000-7faff4600000 ---p 00000000 00:00 0 
7faff4600000-7faff4703000 rw-p 00000000 00:00 0                          [stack:96444]
7faff470e000-7faff470f000 rw-p 00000000 00:00 0 
7faff470f000-7faff4710000 r--s 00007000 fd:00 5905738                    /usr/lib64/java-atk-wrapper/java-atk-wrapper.jar
7faff4710000-7faff4718000 rw-s 00000000 fd:00 6160471                    /tmp/hsperfdata_rvmuser/96443
7faff4718000-7faff4719000 rw-p 00000000 00:00 0 
7faff4719000-7faff471a000 ---p 00000000 00:00 0 
7faff471a000-7faff471b000 rw-p 00000000 00:00 0 
7faff471b000-7faff471c000 r--p 00021000 fd:00 4588112                    /usr/lib64/ld-2.17.so
7faff471c000-7faff471d000 rw-p 00022000 fd:00 4588112                    /usr/lib64/ld-2.17.so
7faff471d000-7faff471e000 rw-p 00000000 00:00 0 
7ffc0437c000-7ffc0439d000 rw-p 00000000 00:00 0                          [stack]
7ffc043ee000-7ffc043f0000 r-xp 00000000 00:00 0                          [vdso]
ffffffffff600000-ffffffffff601000 r-xp 00000000 00:00 0                  [vsyscall]

VM Arguments:
java_command: /local/srv/asap/lib/ASAP.jar -T Parsing -organism 1 -o /data/asap/users/1/27dh85/parsing -f /data/asap/users/1/27dh85/input.txt -col first -d \t -header true -skip 0
java_class_path (initial): /local/srv/asap/lib/ASAP.jar
Launcher Type: SUN_STANDARD

Environment Variables:
PATH=/home/rvmuser/.rvm/gems/ruby-2.3.0/bin:/home/rvmuser/.rvm/gems/ruby-2.3.0@global/bin:/home/rvmuser/.rvm/rubies/ruby-2.3.0/bin:/usr/local/bin:/usr/bin:/usr/local/sbin:/usr/sbin:/opt/dell/srvadmin/bin:/home/rvmuser/.rvm/bin:/home/rvmuser/.local/bin:/home/rvmuser/bin
SHELL=/bin/bash

Signal Handlers:
SIGSEGV: [libjvm.so+0xa137f0], sa_mask[0]=11111111011111111101111111111110, sa_flags=SA_RESTART|SA_SIGINFO
SIGBUS: [libjvm.so+0xa137f0], sa_mask[0]=11111111011111111101111111111110, sa_flags=SA_RESTART|SA_SIGINFO
SIGFPE: [libjvm.so+0x86f510], sa_mask[0]=11111111011111111101111111111110, sa_flags=SA_RESTART|SA_SIGINFO
SIGPIPE: [libjvm.so+0x86f510], sa_mask[0]=11111111011111111101111111111110, sa_flags=SA_RESTART|SA_SIGINFO
SIGXFSZ: [libjvm.so+0x86f510], sa_mask[0]=11111111011111111101111111111110, sa_flags=SA_RESTART|SA_SIGINFO
SIGILL: [libjvm.so+0x86f510], sa_mask[0]=11111111011111111101111111111110, sa_flags=SA_RESTART|SA_SIGINFO
SIGUSR1: SIG_DFL, sa_mask[0]=00000000000000000000000000000000, sa_flags=none
SIGUSR2: [libjvm.so+0x86f3c0], sa_mask[0]=00000000000000000000000000000000, sa_flags=SA_RESTART|SA_SIGINFO
SIGHUP: SIG_IGN, sa_mask[0]=00000000000000000000000000000000, sa_flags=none
SIGINT: [libjvm.so+0x86f5d0], sa_mask[0]=11111111011111111101111111111110, sa_flags=SA_RESTART|SA_SIGINFO
SIGTERM: [libjvm.so+0x86f5d0], sa_mask[0]=11111111011111111101111111111110, sa_flags=SA_RESTART|SA_SIGINFO
SIGQUIT: [libjvm.so+0x86f5d0], sa_mask[0]=11111111011111111101111111111110, sa_flags=SA_RESTART|SA_SIGINFO


---------------  S Y S T E M  ---------------

OS:CentOS Linux release 7.2.1511 (Core) 

uname:Linux 3.10.0-327.36.3.el7.x86_64 #1 SMP Mon Oct 24 16:09:20 UTC 2016 x86_64
libc:glibc 2.17 NPTL 2.17 
rlimit: STACK 8192k, CORE 0k, NPROC 16384, NOFILE 4096, AS infinity
load average:8.44 6.52 7.47

/proc/meminfo:
MemTotal:       32659268 kB
MemFree:          193924 kB
MemAvailable:     260040 kB
Buffers:           12528 kB
Cached:           244916 kB
SwapCached:       171960 kB
Active:         28803020 kB
Inactive:        2938280 kB
Active(anon):   28758472 kB
Inactive(anon):  2805348 kB
Active(file):      44548 kB
Inactive(file):   132932 kB
Unevictable:           0 kB
Mlocked:               0 kB
SwapTotal:       2559996 kB
SwapFree:              0 kB
Dirty:               412 kB
Writeback:             0 kB
AnonPages:      31316080 kB
Mapped:            70500 kB
Shmem:             77024 kB
Slab:             320000 kB
SReclaimable:     180000 kB
SUnreclaim:       140000 kB
KernelStack:       23632 kB
PageTables:       101948 kB
NFS_Unstable:          0 kB
Bounce:                0 kB
WritebackTmp:          0 kB
CommitLimit:    18889628 kB
Committed_AS:   32472096 kB
VmallocTotal:   34359738367 kB
VmallocUsed:      378292 kB
VmallocChunk:   34342605308 kB
HardwareCorrupted:     0 kB
AnonHugePages:  16379904 kB
HugePages_Total:       0
HugePages_Free:        0
HugePages_Rsvd:        0
HugePages_Surp:        0
Hugepagesize:       2048 kB
DirectMap4k:      142060 kB
DirectMap2M:     3954688 kB
DirectMap1G:    31457280 kB


CPU:total 40 (10 cores per cpu, 2 threads per core) family 6 model 63 stepping 2, cmov, cx8, fxsr, mmx, sse, sse2, sse3, ssse3, sse4.1, sse4.2, popcnt, avx, avx2, aes, clmul, erms, lzcnt, ht, tsc, tscinvbit, bmi1, bmi2

/proc/cpuinfo:
processor	: 0
vendor_id	: GenuineIntel
cpu family	: 6
model		: 63
model name	: Intel(R) Xeon(R) CPU E5-2650 v3 @ 2.30GHz
stepping	: 2
microcode	: 0x38
cpu MHz		: 2754.699
cache size	: 25600 KB
physical id	: 0
siblings	: 20
core id		: 0
cpu cores	: 10
apicid		: 0
initial apicid	: 0
fpu		: yes
fpu_exception	: yes
cpuid level	: 15
wp		: yes
flags		: fpu vme de pse tsc msr pae mce cx8 apic sep mtrr pge mca cmov pat pse36 clflush dts acpi mmx fxsr sse sse2 ss ht tm pbe syscall nx pdpe1gb rdtscp lm constant_tsc arch_perfmon pebs bts rep_good nopl xtopology nonstop_tsc aperfmperf eagerfpu pni pclmulqdq dtes64 monitor ds_cpl vmx smx est tm2 ssse3 fma cx16 xtpr pdcm pcid dca sse4_1 sse4_2 x2apic movbe popcnt tsc_deadline_timer aes xsave avx f16c rdrand lahf_lm abm ida arat epb pln pts dtherm tpr_shadow vnmi flexpriority ept vpid fsgsbase tsc_adjust bmi1 avx2 smep bmi2 erms invpcid cqm xsaveopt cqm_llc cqm_occup_llc
bogomips	: 4594.72
clflush size	: 64
cache_alignment	: 64
address sizes	: 46 bits physical, 48 bits virtual
power management:

processor	: 1
vendor_id	: GenuineIntel
cpu family	: 6
model		: 63
model name	: Intel(R) Xeon(R) CPU E5-2650 v3 @ 2.30GHz
stepping	: 2
microcode	: 0x38
cpu MHz		: 2599.988
cache size	: 25600 KB
physical id	: 1
siblings	: 20
core id		: 0
cpu cores	: 10
apicid		: 32
initial apicid	: 32
fpu		: yes
fpu_exception	: yes
cpuid level	: 15
wp		: yes
flags		: fpu vme de pse tsc msr pae mce cx8 apic sep mtrr pge mca cmov pat pse36 clflush dts acpi mmx fxsr sse sse2 ss ht tm pbe syscall nx pdpe1gb rdtscp lm constant_tsc arch_perfmon pebs bts rep_good nopl xtopology nonstop_tsc aperfmperf eagerfpu pni pclmulqdq dtes64 monitor ds_cpl vmx smx est tm2 ssse3 fma cx16 xtpr pdcm pcid dca sse4_1 sse4_2 x2apic movbe popcnt tsc_deadline_timer aes xsave avx f16c rdrand lahf_lm abm ida arat epb pln pts dtherm tpr_shadow vnmi flexpriority ept vpid fsgsbase tsc_adjust bmi1 avx2 smep bmi2 erms invpcid cqm xsaveopt cqm_llc cqm_occup_llc
bogomips	: 4598.36
clflush size	: 64
cache_alignment	: 64
address sizes	: 46 bits physical, 48 bits virtual
power management:

processor	: 2
vendor_id	: GenuineIntel
cpu family	: 6
model		: 63
model name	: Intel(R) Xeon(R) CPU E5-2650 v3 @ 2.30GHz
stepping	: 2
microcode	: 0x38
cpu MHz		: 1200.042
cache size	: 25600 KB
physical id	: 0
siblings	: 20
core id		: 1
cpu cores	: 10
apicid		: 2
initial apicid	: 2
fpu		: yes
fpu_exception	: yes
cpuid level	: 15
wp		: yes
flags		: fpu vme de pse tsc msr pae mce cx8 apic sep mtrr pge mca cmov pat pse36 clflush dts acpi mmx fxsr sse sse2 ss ht tm pbe syscall nx pdpe1gb rdtscp lm constant_tsc arch_perfmon pebs bts rep_good nopl xtopology nonstop_tsc aperfmperf eagerfpu pni pclmulqdq dtes64 monitor ds_cpl vmx smx est tm2 ssse3 fma cx16 xtpr pdcm pcid dca sse4_1 sse4_2 x2apic movbe popcnt tsc_deadline_timer aes xsave avx f16c rdrand lahf_lm abm ida arat epb pln pts dtherm tpr_shadow vnmi flexpriority ept vpid fsgsbase tsc_adjust bmi1 avx2 smep bmi2 erms invpcid cqm xsaveopt cqm_llc cqm_occup_llc
bogomips	: 4594.72
clflush size	: 64
cache_alignment	: 64
address sizes	: 46 bits physical, 48 bits virtual
power management:

processor	: 3
vendor_id	: GenuineIntel
cpu family	: 6
model		: 63
model name	: Intel(R) Xeon(R) CPU E5-2650 v3 @ 2.30GHz
stepping	: 2
microcode	: 0x38
cpu MHz		: 2599.988
cache size	: 25600 KB
physical id	: 1
siblings	: 20
core id		: 1
cpu cores	: 10
apicid		: 34
initial apicid	: 34
fpu		: yes
fpu_exception	: yes
cpuid level	: 15
wp		: yes
flags		: fpu vme de pse tsc msr pae mce cx8 apic sep mtrr pge mca cmov pat pse36 clflush dts acpi mmx fxsr sse sse2 ss ht tm pbe syscall nx pdpe1gb rdtscp lm constant_tsc arch_perfmon pebs bts rep_good nopl xtopology nonstop_tsc aperfmperf eagerfpu pni pclmulqdq dtes64 monitor ds_cpl vmx smx est tm2 ssse3 fma cx16 xtpr pdcm pcid dca sse4_1 sse4_2 x2apic movbe popcnt tsc_deadline_timer aes xsave avx f16c rdrand lahf_lm abm ida arat epb pln pts dtherm tpr_shadow vnmi flexpriority ept vpid fsgsbase tsc_adjust bmi1 avx2 smep bmi2 erms invpcid cqm xsaveopt cqm_llc cqm_occup_llc
bogomips	: 4598.36
clflush size	: 64
cache_alignment	: 64
address sizes	: 46 bits physical, 48 bits virtual
power management:

processor	: 4
vendor_id	: GenuineIntel
cpu family	: 6
model		: 63
model name	: Intel(R) Xeon(R) CPU E5-2650 v3 @ 2.30GHz
stepping	: 2
microcode	: 0x38
cpu MHz		: 1200.042
cache size	: 25600 KB
physical id	: 0
siblings	: 20
core id		: 2
cpu cores	: 10
apicid		: 4
initial apicid	: 4
fpu		: yes
fpu_exception	: yes
cpuid level	: 15
wp		: yes
flags		: fpu vme de pse tsc msr pae mce cx8 apic sep mtrr pge mca cmov pat pse36 clflush dts acpi mmx fxsr sse sse2 ss ht tm pbe syscall nx pdpe1gb rdtscp lm constant_tsc arch_perfmon pebs bts rep_good nopl xtopology nonstop_tsc aperfmperf eagerfpu pni pclmulqdq dtes64 monitor ds_cpl vmx smx est tm2 ssse3 fma cx16 xtpr pdcm pcid dca sse4_1 sse4_2 x2apic movbe popcnt tsc_deadline_timer aes xsave avx f16c rdrand lahf_lm abm ida arat epb pln pts dtherm tpr_shadow vnmi flexpriority ept vpid fsgsbase tsc_adjust bmi1 avx2 smep bmi2 erms invpcid cqm xsaveopt cqm_llc cqm_occup_llc
bogomips	: 4594.72
clflush size	: 64
cache_alignment	: 64
address sizes	: 46 bits physical, 48 bits virtual
power management:

processor	: 5
vendor_id	: GenuineIntel
cpu family	: 6
model		: 63
model name	: Intel(R) Xeon(R) CPU E5-2650 v3 @ 2.30GHz
stepping	: 2
microcode	: 0x38
cpu MHz		: 1208.308
cache size	: 25600 KB
physical id	: 1
siblings	: 20
core id		: 2
cpu cores	: 10
apicid		: 36
initial apicid	: 36
fpu		: yes
fpu_exception	: yes
cpuid level	: 15
wp		: yes
flags		: fpu vme de pse tsc msr pae mce cx8 apic sep mtrr pge mca cmov pat pse36 clflush dts acpi mmx fxsr sse sse2 ss ht tm pbe syscall nx pdpe1gb rdtscp lm constant_tsc arch_perfmon pebs bts rep_good nopl xtopology nonstop_tsc aperfmperf eagerfpu pni pclmulqdq dtes64 monitor ds_cpl vmx smx est tm2 ssse3 fma cx16 xtpr pdcm pcid dca sse4_1 sse4_2 x2apic movbe popcnt tsc_deadline_timer aes xsave avx f16c rdrand lahf_lm abm ida arat epb pln pts dtherm tpr_shadow vnmi flexpriority ept vpid fsgsbase tsc_adjust bmi1 avx2 smep bmi2 erms invpcid cqm xsaveopt cqm_llc cqm_occup_llc
bogomips	: 4598.36
clflush size	: 64
cache_alignment	: 64
address sizes	: 46 bits physical, 48 bits virtual
power management:

processor	: 6
vendor_id	: GenuineIntel
cpu family	: 6
model		: 63
model name	: Intel(R) Xeon(R) CPU E5-2650 v3 @ 2.30GHz
stepping	: 2
microcode	: 0x38
cpu MHz		: 2600.796
cache size	: 25600 KB
physical id	: 0
siblings	: 20
core id		: 3
cpu cores	: 10
apicid		: 6
initial apicid	: 6
fpu		: yes
fpu_exception	: yes
cpuid level	: 15
wp		: yes
flags		: fpu vme de pse tsc msr pae mce cx8 apic sep mtrr pge mca cmov pat pse36 clflush dts acpi mmx fxsr sse sse2 ss ht tm pbe syscall nx pdpe1gb rdtscp lm constant_tsc arch_perfmon pebs bts rep_good nopl xtopology nonstop_tsc aperfmperf eagerfpu pni pclmulqdq dtes64 monitor ds_cpl vmx smx est tm2 ssse3 fma cx16 xtpr pdcm pcid dca sse4_1 sse4_2 x2apic movbe popcnt tsc_deadline_timer aes xsave avx f16c rdrand lahf_lm abm ida arat epb pln pts dtherm tpr_shadow vnmi flexpriority ept vpid fsgsbase tsc_adjust bmi1 avx2 smep bmi2 erms invpcid cqm xsaveopt cqm_llc cqm_occup_llc
bogomips	: 4594.72
clflush size	: 64
cache_alignment	: 64
address sizes	: 46 bits physical, 48 bits virtual
power management:

processor	: 7
vendor_id	: GenuineIntel
cpu family	: 6
model		: 63
model name	: Intel(R) Xeon(R) CPU E5-2650 v3 @ 2.30GHz
stepping	: 2
microcode	: 0x38
cpu MHz		: 2607.535
cache size	: 25600 KB
physical id	: 1
siblings	: 20
core id		: 3
cpu cores	: 10
apicid		: 38
initial apicid	: 38
fpu		: yes
fpu_exception	: yes
cpuid level	: 15
wp		: yes
flags		: fpu vme de pse tsc msr pae mce cx8 apic sep mtrr pge mca cmov pat pse36 clflush dts acpi mmx fxsr sse sse2 ss ht tm pbe syscall nx pdpe1gb rdtscp lm constant_tsc arch_perfmon pebs bts rep_good nopl xtopology nonstop_tsc aperfmperf eagerfpu pni pclmulqdq dtes64 monitor ds_cpl vmx smx est tm2 ssse3 fma cx16 xtpr pdcm pcid dca sse4_1 sse4_2 x2apic movbe popcnt tsc_deadline_timer aes xsave avx f16c rdrand lahf_lm abm ida arat epb pln pts dtherm tpr_shadow vnmi flexpriority ept vpid fsgsbase tsc_adjust bmi1 avx2 smep bmi2 erms invpcid cqm xsaveopt cqm_llc cqm_occup_llc
bogomips	: 4598.36
clflush size	: 64
cache_alignment	: 64
address sizes	: 46 bits physical, 48 bits virtual
power management:

processor	: 8
vendor_id	: GenuineIntel
cpu family	: 6
model		: 63
model name	: Intel(R) Xeon(R) CPU E5-2650 v3 @ 2.30GHz
stepping	: 2
microcode	: 0x38
cpu MHz		: 1200.132
cache size	: 25600 KB
physical id	: 0
siblings	: 20
core id		: 4
cpu cores	: 10
apicid		: 8
initial apicid	: 8
fpu		: yes
fpu_exception	: yes
cpuid level	: 15
wp		: yes
flags		: fpu vme de pse tsc msr pae mce cx8 apic sep mtrr pge mca cmov pat pse36 clflush dts acpi mmx fxsr sse sse2 ss ht tm pbe syscall nx pdpe1gb rdtscp lm constant_tsc arch_perfmon pebs bts rep_good nopl xtopology nonstop_tsc aperfmperf eagerfpu pni pclmulqdq dtes64 monitor ds_cpl vmx smx est tm2 ssse3 fma cx16 xtpr pdcm pcid dca sse4_1 sse4_2 x2apic movbe popcnt tsc_deadline_timer aes xsave avx f16c rdrand lahf_lm abm ida arat epb pln pts dtherm tpr_shadow vnmi flexpriority ept vpid fsgsbase tsc_adjust bmi1 avx2 smep bmi2 erms invpcid cqm xsaveopt cqm_llc cqm_occup_llc
bogomips	: 4594.72
clflush size	: 64
cache_alignment	: 64
address sizes	: 46 bits physical, 48 bits virtual
power management:

processor	: 9
vendor_id	: GenuineIntel
cpu family	: 6
model		: 63
model name	: Intel(R) Xeon(R) CPU E5-2650 v3 @ 2.30GHz
stepping	: 2
microcode	: 0x38
cpu MHz		: 1389.972
cache size	: 25600 KB
physical id	: 1
siblings	: 20
core id		: 4
cpu cores	: 10
apicid		: 40
initial apicid	: 40
fpu		: yes
fpu_exception	: yes
cpuid level	: 15
wp		: yes
flags		: fpu vme de pse tsc msr pae mce cx8 apic sep mtrr pge mca cmov pat pse36 clflush dts acpi mmx fxsr sse sse2 ss ht tm pbe syscall nx pdpe1gb rdtscp lm constant_tsc arch_perfmon pebs bts rep_good nopl xtopology nonstop_tsc aperfmperf eagerfpu pni pclmulqdq dtes64 monitor ds_cpl vmx smx est tm2 ssse3 fma cx16 xtpr pdcm pcid dca sse4_1 sse4_2 x2apic movbe popcnt tsc_deadline_timer aes xsave avx f16c rdrand lahf_lm abm ida arat epb pln pts dtherm tpr_shadow vnmi flexpriority ept vpid fsgsbase tsc_adjust bmi1 avx2 smep bmi2 erms invpcid cqm xsaveopt cqm_llc cqm_occup_llc
bogomips	: 4598.36
clflush size	: 64
cache_alignment	: 64
address sizes	: 46 bits physical, 48 bits virtual
power management:

processor	: 10
vendor_id	: GenuineIntel
cpu family	: 6
model		: 63
model name	: Intel(R) Xeon(R) CPU E5-2650 v3 @ 2.30GHz
stepping	: 2
microcode	: 0x38
cpu MHz		: 2322.550
cache size	: 25600 KB
physical id	: 0
siblings	: 20
core id		: 8
cpu cores	: 10
apicid		: 16
initial apicid	: 16
fpu		: yes
fpu_exception	: yes
cpuid level	: 15
wp		: yes
flags		: fpu vme de pse tsc msr pae mce cx8 apic sep mtrr pge mca cmov pat pse36 clflush dts acpi mmx fxsr sse sse2 ss ht tm pbe syscall nx pdpe1gb rdtscp lm constant_tsc arch_perfmon pebs bts rep_good nopl xtopology nonstop_tsc aperfmperf eagerfpu pni pclmulqdq dtes64 monitor ds_cpl vmx smx est tm2 ssse3 fma cx16 xtpr pdcm pcid dca sse4_1 sse4_2 x2apic movbe popcnt tsc_deadline_timer aes xsave avx f16c rdrand lahf_lm abm ida arat epb pln pts dtherm tpr_shadow vnmi flexpriority ept vpid fsgsbase tsc_adjust bmi1 avx2 smep bmi2 erms invpcid cqm xsaveopt cqm_llc cqm_occup_llc
bogomips	: 4594.72
clflush size	: 64
cache_alignment	: 64
address sizes	: 46 bits physical, 48 bits virtual
power management:

processor	: 11
vendor_id	: GenuineIntel
cpu family	: 6
model		: 63
model name	: Intel(R) Xeon(R) CPU E5-2650 v3 @ 2.30GHz
stepping	: 2
microcode	: 0x38
cpu MHz		: 2599.988
cache size	: 25600 KB
physical id	: 1
siblings	: 20
core id		: 8
cpu cores	: 10
apicid		: 48
initial apicid	: 48
fpu		: yes
fpu_exception	: yes
cpuid level	: 15
wp		: yes
flags		: fpu vme de pse tsc msr pae mce cx8 apic sep mtrr pge mca cmov pat pse36 clflush dts acpi mmx fxsr sse sse2 ss ht tm pbe syscall nx pdpe1gb rdtscp lm constant_tsc arch_perfmon pebs bts rep_good nopl xtopology nonstop_tsc aperfmperf eagerfpu pni pclmulqdq dtes64 monitor ds_cpl vmx smx est tm2 ssse3 fma cx16 xtpr pdcm pcid dca sse4_1 sse4_2 x2apic movbe popcnt tsc_deadline_timer aes xsave avx f16c rdrand lahf_lm abm ida arat epb pln pts dtherm tpr_shadow vnmi flexpriority ept vpid fsgsbase tsc_adjust bmi1 avx2 smep bmi2 erms invpcid cqm xsaveopt cqm_llc cqm_occup_llc
bogomips	: 4598.36
clflush size	: 64
cache_alignment	: 64
address sizes	: 46 bits physical, 48 bits virtual
power management:

processor	: 12
vendor_id	: GenuineIntel
cpu family	: 6
model		: 63
model name	: Intel(R) Xeon(R) CPU E5-2650 v3 @ 2.30GHz
stepping	: 2
microcode	: 0x38
cpu MHz		: 1202.289
cache size	: 25600 KB
physical id	: 0
siblings	: 20
core id		: 9
cpu cores	: 10
apicid		: 18
initial apicid	: 18
fpu		: yes
fpu_exception	: yes
cpuid level	: 15
wp		: yes
flags		: fpu vme de pse tsc msr pae mce cx8 apic sep mtrr pge mca cmov pat pse36 clflush dts acpi mmx fxsr sse sse2 ss ht tm pbe syscall nx pdpe1gb rdtscp lm constant_tsc arch_perfmon pebs bts rep_good nopl xtopology nonstop_tsc aperfmperf eagerfpu pni pclmulqdq dtes64 monitor ds_cpl vmx smx est tm2 ssse3 fma cx16 xtpr pdcm pcid dca sse4_1 sse4_2 x2apic movbe popcnt tsc_deadline_timer aes xsave avx f16c rdrand lahf_lm abm ida arat epb pln pts dtherm tpr_shadow vnmi flexpriority ept vpid fsgsbase tsc_adjust bmi1 avx2 smep bmi2 erms invpcid cqm xsaveopt cqm_llc cqm_occup_llc
bogomips	: 4594.72
clflush size	: 64
cache_alignment	: 64
address sizes	: 46 bits physical, 48 bits virtual
power management:

processor	: 13
vendor_id	: GenuineIntel
cpu family	: 6
model		: 63
model name	: Intel(R) Xeon(R) CPU E5-2650 v3 @ 2.30GHz
stepping	: 2
microcode	: 0x38
cpu MHz		: 1371.285
cache size	: 25600 KB
physical id	: 1
siblings	: 20
core id		: 9
cpu cores	: 10
apicid		: 50
initial apicid	: 50
fpu		: yes
fpu_exception	: yes
cpuid level	: 15
wp		: yes
flags		: fpu vme de pse tsc msr pae mce cx8 apic sep mtrr pge mca cmov pat pse36 clflush dts acpi mmx fxsr sse sse2 ss ht tm pbe syscall nx pdpe1gb rdtscp lm constant_tsc arch_perfmon pebs bts rep_good nopl xtopology nonstop_tsc aperfmperf eagerfpu pni pclmulqdq dtes64 monitor ds_cpl vmx smx est tm2 ssse3 fma cx16 xtpr pdcm pcid dca sse4_1 sse4_2 x2apic movbe popcnt tsc_deadline_timer aes xsave avx f16c rdrand lahf_lm abm ida arat epb pln pts dtherm tpr_shadow vnmi flexpriority ept vpid fsgsbase tsc_adjust bmi1 avx2 smep bmi2 erms invpcid cqm xsaveopt cqm_llc cqm_occup_llc
bogomips	: 4598.36
clflush size	: 64
cache_alignment	: 64
address sizes	: 46 bits physical, 48 bits virtual
power management:

processor	: 14
vendor_id	: GenuineIntel
cpu family	: 6
model		: 63
model name	: Intel(R) Xeon(R) CPU E5-2650 v3 @ 2.30GHz
stepping	: 2
microcode	: 0x38
cpu MHz		: 2596.394
cache size	: 25600 KB
physical id	: 0
siblings	: 20
core id		: 10
cpu cores	: 10
apicid		: 20
initial apicid	: 20
fpu		: yes
fpu_exception	: yes
cpuid level	: 15
wp		: yes
flags		: fpu vme de pse tsc msr pae mce cx8 apic sep mtrr pge mca cmov pat pse36 clflush dts acpi mmx fxsr sse sse2 ss ht tm pbe syscall nx pdpe1gb rdtscp lm constant_tsc arch_perfmon pebs bts rep_good nopl xtopology nonstop_tsc aperfmperf eagerfpu pni pclmulqdq dtes64 monitor ds_cpl vmx smx est tm2 ssse3 fma cx16 xtpr pdcm pcid dca sse4_1 sse4_2 x2apic movbe popcnt tsc_deadline_timer aes xsave avx f16c rdrand lahf_lm abm ida arat epb pln pts dtherm tpr_shadow vnmi flexpriority ept vpid fsgsbase tsc_adjust bmi1 avx2 smep bmi2 erms invpcid cqm xsaveopt cqm_llc cqm_occup_llc
bogomips	: 4594.72
clflush size	: 64
cache_alignment	: 64
address sizes	: 46 bits physical, 48 bits virtual
power management:

processor	: 15
vendor_id	: GenuineIntel
cpu family	: 6
model		: 63
model name	: Intel(R) Xeon(R) CPU E5-2650 v3 @ 2.30GHz
stepping	: 2
microcode	: 0x38
cpu MHz		: 2599.988
cache size	: 25600 KB
physical id	: 1
siblings	: 20
core id		: 10
cpu cores	: 10
apicid		: 52
initial apicid	: 52
fpu		: yes
fpu_exception	: yes
cpuid level	: 15
wp		: yes
flags		: fpu vme de pse tsc msr pae mce cx8 apic sep mtrr pge mca cmov pat pse36 clflush dts acpi mmx fxsr sse sse2 ss ht tm pbe syscall nx pdpe1gb rdtscp lm constant_tsc arch_perfmon pebs bts rep_good nopl xtopology nonstop_tsc aperfmperf eagerfpu pni pclmulqdq dtes64 monitor ds_cpl vmx smx est tm2 ssse3 fma cx16 xtpr pdcm pcid dca sse4_1 sse4_2 x2apic movbe popcnt tsc_deadline_timer aes xsave avx f16c rdrand lahf_lm abm ida arat epb pln pts dtherm tpr_shadow vnmi flexpriority ept vpid fsgsbase tsc_adjust bmi1 avx2 smep bmi2 erms invpcid cqm xsaveopt cqm_llc cqm_occup_llc
bogomips	: 4598.36
clflush size	: 64
cache_alignment	: 64
address sizes	: 46 bits physical, 48 bits virtual
power management:

processor	: 16
vendor_id	: GenuineIntel
cpu family	: 6
model		: 63
model name	: Intel(R) Xeon(R) CPU E5-2650 v3 @ 2.30GHz
stepping	: 2
microcode	: 0x38
cpu MHz		: 2525.058
cache size	: 25600 KB
physical id	: 0
siblings	: 20
core id		: 11
cpu cores	: 10
apicid		: 22
initial apicid	: 22
fpu		: yes
fpu_exception	: yes
cpuid level	: 15
wp		: yes
flags		: fpu vme de pse tsc msr pae mce cx8 apic sep mtrr pge mca cmov pat pse36 clflush dts acpi mmx fxsr sse sse2 ss ht tm pbe syscall nx pdpe1gb rdtscp lm constant_tsc arch_perfmon pebs bts rep_good nopl xtopology nonstop_tsc aperfmperf eagerfpu pni pclmulqdq dtes64 monitor ds_cpl vmx smx est tm2 ssse3 fma cx16 xtpr pdcm pcid dca sse4_1 sse4_2 x2apic movbe popcnt tsc_deadline_timer aes xsave avx f16c rdrand lahf_lm abm ida arat epb pln pts dtherm tpr_shadow vnmi flexpriority ept vpid fsgsbase tsc_adjust bmi1 avx2 smep bmi2 erms invpcid cqm xsaveopt cqm_llc cqm_occup_llc
bogomips	: 4594.72
clflush size	: 64
cache_alignment	: 64
address sizes	: 46 bits physical, 48 bits virtual
power management:

processor	: 17
vendor_id	: GenuineIntel
cpu family	: 6
model		: 63
model name	: Intel(R) Xeon(R) CPU E5-2650 v3 @ 2.30GHz
stepping	: 2
microcode	: 0x38
cpu MHz		: 2599.988
cache size	: 25600 KB
physical id	: 1
siblings	: 20
core id		: 11
cpu cores	: 10
apicid		: 54
initial apicid	: 54
fpu		: yes
fpu_exception	: yes
cpuid level	: 15
wp		: yes
flags		: fpu vme de pse tsc msr pae mce cx8 apic sep mtrr pge mca cmov pat pse36 clflush dts acpi mmx fxsr sse sse2 ss ht tm pbe syscall nx pdpe1gb rdtscp lm constant_tsc arch_perfmon pebs bts rep_good nopl xtopology nonstop_tsc aperfmperf eagerfpu pni pclmulqdq dtes64 monitor ds_cpl vmx smx est tm2 ssse3 fma cx16 xtpr pdcm pcid dca sse4_1 sse4_2 x2apic movbe popcnt tsc_deadline_timer aes xsave avx f16c rdrand lahf_lm abm ida arat epb pln pts dtherm tpr_shadow vnmi flexpriority ept vpid fsgsbase tsc_adjust bmi1 avx2 smep bmi2 erms invpcid cqm xsaveopt cqm_llc cqm_occup_llc
bogomips	: 4598.36
clflush size	: 64
cache_alignment	: 64
address sizes	: 46 bits physical, 48 bits virtual
power management:

processor	: 18
vendor_id	: GenuineIntel
cpu family	: 6
model		: 63
model name	: Intel(R) Xeon(R) CPU E5-2650 v3 @ 2.30GHz
stepping	: 2
microcode	: 0x38
cpu MHz		: 1201.390
cache size	: 25600 KB
physical id	: 0
siblings	: 20
core id		: 12
cpu cores	: 10
apicid		: 24
initial apicid	: 24
fpu		: yes
fpu_exception	: yes
cpuid level	: 15
wp		: yes
flags		: fpu vme de pse tsc msr pae mce cx8 apic sep mtrr pge mca cmov pat pse36 clflush dts acpi mmx fxsr sse sse2 ss ht tm pbe syscall nx pdpe1gb rdtscp lm constant_tsc arch_perfmon pebs bts rep_good nopl xtopology nonstop_tsc aperfmperf eagerfpu pni pclmulqdq dtes64 monitor ds_cpl vmx smx est tm2 ssse3 fma cx16 xtpr pdcm pcid dca sse4_1 sse4_2 x2apic movbe popcnt tsc_deadline_timer aes xsave avx f16c rdrand lahf_lm abm ida arat epb pln pts dtherm tpr_shadow vnmi flexpriority ept vpid fsgsbase tsc_adjust bmi1 avx2 smep bmi2 erms invpcid cqm xsaveopt cqm_llc cqm_occup_llc
bogomips	: 4594.72
clflush size	: 64
cache_alignment	: 64
address sizes	: 46 bits physical, 48 bits virtual
power management:

processor	: 19
vendor_id	: GenuineIntel
cpu family	: 6
model		: 63
model name	: Intel(R) Xeon(R) CPU E5-2650 v3 @ 2.30GHz
stepping	: 2
microcode	: 0x38
cpu MHz		: 1274.703
cache size	: 25600 KB
physical id	: 1
siblings	: 20
core id		: 12
cpu cores	: 10
apicid		: 56
initial apicid	: 56
fpu		: yes
fpu_exception	: yes
cpuid level	: 15
wp		: yes
flags		: fpu vme de pse tsc msr pae mce cx8 apic sep mtrr pge mca cmov pat pse36 clflush dts acpi mmx fxsr sse sse2 ss ht tm pbe syscall nx pdpe1gb rdtscp lm constant_tsc arch_perfmon pebs bts rep_good nopl xtopology nonstop_tsc aperfmperf eagerfpu pni pclmulqdq dtes64 monitor ds_cpl vmx smx est tm2 ssse3 fma cx16 xtpr pdcm pcid dca sse4_1 sse4_2 x2apic movbe popcnt tsc_deadline_timer aes xsave avx f16c rdrand lahf_lm abm ida arat epb pln pts dtherm tpr_shadow vnmi flexpriority ept vpid fsgsbase tsc_adjust bmi1 avx2 smep bmi2 erms invpcid cqm xsaveopt cqm_llc cqm_occup_llc
bogomips	: 4598.36
clflush size	: 64
cache_alignment	: 64
address sizes	: 46 bits physical, 48 bits virtual
power management:

processor	: 20
vendor_id	: GenuineIntel
cpu family	: 6
model		: 63
model name	: Intel(R) Xeon(R) CPU E5-2650 v3 @ 2.30GHz
stepping	: 2
microcode	: 0x38
cpu MHz		: 2781.652
cache size	: 25600 KB
physical id	: 0
siblings	: 20
core id		: 0
cpu cores	: 10
apicid		: 1
initial apicid	: 1
fpu		: yes
fpu_exception	: yes
cpuid level	: 15
wp		: yes
flags		: fpu vme de pse tsc msr pae mce cx8 apic sep mtrr pge mca cmov pat pse36 clflush dts acpi mmx fxsr sse sse2 ss ht tm pbe syscall nx pdpe1gb rdtscp lm constant_tsc arch_perfmon pebs bts rep_good nopl xtopology nonstop_tsc aperfmperf eagerfpu pni pclmulqdq dtes64 monitor ds_cpl vmx smx est tm2 ssse3 fma cx16 xtpr pdcm pcid dca sse4_1 sse4_2 x2apic movbe popcnt tsc_deadline_timer aes xsave avx f16c rdrand lahf_lm abm ida arat epb pln pts dtherm tpr_shadow vnmi flexpriority ept vpid fsgsbase tsc_adjust bmi1 avx2 smep bmi2 erms invpcid cqm xsaveopt cqm_llc cqm_occup_llc
bogomips	: 4594.72
clflush size	: 64
cache_alignment	: 64
address sizes	: 46 bits physical, 48 bits virtual
power management:

processor	: 21
vendor_id	: GenuineIntel
cpu family	: 6
model		: 63
model name	: Intel(R) Xeon(R) CPU E5-2650 v3 @ 2.30GHz
stepping	: 2
microcode	: 0x38
cpu MHz		: 1420.789
cache size	: 25600 KB
physical id	: 1
siblings	: 20
core id		: 0
cpu cores	: 10
apicid		: 33
initial apicid	: 33
fpu		: yes
fpu_exception	: yes
cpuid level	: 15
wp		: yes
flags		: fpu vme de pse tsc msr pae mce cx8 apic sep mtrr pge mca cmov pat pse36 clflush dts acpi mmx fxsr sse sse2 ss ht tm pbe syscall nx pdpe1gb rdtscp lm constant_tsc arch_perfmon pebs bts rep_good nopl xtopology nonstop_tsc aperfmperf eagerfpu pni pclmulqdq dtes64 monitor ds_cpl vmx smx est tm2 ssse3 fma cx16 xtpr pdcm pcid dca sse4_1 sse4_2 x2apic movbe popcnt tsc_deadline_timer aes xsave avx f16c rdrand lahf_lm abm ida arat epb pln pts dtherm tpr_shadow vnmi flexpriority ept vpid fsgsbase tsc_adjust bmi1 avx2 smep bmi2 erms invpcid cqm xsaveopt cqm_llc cqm_occup_llc
bogomips	: 4598.36
clflush size	: 64
cache_alignment	: 64
address sizes	: 46 bits physical, 48 bits virtual
power management:

processor	: 22
vendor_id	: GenuineIntel
cpu family	: 6
model		: 63
model name	: Intel(R) Xeon(R) CPU E5-2650 v3 @ 2.30GHz
stepping	: 2
microcode	: 0x38
cpu MHz		: 1221.515
cache size	: 25600 KB
physical id	: 0
siblings	: 20
core id		: 1
cpu cores	: 10
apicid		: 3
initial apicid	: 3
fpu		: yes
fpu_exception	: yes
cpuid level	: 15
wp		: yes
flags		: fpu vme de pse tsc msr pae mce cx8 apic sep mtrr pge mca cmov pat pse36 clflush dts acpi mmx fxsr sse sse2 ss ht tm pbe syscall nx pdpe1gb rdtscp lm constant_tsc arch_perfmon pebs bts rep_good nopl xtopology nonstop_tsc aperfmperf eagerfpu pni pclmulqdq dtes64 monitor ds_cpl vmx smx est tm2 ssse3 fma cx16 xtpr pdcm pcid dca sse4_1 sse4_2 x2apic movbe popcnt tsc_deadline_timer aes xsave avx f16c rdrand lahf_lm abm ida arat epb pln pts dtherm tpr_shadow vnmi flexpriority ept vpid fsgsbase tsc_adjust bmi1 avx2 smep bmi2 erms invpcid cqm xsaveopt cqm_llc cqm_occup_llc
bogomips	: 4594.72
clflush size	: 64
cache_alignment	: 64
address sizes	: 46 bits physical, 48 bits virtual
power management:

processor	: 23
vendor_id	: GenuineIntel
cpu family	: 6
model		: 63
model name	: Intel(R) Xeon(R) CPU E5-2650 v3 @ 2.30GHz
stepping	: 2
microcode	: 0x38
cpu MHz		: 1200.132
cache size	: 25600 KB
physical id	: 1
siblings	: 20
core id		: 1
cpu cores	: 10
apicid		: 35
initial apicid	: 35
fpu		: yes
fpu_exception	: yes
cpuid level	: 15
wp		: yes
flags		: fpu vme de pse tsc msr pae mce cx8 apic sep mtrr pge mca cmov pat pse36 clflush dts acpi mmx fxsr sse sse2 ss ht tm pbe syscall nx pdpe1gb rdtscp lm constant_tsc arch_perfmon pebs bts rep_good nopl xtopology nonstop_tsc aperfmperf eagerfpu pni pclmulqdq dtes64 monitor ds_cpl vmx smx est tm2 ssse3 fma cx16 xtpr pdcm pcid dca sse4_1 sse4_2 x2apic movbe popcnt tsc_deadline_timer aes xsave avx f16c rdrand lahf_lm abm ida arat epb pln pts dtherm tpr_shadow vnmi flexpriority ept vpid fsgsbase tsc_adjust bmi1 avx2 smep bmi2 erms invpcid cqm xsaveopt cqm_llc cqm_occup_llc
bogomips	: 4598.36
clflush size	: 64
cache_alignment	: 64
address sizes	: 46 bits physical, 48 bits virtual
power management:

processor	: 24
vendor_id	: GenuineIntel
cpu family	: 6
model		: 63
model name	: Intel(R) Xeon(R) CPU E5-2650 v3 @ 2.30GHz
stepping	: 2
microcode	: 0x38
cpu MHz		: 1200.222
cache size	: 25600 KB
physical id	: 0
siblings	: 20
core id		: 2
cpu cores	: 10
apicid		: 5
initial apicid	: 5
fpu		: yes
fpu_exception	: yes
cpuid level	: 15
wp		: yes
flags		: fpu vme de pse tsc msr pae mce cx8 apic sep mtrr pge mca cmov pat pse36 clflush dts acpi mmx fxsr sse sse2 ss ht tm pbe syscall nx pdpe1gb rdtscp lm constant_tsc arch_perfmon pebs bts rep_good nopl xtopology nonstop_tsc aperfmperf eagerfpu pni pclmulqdq dtes64 monitor ds_cpl vmx smx est tm2 ssse3 fma cx16 xtpr pdcm pcid dca sse4_1 sse4_2 x2apic movbe popcnt tsc_deadline_timer aes xsave avx f16c rdrand lahf_lm abm ida arat epb pln pts dtherm tpr_shadow vnmi flexpriority ept vpid fsgsbase tsc_adjust bmi1 avx2 smep bmi2 erms invpcid cqm xsaveopt cqm_llc cqm_occup_llc
bogomips	: 4594.72
clflush size	: 64
cache_alignment	: 64
address sizes	: 46 bits physical, 48 bits virtual
power management:

processor	: 25
vendor_id	: GenuineIntel
cpu family	: 6
model		: 63
model name	: Intel(R) Xeon(R) CPU E5-2650 v3 @ 2.30GHz
stepping	: 2
microcode	: 0x38
cpu MHz		: 2253.101
cache size	: 25600 KB
physical id	: 1
siblings	: 20
core id		: 2
cpu cores	: 10
apicid		: 37
initial apicid	: 37
fpu		: yes
fpu_exception	: yes
cpuid level	: 15
wp		: yes
flags		: fpu vme de pse tsc msr pae mce cx8 apic sep mtrr pge mca cmov pat pse36 clflush dts acpi mmx fxsr sse sse2 ss ht tm pbe syscall nx pdpe1gb rdtscp lm constant_tsc arch_perfmon pebs bts rep_good nopl xtopology nonstop_tsc aperfmperf eagerfpu pni pclmulqdq dtes64 monitor ds_cpl vmx smx est tm2 ssse3 fma cx16 xtpr pdcm pcid dca sse4_1 sse4_2 x2apic movbe popcnt tsc_deadline_timer aes xsave avx f16c rdrand lahf_lm abm ida arat epb pln pts dtherm tpr_shadow vnmi flexpriority ept vpid fsgsbase tsc_adjust bmi1 avx2 smep bmi2 erms invpcid cqm xsaveopt cqm_llc cqm_occup_llc
bogomips	: 4598.36
clflush size	: 64
cache_alignment	: 64
address sizes	: 46 bits physical, 48 bits virtual
power management:

processor	: 26
vendor_id	: GenuineIntel
cpu family	: 6
model		: 63
model name	: Intel(R) Xeon(R) CPU E5-2650 v3 @ 2.30GHz
stepping	: 2
microcode	: 0x38
cpu MHz		: 2909.589
cache size	: 25600 KB
physical id	: 0
siblings	: 20
core id		: 3
cpu cores	: 10
apicid		: 7
initial apicid	: 7
fpu		: yes
fpu_exception	: yes
cpuid level	: 15
wp		: yes
flags		: fpu vme de pse tsc msr pae mce cx8 apic sep mtrr pge mca cmov pat pse36 clflush dts acpi mmx fxsr sse sse2 ss ht tm pbe syscall nx pdpe1gb rdtscp lm constant_tsc arch_perfmon pebs bts rep_good nopl xtopology nonstop_tsc aperfmperf eagerfpu pni pclmulqdq dtes64 monitor ds_cpl vmx smx est tm2 ssse3 fma cx16 xtpr pdcm pcid dca sse4_1 sse4_2 x2apic movbe popcnt tsc_deadline_timer aes xsave avx f16c rdrand lahf_lm abm ida arat epb pln pts dtherm tpr_shadow vnmi flexpriority ept vpid fsgsbase tsc_adjust bmi1 avx2 smep bmi2 erms invpcid cqm xsaveopt cqm_llc cqm_occup_llc
bogomips	: 4594.72
clflush size	: 64
cache_alignment	: 64
address sizes	: 46 bits physical, 48 bits virtual
power management:

processor	: 27
vendor_id	: GenuineIntel
cpu family	: 6
model		: 63
model name	: Intel(R) Xeon(R) CPU E5-2650 v3 @ 2.30GHz
stepping	: 2
microcode	: 0x38
cpu MHz		: 2599.988
cache size	: 25600 KB
physical id	: 1
siblings	: 20
core id		: 3
cpu cores	: 10
apicid		: 39
initial apicid	: 39
fpu		: yes
fpu_exception	: yes
cpuid level	: 15
wp		: yes
flags		: fpu vme de pse tsc msr pae mce cx8 apic sep mtrr pge mca cmov pat pse36 clflush dts acpi mmx fxsr sse sse2 ss ht tm pbe syscall nx pdpe1gb rdtscp lm constant_tsc arch_perfmon pebs bts rep_good nopl xtopology nonstop_tsc aperfmperf eagerfpu pni pclmulqdq dtes64 monitor ds_cpl vmx smx est tm2 ssse3 fma cx16 xtpr pdcm pcid dca sse4_1 sse4_2 x2apic movbe popcnt tsc_deadline_timer aes xsave avx f16c rdrand lahf_lm abm ida arat epb pln pts dtherm tpr_shadow vnmi flexpriority ept vpid fsgsbase tsc_adjust bmi1 avx2 smep bmi2 erms invpcid cqm xsaveopt cqm_llc cqm_occup_llc
bogomips	: 4598.36
clflush size	: 64
cache_alignment	: 64
address sizes	: 46 bits physical, 48 bits virtual
power management:

processor	: 28
vendor_id	: GenuineIntel
cpu family	: 6
model		: 63
model name	: Intel(R) Xeon(R) CPU E5-2650 v3 @ 2.30GHz
stepping	: 2
microcode	: 0x38
cpu MHz		: 1218.730
cache size	: 25600 KB
physical id	: 0
siblings	: 20
core id		: 4
cpu cores	: 10
apicid		: 9
initial apicid	: 9
fpu		: yes
fpu_exception	: yes
cpuid level	: 15
wp		: yes
flags		: fpu vme de pse tsc msr pae mce cx8 apic sep mtrr pge mca cmov pat pse36 clflush dts acpi mmx fxsr sse sse2 ss ht tm pbe syscall nx pdpe1gb rdtscp lm constant_tsc arch_perfmon pebs bts rep_good nopl xtopology nonstop_tsc aperfmperf eagerfpu pni pclmulqdq dtes64 monitor ds_cpl vmx smx est tm2 ssse3 fma cx16 xtpr pdcm pcid dca sse4_1 sse4_2 x2apic movbe popcnt tsc_deadline_timer aes xsave avx f16c rdrand lahf_lm abm ida arat epb pln pts dtherm tpr_shadow vnmi flexpriority ept vpid fsgsbase tsc_adjust bmi1 avx2 smep bmi2 erms invpcid cqm xsaveopt cqm_llc cqm_occup_llc
bogomips	: 4594.72
clflush size	: 64
cache_alignment	: 64
address sizes	: 46 bits physical, 48 bits virtual
power management:

processor	: 29
vendor_id	: GenuineIntel
cpu family	: 6
model		: 63
model name	: Intel(R) Xeon(R) CPU E5-2650 v3 @ 2.30GHz
stepping	: 2
microcode	: 0x38
cpu MHz		: 1201.570
cache size	: 25600 KB
physical id	: 1
siblings	: 20
core id		: 4
cpu cores	: 10
apicid		: 41
initial apicid	: 41
fpu		: yes
fpu_exception	: yes
cpuid level	: 15
wp		: yes
flags		: fpu vme de pse tsc msr pae mce cx8 apic sep mtrr pge mca cmov pat pse36 clflush dts acpi mmx fxsr sse sse2 ss ht tm pbe syscall nx pdpe1gb rdtscp lm constant_tsc arch_perfmon pebs bts rep_good nopl xtopology nonstop_tsc aperfmperf eagerfpu pni pclmulqdq dtes64 monitor ds_cpl vmx smx est tm2 ssse3 fma cx16 xtpr pdcm pcid dca sse4_1 sse4_2 x2apic movbe popcnt tsc_deadline_timer aes xsave avx f16c rdrand lahf_lm abm ida arat epb pln pts dtherm tpr_shadow vnmi flexpriority ept vpid fsgsbase tsc_adjust bmi1 avx2 smep bmi2 erms invpcid cqm xsaveopt cqm_llc cqm_occup_llc
bogomips	: 4598.36
clflush size	: 64
cache_alignment	: 64
address sizes	: 46 bits physical, 48 bits virtual
power management:

processor	: 30
vendor_id	: GenuineIntel
cpu family	: 6
model		: 63
model name	: Intel(R) Xeon(R) CPU E5-2650 v3 @ 2.30GHz
stepping	: 2
microcode	: 0x38
cpu MHz		: 1712.332
cache size	: 25600 KB
physical id	: 0
siblings	: 20
core id		: 8
cpu cores	: 10
apicid		: 17
initial apicid	: 17
fpu		: yes
fpu_exception	: yes
cpuid level	: 15
wp		: yes
flags		: fpu vme de pse tsc msr pae mce cx8 apic sep mtrr pge mca cmov pat pse36 clflush dts acpi mmx fxsr sse sse2 ss ht tm pbe syscall nx pdpe1gb rdtscp lm constant_tsc arch_perfmon pebs bts rep_good nopl xtopology nonstop_tsc aperfmperf eagerfpu pni pclmulqdq dtes64 monitor ds_cpl vmx smx est tm2 ssse3 fma cx16 xtpr pdcm pcid dca sse4_1 sse4_2 x2apic movbe popcnt tsc_deadline_timer aes xsave avx f16c rdrand lahf_lm abm ida arat epb pln pts dtherm tpr_shadow vnmi flexpriority ept vpid fsgsbase tsc_adjust bmi1 avx2 smep bmi2 erms invpcid cqm xsaveopt cqm_llc cqm_occup_llc
bogomips	: 4594.72
clflush size	: 64
cache_alignment	: 64
address sizes	: 46 bits physical, 48 bits virtual
power management:

processor	: 31
vendor_id	: GenuineIntel
cpu family	: 6
model		: 63
model name	: Intel(R) Xeon(R) CPU E5-2650 v3 @ 2.30GHz
stepping	: 2
microcode	: 0x38
cpu MHz		: 2599.988
cache size	: 25600 KB
physical id	: 1
siblings	: 20
core id		: 8
cpu cores	: 10
apicid		: 49
initial apicid	: 49
fpu		: yes
fpu_exception	: yes
cpuid level	: 15
wp		: yes
flags		: fpu vme de pse tsc msr pae mce cx8 apic sep mtrr pge mca cmov pat pse36 clflush dts acpi mmx fxsr sse sse2 ss ht tm pbe syscall nx pdpe1gb rdtscp lm constant_tsc arch_perfmon pebs bts rep_good nopl xtopology nonstop_tsc aperfmperf eagerfpu pni pclmulqdq dtes64 monitor ds_cpl vmx smx est tm2 ssse3 fma cx16 xtpr pdcm pcid dca sse4_1 sse4_2 x2apic movbe popcnt tsc_deadline_timer aes xsave avx f16c rdrand lahf_lm abm ida arat epb pln pts dtherm tpr_shadow vnmi flexpriority ept vpid fsgsbase tsc_adjust bmi1 avx2 smep bmi2 erms invpcid cqm xsaveopt cqm_llc cqm_occup_llc
bogomips	: 4598.36
clflush size	: 64
cache_alignment	: 64
address sizes	: 46 bits physical, 48 bits virtual
power management:

processor	: 32
vendor_id	: GenuineIntel
cpu family	: 6
model		: 63
model name	: Intel(R) Xeon(R) CPU E5-2650 v3 @ 2.30GHz
stepping	: 2
microcode	: 0x38
cpu MHz		: 1200.132
cache size	: 25600 KB
physical id	: 0
siblings	: 20
core id		: 9
cpu cores	: 10
apicid		: 19
initial apicid	: 19
fpu		: yes
fpu_exception	: yes
cpuid level	: 15
wp		: yes
flags		: fpu vme de pse tsc msr pae mce cx8 apic sep mtrr pge mca cmov pat pse36 clflush dts acpi mmx fxsr sse sse2 ss ht tm pbe syscall nx pdpe1gb rdtscp lm constant_tsc arch_perfmon pebs bts rep_good nopl xtopology nonstop_tsc aperfmperf eagerfpu pni pclmulqdq dtes64 monitor ds_cpl vmx smx est tm2 ssse3 fma cx16 xtpr pdcm pcid dca sse4_1 sse4_2 x2apic movbe popcnt tsc_deadline_timer aes xsave avx f16c rdrand lahf_lm abm ida arat epb pln pts dtherm tpr_shadow vnmi flexpriority ept vpid fsgsbase tsc_adjust bmi1 avx2 smep bmi2 erms invpcid cqm xsaveopt cqm_llc cqm_occup_llc
bogomips	: 4594.72
clflush size	: 64
cache_alignment	: 64
address sizes	: 46 bits physical, 48 bits virtual
power management:

processor	: 33
vendor_id	: GenuineIntel
cpu family	: 6
model		: 63
model name	: Intel(R) Xeon(R) CPU E5-2650 v3 @ 2.30GHz
stepping	: 2
microcode	: 0x38
cpu MHz		: 1275.601
cache size	: 25600 KB
physical id	: 1
siblings	: 20
core id		: 9
cpu cores	: 10
apicid		: 51
initial apicid	: 51
fpu		: yes
fpu_exception	: yes
cpuid level	: 15
wp		: yes
flags		: fpu vme de pse tsc msr pae mce cx8 apic sep mtrr pge mca cmov pat pse36 clflush dts acpi mmx fxsr sse sse2 ss ht tm pbe syscall nx pdpe1gb rdtscp lm constant_tsc arch_perfmon pebs bts rep_good nopl xtopology nonstop_tsc aperfmperf eagerfpu pni pclmulqdq dtes64 monitor ds_cpl vmx smx est tm2 ssse3 fma cx16 xtpr pdcm pcid dca sse4_1 sse4_2 x2apic movbe popcnt tsc_deadline_timer aes xsave avx f16c rdrand lahf_lm abm ida arat epb pln pts dtherm tpr_shadow vnmi flexpriority ept vpid fsgsbase tsc_adjust bmi1 avx2 smep bmi2 erms invpcid cqm xsaveopt cqm_llc cqm_occup_llc
bogomips	: 4598.36
clflush size	: 64
cache_alignment	: 64
address sizes	: 46 bits physical, 48 bits virtual
power management:

processor	: 34
vendor_id	: GenuineIntel
cpu family	: 6
model		: 63
model name	: Intel(R) Xeon(R) CPU E5-2650 v3 @ 2.30GHz
stepping	: 2
microcode	: 0x38
cpu MHz		: 1200.222
cache size	: 25600 KB
physical id	: 0
siblings	: 20
core id		: 10
cpu cores	: 10
apicid		: 21
initial apicid	: 21
fpu		: yes
fpu_exception	: yes
cpuid level	: 15
wp		: yes
flags		: fpu vme de pse tsc msr pae mce cx8 apic sep mtrr pge mca cmov pat pse36 clflush dts acpi mmx fxsr sse sse2 ss ht tm pbe syscall nx pdpe1gb rdtscp lm constant_tsc arch_perfmon pebs bts rep_good nopl xtopology nonstop_tsc aperfmperf eagerfpu pni pclmulqdq dtes64 monitor ds_cpl vmx smx est tm2 ssse3 fma cx16 xtpr pdcm pcid dca sse4_1 sse4_2 x2apic movbe popcnt tsc_deadline_timer aes xsave avx f16c rdrand lahf_lm abm ida arat epb pln pts dtherm tpr_shadow vnmi flexpriority ept vpid fsgsbase tsc_adjust bmi1 avx2 smep bmi2 erms invpcid cqm xsaveopt cqm_llc cqm_occup_llc
bogomips	: 4594.72
clflush size	: 64
cache_alignment	: 64
address sizes	: 46 bits physical, 48 bits virtual
power management:

processor	: 35
vendor_id	: GenuineIntel
cpu family	: 6
model		: 63
model name	: Intel(R) Xeon(R) CPU E5-2650 v3 @ 2.30GHz
stepping	: 2
microcode	: 0x38
cpu MHz		: 2599.898
cache size	: 25600 KB
physical id	: 1
siblings	: 20
core id		: 10
cpu cores	: 10
apicid		: 53
initial apicid	: 53
fpu		: yes
fpu_exception	: yes
cpuid level	: 15
wp		: yes
flags		: fpu vme de pse tsc msr pae mce cx8 apic sep mtrr pge mca cmov pat pse36 clflush dts acpi mmx fxsr sse sse2 ss ht tm pbe syscall nx pdpe1gb rdtscp lm constant_tsc arch_perfmon pebs bts rep_good nopl xtopology nonstop_tsc aperfmperf eagerfpu pni pclmulqdq dtes64 monitor ds_cpl vmx smx est tm2 ssse3 fma cx16 xtpr pdcm pcid dca sse4_1 sse4_2 x2apic movbe popcnt tsc_deadline_timer aes xsave avx f16c rdrand lahf_lm abm ida arat epb pln pts dtherm tpr_shadow vnmi flexpriority ept vpid fsgsbase tsc_adjust bmi1 avx2 smep bmi2 erms invpcid cqm xsaveopt cqm_llc cqm_occup_llc
bogomips	: 4598.36
clflush size	: 64
cache_alignment	: 64
address sizes	: 46 bits physical, 48 bits virtual
power management:

processor	: 36
vendor_id	: GenuineIntel
cpu family	: 6
model		: 63
model name	: Intel(R) Xeon(R) CPU E5-2650 v3 @ 2.30GHz
stepping	: 2
microcode	: 0x38
cpu MHz		: 1382.335
cache size	: 25600 KB
physical id	: 0
siblings	: 20
core id		: 11
cpu cores	: 10
apicid		: 23
initial apicid	: 23
fpu		: yes
fpu_exception	: yes
cpuid level	: 15
wp		: yes
flags		: fpu vme de pse tsc msr pae mce cx8 apic sep mtrr pge mca cmov pat pse36 clflush dts acpi mmx fxsr sse sse2 ss ht tm pbe syscall nx pdpe1gb rdtscp lm constant_tsc arch_perfmon pebs bts rep_good nopl xtopology nonstop_tsc aperfmperf eagerfpu pni pclmulqdq dtes64 monitor ds_cpl vmx smx est tm2 ssse3 fma cx16 xtpr pdcm pcid dca sse4_1 sse4_2 x2apic movbe popcnt tsc_deadline_timer aes xsave avx f16c rdrand lahf_lm abm ida arat epb pln pts dtherm tpr_shadow vnmi flexpriority ept vpid fsgsbase tsc_adjust bmi1 avx2 smep bmi2 erms invpcid cqm xsaveopt cqm_llc cqm_occup_llc
bogomips	: 4594.72
clflush size	: 64
cache_alignment	: 64
address sizes	: 46 bits physical, 48 bits virtual
power management:

processor	: 37
vendor_id	: GenuineIntel
cpu family	: 6
model		: 63
model name	: Intel(R) Xeon(R) CPU E5-2650 v3 @ 2.30GHz
stepping	: 2
microcode	: 0x38
cpu MHz		: 1519.617
cache size	: 25600 KB
physical id	: 1
siblings	: 20
core id		: 11
cpu cores	: 10
apicid		: 55
initial apicid	: 55
fpu		: yes
fpu_exception	: yes
cpuid level	: 15
wp		: yes
flags		: fpu vme de pse tsc msr pae mce cx8 apic sep mtrr pge mca cmov pat pse36 clflush dts acpi mmx fxsr sse sse2 ss ht tm pbe syscall nx pdpe1gb rdtscp lm constant_tsc arch_perfmon pebs bts rep_good nopl xtopology nonstop_tsc aperfmperf eagerfpu pni pclmulqdq dtes64 monitor ds_cpl vmx smx est tm2 ssse3 fma cx16 xtpr pdcm pcid dca sse4_1 sse4_2 x2apic movbe popcnt tsc_deadline_timer aes xsave avx f16c rdrand lahf_lm abm ida arat epb pln pts dtherm tpr_shadow vnmi flexpriority ept vpid fsgsbase tsc_adjust bmi1 avx2 smep bmi2 erms invpcid cqm xsaveopt cqm_llc cqm_occup_llc
bogomips	: 4598.36
clflush size	: 64
cache_alignment	: 64
address sizes	: 46 bits physical, 48 bits virtual
power management:

processor	: 38
vendor_id	: GenuineIntel
cpu family	: 6
model		: 63
model name	: Intel(R) Xeon(R) CPU E5-2650 v3 @ 2.30GHz
stepping	: 2
microcode	: 0x38
cpu MHz		: 1239.214
cache size	: 25600 KB
physical id	: 0
siblings	: 20
core id		: 12
cpu cores	: 10
apicid		: 25
initial apicid	: 25
fpu		: yes
fpu_exception	: yes
cpuid level	: 15
wp		: yes
flags		: fpu vme de pse tsc msr pae mce cx8 apic sep mtrr pge mca cmov pat pse36 clflush dts acpi mmx fxsr sse sse2 ss ht tm pbe syscall nx pdpe1gb rdtscp lm constant_tsc arch_perfmon pebs bts rep_good nopl xtopology nonstop_tsc aperfmperf eagerfpu pni pclmulqdq dtes64 monitor ds_cpl vmx smx est tm2 ssse3 fma cx16 xtpr pdcm pcid dca sse4_1 sse4_2 x2apic movbe popcnt tsc_deadline_timer aes xsave avx f16c rdrand lahf_lm abm ida arat epb pln pts dtherm tpr_shadow vnmi flexpriority ept vpid fsgsbase tsc_adjust bmi1 avx2 smep bmi2 erms invpcid cqm xsaveopt cqm_llc cqm_occup_llc
bogomips	: 4594.72
clflush size	: 64
cache_alignment	: 64
address sizes	: 46 bits physical, 48 bits virtual
power management:

processor	: 39
vendor_id	: GenuineIntel
cpu family	: 6
model		: 63
model name	: Intel(R) Xeon(R) CPU E5-2650 v3 @ 2.30GHz
stepping	: 2
microcode	: 0x38
cpu MHz		: 1243.886
cache size	: 25600 KB
physical id	: 1
siblings	: 20
core id		: 12
cpu cores	: 10
apicid		: 57
initial apicid	: 57
fpu		: yes
fpu_exception	: yes
cpuid level	: 15
wp		: yes
flags		: fpu vme de pse tsc msr pae mce cx8 apic sep mtrr pge mca cmov pat pse36 clflush dts acpi mmx fxsr sse sse2 ss ht tm pbe syscall nx pdpe1gb rdtscp lm constant_tsc arch_perfmon pebs bts rep_good nopl xtopology nonstop_tsc aperfmperf eagerfpu pni pclmulqdq dtes64 monitor ds_cpl vmx smx est tm2 ssse3 fma cx16 xtpr pdcm pcid dca sse4_1 sse4_2 x2apic movbe popcnt tsc_deadline_timer aes xsave avx f16c rdrand lahf_lm abm ida arat epb pln pts dtherm tpr_shadow vnmi flexpriority ept vpid fsgsbase tsc_adjust bmi1 avx2 smep bmi2 erms invpcid cqm xsaveopt cqm_llc cqm_occup_llc
bogomips	: 4598.36
clflush size	: 64
cache_alignment	: 64
address sizes	: 46 bits physical, 48 bits virtual
power management:



Memory: 4k page, physical 32659268k(193792k free), swap 2559996k(0k free)

vm_info: OpenJDK 64-Bit Server VM (25.111-b15) for linux-amd64 JRE (1.8.0_111-b15), built on Oct 19 2016 15:38:36 by "mockbuild" with gcc 4.8.5 20150623 (Red Hat 4.8.5-4)

time: Tue May 30 09:14:21 2017
elapsed time: 4 seconds (0d 0h 0m 4s)

